
==========oOOOo===========================================oOOOo==========
=  HqFpga(TM) 版本2.14.4 (Winter 2023) Build 021824
=  SEALION系列FPGA开发软件
=  西安智多晶微电子有限公司 (isilicontech.com)             _@)
 _________________________________________________________/ (
<_________________________________________________________  {}@8@@8@(*)
                                                          \_(
=  版权所有 (c) 2020-2025 XiST 智多晶                      @)
=  保留一切权利.
=========================================================================
Info: 加载器件信息(SA5Z-30-D1-8U213C)....
Info:   加载功能信息....
Info:   加载时序信息....
Info:   加载物理信息....
Info: 器件加载成功.

#=============oOOOo================oOOOo=============
# 设计分析
#====================================================
Info: 分析verilog文件D:\fpga\AC208-SA5Z30-CM3\workspace\deskClock\fpga\ahb_epwm.v.
Info: 分析verilog文件D:\fpga\AC208-SA5Z30-CM3\workspace\deskClock\fpga\ahb_lcd8080.v.
Info: 分析verilog文件D:\fpga\AC208-SA5Z30-CM3\workspace\deskClock\fpga\ahb_null.v.
Info: 分析verilog文件D:\fpga\AC208-SA5Z30-CM3\workspace\deskClock\fpga\ahb_seg7x8.v.
Info: 分析verilog文件D:\fpga\AC208-SA5Z30-CM3\workspace\deskClock\fpga\ahb_sram.v.
Info: 分析verilog文件D:\fpga\AC208-SA5Z30-CM3\workspace\deskClock\fpga\ahb_uart.v.
Info: 分析verilog文件D:\fpga\AC208-SA5Z30-CM3\workspace\deskClock\fpga\AHBlite_Decoder.v.
Info: 分析verilog文件D:\fpga\AC208-SA5Z30-CM3\workspace\deskClock\fpga\AHBlite_Interconnect.v.
Info: 分析verilog文件D:\fpga\AC208-SA5Z30-CM3\workspace\deskClock\fpga\AHBlite_SlaveMUX.v.
Info: 分析verilog文件D:\fpga\AC208-SA5Z30-CM3\workspace\deskClock\fpga\led_wf.v.
Info: 分析verilog文件D:\fpga\AC208-SA5Z30-CM3\workspace\deskClock\fpga\top.v.
Info: 分析verilog文件D:\fpga\AC208-SA5Z30-CM3\workspace\deskClock\fpga\sa5z30fpga\ipcore_dir\PLL_FREQ\xsIP_PLL_FREQ.v.
####
Info: 设计分析执行时间 : 0 秒.
####

#=============oOOOo================oOOOo=============
# 寄存器传输级综合(RTL Synthesis)
#====================================================
Info: D:\fpga\AC208-SA5Z30-CM3\workspace\deskClock\fpga\ahb_seg7x8.v(227), 识别一个ROM mem, 深度=32, 宽度=8.
Info: D:\fpga\AC208-SA5Z30-CM3\workspace\deskClock\fpga\ahb_sram.v(373), 优化FSM.
Info:      状态寄存器 : reg_bstate_reg.
Info:        状态编码 : AUTO.
Info:    优化前状态数 : 6.
Info:    优化后状态数 : 6.
Info: D:\fpga\AC208-SA5Z30-CM3\workspace\deskClock\fpga\ahb_sram.v(719), 优化FSM.
Info:      状态寄存器 : reg_mstate_reg.
Info:        状态编码 : AUTO.
Info:    优化前状态数 : 5.
Info:    优化后状态数 : 5.
Info: 开始MUX优化.
Info: 完成MUX优化.
Info: 设计顶层模块设置为 "top".
Info: 开始逻辑优化.
Info:     Total number of literals before LO: 11795.
Info:   正在优化 view : top.
Info:     逻辑优化前literals数 : 8246.
Info:     LO 循环 1 : literal数 从 8246 到 5361.
Info:     逻辑优化后literals数 : 5361.
Info: 将 FF ahb_uart1/TX_shift_reg_reg[10] 变换为 ONE ，原因：constant data input.
Info: 将 FF seg_inst/refresh_segnum_reg_reg[3] 变换为 ZERO ，原因：it having AND feedback.
Info: 将 FF ahb_sram1/reg_bstate_reg_1 变换为 ONE ，原因：it having OR feedback.
Info: 将 FF ahb_uart1/TX_shift_reg_reg[9] 变换为 ONE ，原因：constant data input.
Info: 将 FF ahb_sram1/reg_bstate_reg_0 变换为 ZERO ，原因：it having AND feedback.
Info: 将 FF ahb_sram1/reg_lb_mux_reg[0] 变换为 ZERO ，原因：it having AND feedback.
Info: 将 FF ahb_sram1/reg_mcount_reg[2] 变换为 ZERO ，原因：it having AND feedback.
Info: Degraded fragmented CE control logic for 16 DFFs.
Info: Degraded fragmented SET/RESET control logic for 2 DFFs.
Info: Degraded fragmented control logic for 17 DFFs, totally
Info: 完成逻辑优化.
####
Info: RTL综合执行时间 : 3 秒.
####

#=============oOOOo================oOOOo=============
# 时序驱动优化与映射
#====================================================
Info: 开始时序驱动优化.
Info:   未发现时序约束，跳过本优化.
Info: 完成时序驱动优化.
Info: 插入了 78 个输入/输出单元.
Info: 开始工艺映射.
Info:   网表预处理....
Info:   计算锥(Cone)....
Info:   计算覆盖(Cover)....
Info:   生成LUT网表..
Info:   网表后处理....
Info: Decomposed 1 wide-input NAND gate(s)
Info: Decomposed 2 wide-input NOR gate(s)
Info: Decomposed 10 wide-input AND gate(s)
Info: Decomposed 2 wide-input OR gate(s)
Info: 完成工艺映射.
Info: 开始网表校正.
Info: 完成网表校正.
####
Info: 时序驱动优化及映射执行时间 : 0 秒.
####
Info: 自动添加约束: create_generated_clock {PLL_inst1/PLLInst_0/CLKOP} -source {PLL_inst1/PLLInst_0/CLKI} -multiply_by 32 -divide_by 8.
Info: 自动添加约束: create_generated_clock {PLL_inst1/PLLInst_0/CLKOS} -source {PLL_inst1/PLLInst_0/CLKI} -multiply_by 32 -divide_by 16.
Info: 输出网表报告到文件D:\fpga\AC208-SA5Z30-CM3\workspace\deskClock\fpga\sa5z30fpga\hq_run\top_import.rpt中.

#########################################################################
#
# 最大时钟频率(FMAX)报告
#
#########################################################################
#
# 注意: FMAX 的计算仅针对在同一时钟域内的寄存器到寄存器路径，
# 多周期路径、跨时钟域路径(包括主时钟及其生成时钟之间的路径)都将
# 被忽略。对于一个时钟及其反向时钟之间的路径， FMAX的计算通过按
# 频宽比(duty cycle)等比例扩展路径延迟得到。例如，假设有一
# 条路径的起点由时钟上升沿驱动而终点由同一时钟的下降沿驱动，
# 如果该时钟的频宽比为50，则计算FMAX时，路径延迟将乘以2(即
# 除以50%)。
#


# ***********************************************************************
# 时钟         : seg_inst/clk_DRV_reg/Q
# 最小时钟周期 : 1769 ps
# ***********************************************************************

********************
* 路径 1
********************
起点     : seg_inst/HC595_CLK_CNT_reg[1]/Q [激发时钟: seg_inst/clk_DRV_reg/Q, 上升沿1]
终点     : seg_inst/HC595_CLK_CNT_reg[7]/D [捕获时钟: seg_inst/clk_DRV_reg/Q, 上升沿2] 

数据产生路径
====================================================================================================================
|               节点               |     单元     | 延迟 |     类型      | 位置 |           连线            | 扇出 |
====================================================================================================================
| CLOCK'seg_inst/clk_DRV_reg/Q     |     N/A      |    0 |               |      | N/A                       |      |
| seg_inst/clk_DRV_reg/Q           | xsDFFSA_K1C1 |    0 | clock_latency |      | seg_inst/clk_DRV          | 31   |
| seg_inst/HC595_CLK_CNT_reg[1]/C  | xsDFFSA_K1C1 |    0 |      net      |      | seg_inst/clk_DRV          |      |
| --                               |      --      |   -- |      --       | --   | --                        | --   |
| seg_inst/HC595_CLK_CNT_reg[1]/Q  | xsDFFSA_K1C1 |  347 |  rising_edge  |      | seg_inst/HC595_CLK_CNT[1] | 3    |
| seg_inst/_i_54/bitAdd_1/muxcy/S  |   xsMUXCY    |    0 |      net      |      | seg_inst/HC595_CLK_CNT[1] |      |
| seg_inst/_i_54/bitAdd_1/muxcy/O  |   xsMUXCY    |  261 |     cell      |      | seg_inst/_i_54/_n_1       | 2    |
| seg_inst/_i_54/bitAdd_2/muxcy/CI |   xsMUXCY    |    0 |      net      |      | seg_inst/_i_54/_n_1       |      |
| seg_inst/_i_54/bitAdd_2/muxcy/O  |   xsMUXCY    |  168 |     cell      |      | seg_inst/_i_54/_n_3       | 2    |
| seg_inst/_i_54/bitAdd_3/muxcy/CI |   xsMUXCY    |    0 |      net      |      | seg_inst/_i_54/_n_3       |      |
| seg_inst/_i_54/bitAdd_3/muxcy/O  |   xsMUXCY    |  168 |     cell      |      | seg_inst/_i_54/_n_5       | 2    |
| seg_inst/_i_54/bitAdd_4/muxcy/CI |   xsMUXCY    |    0 |      net      |      | seg_inst/_i_54/_n_5       |      |
| seg_inst/_i_54/bitAdd_4/muxcy/O  |   xsMUXCY    |  168 |     cell      |      | seg_inst/_i_54/_n_7       | 2    |
| seg_inst/_i_54/bitAdd_5/muxcy/CI |   xsMUXCY    |    0 |      net      |      | seg_inst/_i_54/_n_7       |      |
| seg_inst/_i_54/bitAdd_5/muxcy/O  |   xsMUXCY    |  168 |     cell      |      | seg_inst/_i_54/_n_9       | 2    |
| seg_inst/_i_54/bitAdd_6/muxcy/CI |   xsMUXCY    |    0 |      net      |      | seg_inst/_i_54/_n_9       |      |
| seg_inst/_i_54/bitAdd_6/muxcy/O  |   xsMUXCY    |  168 |     cell      |      | seg_inst/_i_54/_n_11      | 1    |
| seg_inst/_i_54/bitAdd_7/xorcy/CI |   xsXORCY    |    0 |      net      |      | seg_inst/_i_54/_n_11      |      |
| seg_inst/_i_54/bitAdd_7/xorcy/O  |   xsXORCY    |  263 |     cell      |      | seg_inst/n_766[7]         | 1    |
| seg_inst/_i_227/I2               |   xsLUTSA3   |    0 |      net      |      | seg_inst/n_766[7]         |      |
| seg_inst/_i_227/O                |   xsLUTSA3   |   81 |     cell      |      | seg_inst/n_718            | 1    |
| seg_inst/HC595_CLK_CNT_reg[7]/D  | xsDFFSA_K1C1 |    0 |      net      |      | seg_inst/n_718            |      |
====================================================================================================================
时钟路径延迟         = 0         
数据路径延迟         = 1792       (Tdatp)
     clock-to-q 延迟 = 347 
        总的单元延迟 = 1445 
        总的连线延迟 = 0 
        逻辑级数     = 8 

[数据捕获路径]
==========================================================================================================
|              节点               |     单元     | 延迟 |     类型      | 位置 |       连线       | 扇出 |
==========================================================================================================
| CLOCK'seg_inst/clk_DRV_reg/Q    |     N/A      |    0 |               |      | N/A              |      |
| seg_inst/clk_DRV_reg/Q          | xsDFFSA_K1C1 |    0 | clock_latency |      | seg_inst/clk_DRV | 31   |
| seg_inst/HC595_CLK_CNT_reg[7]/C | xsDFFSA_K1C1 |    0 |      net      |      | seg_inst/clk_DRV |      |
==========================================================================================================

时钟路径延迟         = 0         
    时钟偏差         = 0 (Tcksw)

[延迟计算]
======================================================================
总延迟 = Tdatap     + Tsu        - Tckpm      - Tcksw
       = 1792       + -23        - 0          - 0          
       = 1769
======================================================================
Tdatp -- 数据路径延迟 
Tsu   -- 库单元建立时间 
Tckpm -- 时钟悲观补偿 


# ***********************************************************************
# 时钟         : PLL_inst1/PLLInst_0/CLKOP
# 最小时钟周期 : 4127 ps
# ***********************************************************************

********************
* 路径 1
********************
起点     : ahb_epwm1/TBCNT_reg[1]/Q          [激发时钟: PLL_inst1/PLLInst_0/CLKOP, 上升沿1]
终点     : ahb_epwm1/CTRDOWN_reg0/Q_reg[0]/D [捕获时钟: PLL_inst1/PLLInst_0/CLKOP, 上升沿2] 

数据产生路径
============================================================================================================================================================
|                       节点                       |      单元      | 延迟 |      类型      | 位置 |                      连线                      | 扇出 |
============================================================================================================================================================
| CLOCK'clk_25M                                    |      N/A       |    0 |                |      | N/A                                            |      |
| clk_25M                                          |      top       |    0 | clock_latency  |      | clk_25M                                        | 1    |
| clk_25M_pad/I                                    |     xsIOBI     |    0 |      net       |      | clk_25M                                        |      |
| clk_25M_pad/O                                    |     xsIOBI     |  990 |      cell      |      | clk_25M_c                                      | 1    |
| PLL_inst1/PLLInst_0/CLKI                         |    xsPLLSA     |    0 |      net       |      | clk_25M_c                                      |      |
| --                                               |       --       |   -- |       --       | --   | --                                             | --   |
| CLOCK'PLL_inst1/PLLInst_0/CLKOP                  |      N/A       |    0 | tcst_gen_clock |      | N/A                                            |      |
| PLL_inst1/PLLInst_0/CLKOP                        |    xsPLLSA     |  990 | clock_latency  |      | AHB_USR_CLK                                    | 862  |
| ahb_epwm1/TBCNT_reg[1]/C                         | xsDFFSA_K1R1E1 |    0 |      net       |      | AHB_USR_CLK                                    |      |
| --                                               |       --       |   -- |       --       | --   | --                                             | --   |
| ahb_epwm1/TBCNT_reg[1]/Q                         | xsDFFSA_K1R1E1 |  347 |  rising_edge   |      | ahb_epwm1/TBCNT[1]                             | 14   |
| ahb_epwm1/_i_53/bitAdd_1/muxcy/S                 |    xsMUXCY     |    0 |      net       |      | ahb_epwm1/TBCNT[1]                             |      |
| ahb_epwm1/_i_53/bitAdd_1/muxcy/O                 |    xsMUXCY     |  261 |      cell      |      | ahb_epwm1/_i_53/_n_1                           | 2    |
| ahb_epwm1/_i_53/bitAdd_2/muxcy/CI                |    xsMUXCY     |    0 |      net       |      | ahb_epwm1/_i_53/_n_1                           |      |
| ahb_epwm1/_i_53/bitAdd_2/muxcy/O                 |    xsMUXCY     |  168 |      cell      |      | ahb_epwm1/_i_53/_n_3                           | 2    |
| ahb_epwm1/_i_53/bitAdd_3/muxcy/CI                |    xsMUXCY     |    0 |      net       |      | ahb_epwm1/_i_53/_n_3                           |      |
| ahb_epwm1/_i_53/bitAdd_3/muxcy/O                 |    xsMUXCY     |  168 |      cell      |      | ahb_epwm1/_i_53/_n_5                           | 2    |
| ahb_epwm1/_i_53/bitAdd_4/muxcy/CI                |    xsMUXCY     |    0 |      net       |      | ahb_epwm1/_i_53/_n_5                           |      |
| ahb_epwm1/_i_53/bitAdd_4/muxcy/O                 |    xsMUXCY     |  168 |      cell      |      | ahb_epwm1/_i_53/_n_7                           | 2    |
| ahb_epwm1/_i_53/bitAdd_5/muxcy/CI                |    xsMUXCY     |    0 |      net       |      | ahb_epwm1/_i_53/_n_7                           |      |
| ahb_epwm1/_i_53/bitAdd_5/muxcy/O                 |    xsMUXCY     |  168 |      cell      |      | ahb_epwm1/_i_53/_n_9                           | 2    |
| ahb_epwm1/_i_53/bitAdd_6/muxcy/CI                |    xsMUXCY     |    0 |      net       |      | ahb_epwm1/_i_53/_n_9                           |      |
| ahb_epwm1/_i_53/bitAdd_6/muxcy/O                 |    xsMUXCY     |  168 |      cell      |      | ahb_epwm1/_i_53/_n_11                          | 2    |
| ahb_epwm1/_i_53/bitAdd_7/muxcy/CI                |    xsMUXCY     |    0 |      net       |      | ahb_epwm1/_i_53/_n_11                          |      |
| ahb_epwm1/_i_53/bitAdd_7/muxcy/O                 |    xsMUXCY     |  168 |      cell      |      | ahb_epwm1/_i_53/_n_13                          | 2    |
| ahb_epwm1/_i_53/bitAdd_8/muxcy/CI                |    xsMUXCY     |    0 |      net       |      | ahb_epwm1/_i_53/_n_13                          |      |
| ahb_epwm1/_i_53/bitAdd_8/muxcy/O                 |    xsMUXCY     |  168 |      cell      |      | ahb_epwm1/_i_53/_n_15                          | 2    |
| ahb_epwm1/_i_53/bitAdd_9/muxcy/CI                |    xsMUXCY     |    0 |      net       |      | ahb_epwm1/_i_53/_n_15                          |      |
| ahb_epwm1/_i_53/bitAdd_9/muxcy/O                 |    xsMUXCY     |  168 |      cell      |      | ahb_epwm1/_i_53/_n_17                          | 2    |
| ahb_epwm1/_i_53/bitAdd_10/muxcy/CI               |    xsMUXCY     |    0 |      net       |      | ahb_epwm1/_i_53/_n_17                          |      |
| ahb_epwm1/_i_53/bitAdd_10/muxcy/O                |    xsMUXCY     |  168 |      cell      |      | ahb_epwm1/_i_53/_n_19                          | 2    |
| ahb_epwm1/_i_53/bitAdd_11/muxcy/CI               |    xsMUXCY     |    0 |      net       |      | ahb_epwm1/_i_53/_n_19                          |      |
| ahb_epwm1/_i_53/bitAdd_11/muxcy/O                |    xsMUXCY     |  168 |      cell      |      | ahb_epwm1/_i_53/_n_21                          | 2    |
| ahb_epwm1/_i_53/bitAdd_12/muxcy/CI               |    xsMUXCY     |    0 |      net       |      | ahb_epwm1/_i_53/_n_21                          |      |
| ahb_epwm1/_i_53/bitAdd_12/muxcy/O                |    xsMUXCY     |  168 |      cell      |      | ahb_epwm1/_i_53/_n_23                          | 2    |
| ahb_epwm1/_i_53/bitAdd_13/muxcy/CI               |    xsMUXCY     |    0 |      net       |      | ahb_epwm1/_i_53/_n_23                          |      |
| ahb_epwm1/_i_53/bitAdd_13/muxcy/O                |    xsMUXCY     |  168 |      cell      |      | ahb_epwm1/_i_53/_n_25                          | 2    |
| ahb_epwm1/_i_53/bitAdd_14/xorcy/CI               |    xsXORCY     |    0 |      net       |      | ahb_epwm1/_i_53/_n_25                          |      |
| ahb_epwm1/_i_53/bitAdd_14/xorcy/O                |    xsXORCY     |  263 |      cell      |      | ahb_epwm1/TBCNT_a1[14]                         | 2    |
| _i_172/I3                                        |    xsLUTSA4    |    0 |      net       |      | ahb_epwm1/TBCNT_a1[14]                         |      |
| _i_172/O                                         |    xsLUTSA4    |   81 |      cell      |      | _n_11384                                       | 1    |
| _i_173/S                                         |    xsMUXCY     |    0 |      net       |      | _n_11384                                       |      |
| _i_173/O                                         |    xsMUXCY     |  261 |      cell      |      | _n_11390                                       | 1    |
| _i_175/CI                                        |    xsMUXCY     |    0 |      net       |      | _n_11390                                       |      |
| _i_175/O                                         |    xsMUXCY     |  168 |      cell      |      | _n_11391                                       | 1    |
| _i_177/CI                                        |    xsMUXCY     |    0 |      net       |      | _n_11391                                       |      |
| _i_177/O                                         |    xsMUXCY     |  168 |      cell      |      | _n_11392                                       | 1    |
| _i_179/CI                                        |    xsMUXCY     |    0 |      net       |      | _n_11392                                       |      |
| _i_179/O                                         |    xsMUXCY     |  168 |      cell      |      | _n_11393                                       | 1    |
| _i_181/CI                                        |    xsMUXCY     |    0 |      net       |      | _n_11393                                       |      |
| _i_181/O                                         |    xsMUXCY     |  168 |      cell      |      | _n_11394                                       | 1    |
| _i_183/CI                                        |    xsMUXCY     |    0 |      net       |      | _n_11394                                       |      |
| _i_183/O                                         |    xsMUXCY     |  168 |      cell      |      | ahb_epwm1/n_1783                               | 1    |
| ahb_epwm1/CTRDOWN_reg0/Q_reg[0]_ctrlmux_iHQX0/I5 |    xsLUTSA6    |    0 |      net       |      | ahb_epwm1/n_1783                               |      |
| ahb_epwm1/CTRDOWN_reg0/Q_reg[0]_ctrlmux_iHQX0/O  |    xsLUTSA6    |   81 |      cell      |      | ahb_epwm1/CTRDOWN_reg0/Q_reg[0]_ctrl_din_nHQX0 | 1    |
| ahb_epwm1/CTRDOWN_reg0/Q_reg[0]/D                |   xsDFFSA_K1   |    0 |      net       |      | ahb_epwm1/CTRDOWN_reg0/Q_reg[0]_ctrl_din_nHQX0 |      |
============================================================================================================================================================
时钟路径延迟         = 990       
数据路径延迟         = 4150       (Tdatp)
     clock-to-q 延迟 = 347 
        总的单元延迟 = 3803 
        总的连线延迟 = 0 
        逻辑级数     = 22 

[数据捕获路径]
======================================================================================================
|               节点                |    单元    | 延迟 |      类型      | 位置 |    连线     | 扇出 |
======================================================================================================
| CLOCK'clk_25M                     |    N/A     |    0 |                |      | N/A         |      |
| clk_25M                           |    top     |    0 | clock_latency  |      | clk_25M     | 1    |
| clk_25M_pad/I                     |   xsIOBI   |    0 |      net       |      | clk_25M     |      |
| clk_25M_pad/O                     |   xsIOBI   |  990 |      cell      |      | clk_25M_c   | 1    |
| PLL_inst1/PLLInst_0/CLKI          |  xsPLLSA   |    0 |      net       |      | clk_25M_c   |      |
| --                                |     --     |   -- |       --       | --   | --          | --   |
| CLOCK'PLL_inst1/PLLInst_0/CLKOP   |    N/A     |    0 | tcst_gen_clock |      | N/A         |      |
| PLL_inst1/PLLInst_0/CLKOP         |  xsPLLSA   |  990 | clock_latency  |      | AHB_USR_CLK | 862  |
| ahb_epwm1/CTRDOWN_reg0/Q_reg[0]/C | xsDFFSA_K1 |    0 |      net       |      | AHB_USR_CLK |      |
======================================================================================================

时钟路径延迟         = 990       
    时钟偏差         = 0 (Tcksw)

[延迟计算]
======================================================================
总延迟 = Tdatap     + Tsu        - Tckpm      - Tcksw
       = 4150       + -23        - 0          - 0          
       = 4127
======================================================================
Tdatp -- 数据路径延迟 
Tsu   -- 库单元建立时间 
Tckpm -- 时钟悲观补偿 


# ***********************************************************************
# 时钟         : PLL_inst1/PLLInst_0/CLKOS
# 最小时钟周期 : 4625 ps
# ***********************************************************************

********************
* 路径 1
********************
起点     : led_wf_inst1/cnt_reg[1]/Q  [激发时钟: PLL_inst1/PLLInst_0/CLKOS, 上升沿1]
终点     : led_wf_inst1/cnt_reg[24]/D [捕获时钟: PLL_inst1/PLLInst_0/CLKOS, 上升沿2] 

数据产生路径
=======================================================================================================================
|                 节点                 |     单元     | 延迟 |      类型      | 位置 |          连线           | 扇出 |
=======================================================================================================================
| CLOCK'clk_25M                        |     N/A      |    0 |                |      | N/A                     |      |
| clk_25M                              |     top      |    0 | clock_latency  |      | clk_25M                 | 1    |
| clk_25M_pad/I                        |    xsIOBI    |    0 |      net       |      | clk_25M                 |      |
| clk_25M_pad/O                        |    xsIOBI    |  990 |      cell      |      | clk_25M_c               | 1    |
| PLL_inst1/PLLInst_0/CLKI             |   xsPLLSA    |    0 |      net       |      | clk_25M_c               |      |
| --                                   |      --      |   -- |       --       | --   | --                      | --   |
| CLOCK'PLL_inst1/PLLInst_0/CLKOS      |     N/A      |    0 | tcst_gen_clock |      | N/A                     |      |
| PLL_inst1/PLLInst_0/CLKOS            |   xsPLLSA    |  990 | clock_latency  |      | CLK_FPGA_SYS1           | 29   |
| led_wf_inst1/cnt_reg[1]/C            | xsDFFSA_K1C1 |    0 |      net       |      | CLK_FPGA_SYS1           |      |
| --                                   |      --      |   -- |       --       | --   | --                      | --   |
| led_wf_inst1/cnt_reg[1]/Q            | xsDFFSA_K1C1 |  347 |  rising_edge   |      | led_wf_inst1/cnt[1]     | 4    |
| led_wf_inst1/_i_6/bitAdd_1/muxcy/S   |   xsMUXCY    |    0 |      net       |      | led_wf_inst1/cnt[1]     |      |
| led_wf_inst1/_i_6/bitAdd_1/muxcy/O   |   xsMUXCY    |  261 |      cell      |      | led_wf_inst1/_i_6/_n_1  | 2    |
| led_wf_inst1/_i_6/bitAdd_2/muxcy/CI  |   xsMUXCY    |    0 |      net       |      | led_wf_inst1/_i_6/_n_1  |      |
| led_wf_inst1/_i_6/bitAdd_2/muxcy/O   |   xsMUXCY    |  168 |      cell      |      | led_wf_inst1/_i_6/_n_3  | 2    |
| led_wf_inst1/_i_6/bitAdd_3/muxcy/CI  |   xsMUXCY    |    0 |      net       |      | led_wf_inst1/_i_6/_n_3  |      |
| led_wf_inst1/_i_6/bitAdd_3/muxcy/O   |   xsMUXCY    |  168 |      cell      |      | led_wf_inst1/_i_6/_n_5  | 2    |
| led_wf_inst1/_i_6/bitAdd_4/muxcy/CI  |   xsMUXCY    |    0 |      net       |      | led_wf_inst1/_i_6/_n_5  |      |
| led_wf_inst1/_i_6/bitAdd_4/muxcy/O   |   xsMUXCY    |  168 |      cell      |      | led_wf_inst1/_i_6/_n_7  | 2    |
| led_wf_inst1/_i_6/bitAdd_5/muxcy/CI  |   xsMUXCY    |    0 |      net       |      | led_wf_inst1/_i_6/_n_7  |      |
| led_wf_inst1/_i_6/bitAdd_5/muxcy/O   |   xsMUXCY    |  168 |      cell      |      | led_wf_inst1/_i_6/_n_9  | 2    |
| led_wf_inst1/_i_6/bitAdd_6/muxcy/CI  |   xsMUXCY    |    0 |      net       |      | led_wf_inst1/_i_6/_n_9  |      |
| led_wf_inst1/_i_6/bitAdd_6/muxcy/O   |   xsMUXCY    |  168 |      cell      |      | led_wf_inst1/_i_6/_n_11 | 2    |
| led_wf_inst1/_i_6/bitAdd_7/muxcy/CI  |   xsMUXCY    |    0 |      net       |      | led_wf_inst1/_i_6/_n_11 |      |
| led_wf_inst1/_i_6/bitAdd_7/muxcy/O   |   xsMUXCY    |  168 |      cell      |      | led_wf_inst1/_i_6/_n_13 | 2    |
| led_wf_inst1/_i_6/bitAdd_8/muxcy/CI  |   xsMUXCY    |    0 |      net       |      | led_wf_inst1/_i_6/_n_13 |      |
| led_wf_inst1/_i_6/bitAdd_8/muxcy/O   |   xsMUXCY    |  168 |      cell      |      | led_wf_inst1/_i_6/_n_15 | 2    |
| led_wf_inst1/_i_6/bitAdd_9/muxcy/CI  |   xsMUXCY    |    0 |      net       |      | led_wf_inst1/_i_6/_n_15 |      |
| led_wf_inst1/_i_6/bitAdd_9/muxcy/O   |   xsMUXCY    |  168 |      cell      |      | led_wf_inst1/_i_6/_n_17 | 2    |
| led_wf_inst1/_i_6/bitAdd_10/muxcy/CI |   xsMUXCY    |    0 |      net       |      | led_wf_inst1/_i_6/_n_17 |      |
| led_wf_inst1/_i_6/bitAdd_10/muxcy/O  |   xsMUXCY    |  168 |      cell      |      | led_wf_inst1/_i_6/_n_19 | 2    |
| led_wf_inst1/_i_6/bitAdd_11/muxcy/CI |   xsMUXCY    |    0 |      net       |      | led_wf_inst1/_i_6/_n_19 |      |
| led_wf_inst1/_i_6/bitAdd_11/muxcy/O  |   xsMUXCY    |  168 |      cell      |      | led_wf_inst1/_i_6/_n_21 | 2    |
| led_wf_inst1/_i_6/bitAdd_12/muxcy/CI |   xsMUXCY    |    0 |      net       |      | led_wf_inst1/_i_6/_n_21 |      |
| led_wf_inst1/_i_6/bitAdd_12/muxcy/O  |   xsMUXCY    |  168 |      cell      |      | led_wf_inst1/_i_6/_n_23 | 2    |
| led_wf_inst1/_i_6/bitAdd_13/muxcy/CI |   xsMUXCY    |    0 |      net       |      | led_wf_inst1/_i_6/_n_23 |      |
| led_wf_inst1/_i_6/bitAdd_13/muxcy/O  |   xsMUXCY    |  168 |      cell      |      | led_wf_inst1/_i_6/_n_25 | 2    |
| led_wf_inst1/_i_6/bitAdd_14/muxcy/CI |   xsMUXCY    |    0 |      net       |      | led_wf_inst1/_i_6/_n_25 |      |
| led_wf_inst1/_i_6/bitAdd_14/muxcy/O  |   xsMUXCY    |  168 |      cell      |      | led_wf_inst1/_i_6/_n_27 | 2    |
| led_wf_inst1/_i_6/bitAdd_15/muxcy/CI |   xsMUXCY    |    0 |      net       |      | led_wf_inst1/_i_6/_n_27 |      |
| led_wf_inst1/_i_6/bitAdd_15/muxcy/O  |   xsMUXCY    |  168 |      cell      |      | led_wf_inst1/_i_6/_n_29 | 2    |
| led_wf_inst1/_i_6/bitAdd_16/muxcy/CI |   xsMUXCY    |    0 |      net       |      | led_wf_inst1/_i_6/_n_29 |      |
| led_wf_inst1/_i_6/bitAdd_16/muxcy/O  |   xsMUXCY    |  168 |      cell      |      | led_wf_inst1/_i_6/_n_31 | 2    |
| led_wf_inst1/_i_6/bitAdd_17/muxcy/CI |   xsMUXCY    |    0 |      net       |      | led_wf_inst1/_i_6/_n_31 |      |
| led_wf_inst1/_i_6/bitAdd_17/muxcy/O  |   xsMUXCY    |  168 |      cell      |      | led_wf_inst1/_i_6/_n_33 | 2    |
| led_wf_inst1/_i_6/bitAdd_18/muxcy/CI |   xsMUXCY    |    0 |      net       |      | led_wf_inst1/_i_6/_n_33 |      |
| led_wf_inst1/_i_6/bitAdd_18/muxcy/O  |   xsMUXCY    |  168 |      cell      |      | led_wf_inst1/_i_6/_n_35 | 2    |
| led_wf_inst1/_i_6/bitAdd_19/muxcy/CI |   xsMUXCY    |    0 |      net       |      | led_wf_inst1/_i_6/_n_35 |      |
| led_wf_inst1/_i_6/bitAdd_19/muxcy/O  |   xsMUXCY    |  168 |      cell      |      | led_wf_inst1/_i_6/_n_37 | 2    |
| led_wf_inst1/_i_6/bitAdd_20/muxcy/CI |   xsMUXCY    |    0 |      net       |      | led_wf_inst1/_i_6/_n_37 |      |
| led_wf_inst1/_i_6/bitAdd_20/muxcy/O  |   xsMUXCY    |  168 |      cell      |      | led_wf_inst1/_i_6/_n_39 | 2    |
| led_wf_inst1/_i_6/bitAdd_21/muxcy/CI |   xsMUXCY    |    0 |      net       |      | led_wf_inst1/_i_6/_n_39 |      |
| led_wf_inst1/_i_6/bitAdd_21/muxcy/O  |   xsMUXCY    |  168 |      cell      |      | led_wf_inst1/_i_6/_n_41 | 2    |
| led_wf_inst1/_i_6/bitAdd_22/muxcy/CI |   xsMUXCY    |    0 |      net       |      | led_wf_inst1/_i_6/_n_41 |      |
| led_wf_inst1/_i_6/bitAdd_22/muxcy/O  |   xsMUXCY    |  168 |      cell      |      | led_wf_inst1/_i_6/_n_43 | 2    |
| led_wf_inst1/_i_6/bitAdd_23/muxcy/CI |   xsMUXCY    |    0 |      net       |      | led_wf_inst1/_i_6/_n_43 |      |
| led_wf_inst1/_i_6/bitAdd_23/muxcy/O  |   xsMUXCY    |  168 |      cell      |      | led_wf_inst1/_i_6/_n_45 | 1    |
| led_wf_inst1/_i_6/bitAdd_24/xorcy/CI |   xsXORCY    |    0 |      net       |      | led_wf_inst1/_i_6/_n_45 |      |
| led_wf_inst1/_i_6/bitAdd_24/xorcy/O  |   xsXORCY    |  263 |      cell      |      | led_wf_inst1/n_36[24]   | 1    |
| led_wf_inst1/_i_32/I1                |   xsLUTSA2   |    0 |      net       |      | led_wf_inst1/n_36[24]   |      |
| led_wf_inst1/_i_32/O                 |   xsLUTSA2   |   81 |      cell      |      | led_wf_inst1/n_35       | 1    |
| led_wf_inst1/cnt_reg[24]/D           | xsDFFSA_K1C1 |    0 |      net       |      | led_wf_inst1/n_35       |      |
=======================================================================================================================
时钟路径延迟         = 990       
数据路径延迟         = 4648       (Tdatp)
     clock-to-q 延迟 = 347 
        总的单元延迟 = 4301 
        总的连线延迟 = 0 
        逻辑级数     = 25 

[数据捕获路径]
========================================================================================================
|              节点               |     单元     | 延迟 |      类型      | 位置 |     连线      | 扇出 |
========================================================================================================
| CLOCK'clk_25M                   |     N/A      |    0 |                |      | N/A           |      |
| clk_25M                         |     top      |    0 | clock_latency  |      | clk_25M       | 1    |
| clk_25M_pad/I                   |    xsIOBI    |    0 |      net       |      | clk_25M       |      |
| clk_25M_pad/O                   |    xsIOBI    |  990 |      cell      |      | clk_25M_c     | 1    |
| PLL_inst1/PLLInst_0/CLKI        |   xsPLLSA    |    0 |      net       |      | clk_25M_c     |      |
| --                              |      --      |   -- |       --       | --   | --            | --   |
| CLOCK'PLL_inst1/PLLInst_0/CLKOS |     N/A      |    0 | tcst_gen_clock |      | N/A           |      |
| PLL_inst1/PLLInst_0/CLKOS       |   xsPLLSA    |  990 | clock_latency  |      | CLK_FPGA_SYS1 | 29   |
| led_wf_inst1/cnt_reg[24]/C      | xsDFFSA_K1C1 |    0 |      net       |      | CLK_FPGA_SYS1 |      |
========================================================================================================

时钟路径延迟         = 990       
    时钟偏差         = 0 (Tcksw)

[延迟计算]
======================================================================
总延迟 = Tdatap     + Tsu        - Tckpm      - Tcksw
       = 4648       + -23        - 0          - 0          
       = 4625
======================================================================
Tdatp -- 数据路径延迟 
Tsu   -- 库单元建立时间 
Tckpm -- 时钟悲观补偿 


#########################################################################
# 时钟频率总结
#########################################################################
最慢时钟     : PLL_inst1/PLLInst_0/CLKOS
最小时钟周期 : 4625 ps
最大时钟频率 : 216.2 MHz
#########################################################################
seg_inst/clk_DRV_reg/Q    : 565.3 Mhz
PLL_inst1/PLLInst_0/CLKOP : 242.3 Mhz
PLL_inst1/PLLInst_0/CLKOS : 216.2 Mhz


Info: 检查时序约束 ....
Info: 已完成.
Info: 检查物理约束 ....
Info: 已完成.
Info: 网表整理(nl.sweep) 开始 ....
Info: 共有 0 个节点被 nl.sweep 删除.
Info: 网表整理(nl.sweep) 结束.

WARN(NCHK-CLK001): 连线 seg_inst/clk_DRV 混合了时钟和数据连接.
-- 非时钟引脚 --
   seg_inst/clk_DRV_reg_ctrlmux.I0
[说明]上述情况通常源自生成时钟，例如通过计数进行分频的逻辑。
如果确实是这种情况而且是必须的(例如不能用PLL/DCM分频替代)，
请别忘为相关连线显式地指定时钟约束。否则，这种时钟和数据混
合的描述方式是不推荐使用的，请复查并修改。

#=============oOOOo================oOOOo=============
# 组装(Packing)
#====================================================
Info: 开始组装(packing).
Info: 将 ahb_sram1/DATAOUT_reg[15] 吸收到 OREG.
WARN(PK0112): 寄存器 ahb_sram1/reg_dataoe_n_reg 带有 set 端口和初值 0 无法吸收为IOREG.
Info: 将 ahb_sram1/DATAOUT_reg[14] 吸收到 OREG.
WARN(PK0112): 寄存器 ahb_sram1/reg_dataoe_n_reg 带有 set 端口和初值 0 无法吸收为IOREG.
Info: 将 ahb_sram1/DATAOUT_reg[13] 吸收到 OREG.
WARN(PK0112): 寄存器 ahb_sram1/reg_dataoe_n_reg 带有 set 端口和初值 0 无法吸收为IOREG.
Info: 将 ahb_sram1/DATAOUT_reg[12] 吸收到 OREG.
WARN(PK0112): 寄存器 ahb_sram1/reg_dataoe_n_reg 带有 set 端口和初值 0 无法吸收为IOREG.
Info: 将 ahb_sram1/DATAOUT_reg[11] 吸收到 OREG.
WARN(PK0112): 寄存器 ahb_sram1/reg_dataoe_n_reg 带有 set 端口和初值 0 无法吸收为IOREG.
Info: 将 ahb_sram1/DATAOUT_reg[10] 吸收到 OREG.
WARN(PK0112): 寄存器 ahb_sram1/reg_dataoe_n_reg 带有 set 端口和初值 0 无法吸收为IOREG.
Info: 将 ahb_sram1/DATAOUT_reg[9] 吸收到 OREG.
WARN(PK0112): 寄存器 ahb_sram1/reg_dataoe_n_reg 带有 set 端口和初值 0 无法吸收为IOREG.
Info: 将 ahb_sram1/DATAOUT_reg[8] 吸收到 OREG.
WARN(PK0112): 寄存器 ahb_sram1/reg_dataoe_n_reg 带有 set 端口和初值 0 无法吸收为IOREG.
Info: 将 ahb_sram1/read_buffer_0_reg[7] 吸收到 IREG.
Info: 将 ahb_sram1/read_buffer_0_reg[6] 吸收到 IREG.
Info: 将 ahb_sram1/read_buffer_0_reg[5] 吸收到 IREG.
Info: 将 ahb_sram1/read_buffer_0_reg[4] 吸收到 IREG.
Info: 将 ahb_sram1/read_buffer_0_reg[3] 吸收到 IREG.
Info: 将 ahb_sram1/read_buffer_0_reg[2] 吸收到 IREG.
Info: 将 ahb_sram1/read_buffer_0_reg[1] 吸收到 IREG.
Info: 将 ahb_sram1/read_buffer_0_reg[0] 吸收到 IREG.
Info: 将 ahb_lcd8080_inst1/cmd_data_r_reg_reg[15] 吸收到 IREG.
Info: 将 ahb_lcd8080_inst1/cmd_data_r_reg_reg[14] 吸收到 IREG.
Info: 将 ahb_lcd8080_inst1/cmd_data_r_reg_reg[13] 吸收到 IREG.
Info: 将 ahb_lcd8080_inst1/cmd_data_r_reg_reg[12] 吸收到 IREG.
Info: 将 ahb_lcd8080_inst1/cmd_data_r_reg_reg[11] 吸收到 IREG.
Info: 将 ahb_lcd8080_inst1/cmd_data_r_reg_reg[10] 吸收到 IREG.
Info: 将 ahb_lcd8080_inst1/cmd_data_r_reg_reg[9] 吸收到 IREG.
Info: 将 ahb_lcd8080_inst1/cmd_data_r_reg_reg[8] 吸收到 IREG.
Info: 将 ahb_lcd8080_inst1/cmd_data_r_reg_reg[7] 吸收到 IREG.
Info: 将 ahb_lcd8080_inst1/cmd_data_r_reg_reg[6] 吸收到 IREG.
Info: 将 ahb_lcd8080_inst1/cmd_data_r_reg_reg[5] 吸收到 IREG.
Info: 将 ahb_lcd8080_inst1/cmd_data_r_reg_reg[4] 吸收到 IREG.
Info: 将 ahb_lcd8080_inst1/cmd_data_r_reg_reg[3] 吸收到 IREG.
Info: 将 ahb_lcd8080_inst1/cmd_data_r_reg_reg[2] 吸收到 IREG.
Info: 将 ahb_lcd8080_inst1/cmd_data_r_reg_reg[1] 吸收到 IREG.
Info: 将 ahb_lcd8080_inst1/cmd_data_r_reg_reg[0] 吸收到 IREG.
Info: 将 ahb_uart1/RX_samp_regs_reg[5] 吸收到 IREG.
Info: 将 ahb_epwm1/pwm_out2_reg2/Q_reg[0]_dup1 吸收到 OREG.
Info: 将 ahb_sram1/reg_addr_high_reg[17] 吸收到 OREG.
Info: 将 ahb_sram1/reg_addr_high_reg[16] 吸收到 OREG.
Info: 将 ahb_sram1/reg_addr_high_reg[15] 吸收到 OREG.
Info: 将 ahb_sram1/reg_addr_high_reg[14] 吸收到 OREG.
Info: 将 ahb_sram1/reg_addr_high_reg[13] 吸收到 OREG.
Info: 将 ahb_sram1/reg_addr_high_reg[12] 吸收到 OREG.
Info: 将 ahb_sram1/reg_addr_high_reg[11] 吸收到 OREG.
Info: 将 ahb_sram1/reg_addr_high_reg[10] 吸收到 OREG.
Info: 将 ahb_sram1/reg_addr_high_reg[9] 吸收到 OREG.
Info: 将 ahb_sram1/reg_addr_high_reg[8] 吸收到 OREG.
Info: 将 ahb_sram1/reg_addr_high_reg[7] 吸收到 OREG.
Info: 将 ahb_sram1/reg_addr_high_reg[6] 吸收到 OREG.
Info: 将 ahb_sram1/reg_addr_high_reg[5] 吸收到 OREG.
Info: 将 ahb_sram1/reg_addr_high_reg[4] 吸收到 OREG.
Info: 将 ahb_sram1/reg_addr_high_reg[3] 吸收到 OREG.
Info: 将 ahb_sram1/reg_addr_high_reg[2] 吸收到 OREG.
Info: 将 ahb_sram1/reg_addr_high_reg[1] 吸收到 OREG.
Info: 将 ahb_sram1/reg_addr_high_reg[0] 吸收到 OREG.
Info: 将 ahb_sram1/reg_addr_low_reg[1]_dup1 吸收到 OREG.
Info: 将 ahb_sram1/reg_we_n_reg 吸收到 OREG.
Info: 将 ahb_sram1/reg_oe_n_reg 吸收到 OREG.
Info: 将 ahb_sram1/reg_ce_n_reg 吸收到 OREG.
Info: 将 ahb_sram1/reg_bs_n_reg[0] 吸收到 OREG.
Info: 将 ahb_sram1/reg_bs_n_reg[1] 吸收到 OREG.
Info: 将 led_wf_inst1/led_sig_reg[3]_dup1 吸收到 OREG.
Info: 将 led_wf_inst1/led_sig_reg[2]_dup1 吸收到 OREG.
Info: 将 led_wf_inst1/led_sig_reg[1]_dup1 吸收到 OREG.
Info: 将 led_wf_inst1/led_sig_reg[0]_dup1 吸收到 OREG.
Info: 将 ahb_epwm1/pwm_out1_reg1/Q_reg[0]_dup1 吸收到 OREG.
Info: 将 ahb_uart1/TX_shift_reg_reg[0] 吸收到 OREG.
Info: 将 seg_inst/SH_CLK_reg 吸收到 OREG.
Info: 将 seg_inst/LD_CLK_reg 吸收到 OREG.
Info: 将 seg_inst/HC_DAT_reg_dup1 吸收到 OREG.
Info: 将 ahb_lcd8080_inst1/sta8080_reg[3]_dup1 吸收到 OREG.
Info: 开始组装预处理.
Info: 完成组装预处理.
Info: CM3                         1.
Info: IOLOGIC                    68.
Info:     IREG_OREG              68.
Info: PIO                        98.
Info: PLL_25K                     1.
Info: SLICEL                    109.
Info:     CARRY                  54.
Info:     MUXF7                  39.
Info:     MUXF8                  16.
Info: SLICEL(LE)               1180.
Info:     LUT                   329.
Info:     LUT REG               279.
Info:     REG                   572.
Info: 完成组装.

Info: Start gpack.
Info: Done gpack.
Info: 开始建立物理网表.
Info:   为 98   个 PIO        建立了物理网表 .
Info:   为 68   个 IOLOGIC    建立了物理网表 .
Info:   为 1    个 PLL_25K    建立了物理网表 .
Info:   为 1    个 CM3        建立了物理网表 .
Info:   为 453  个 SLICEL     建立了物理网表 .
Info: 完成建立物理网表.
Info: CM3                         1.
Info: IOLOGIC                    68.
Info:     IREG_OREG              68.
Info: PIO                        98.
Info: PLL_25K                     1.
Info: SLICEL                    453.
Info:     CARRY                  54.
Info:     LOGIC                 344.
Info:     MUXF7                  39.
Info:     MUXF8                  16.
####
Info: 组装执行时间 : 8 秒.
Info: 输出网表报告到文件D:\fpga\AC208-SA5Z30-CM3\workspace\deskClock\fpga\sa5z30fpga\hq_run\top_map.rpt中.
Info: 检查时序约束 ....
Info: 已完成.

#=============oOOOo================oOOOo=============
# 布局(Placement)
#====================================================
Info: 开始布局(placement).
Info: 布局模式: 时序优化.
Info: 时序优化强度: 标准.
Info: CE/SR NET max fanout = 2000.
Info: Best achievable WNS = 8001.5
[V]PL-STAT-SLICE:  8.87539 = 453 / 5104
Info: 设置延迟系数: 1.33333.
[V]: Identify CE/SR net...
Info: 元件实例 uart_DAP_rx 已固定于 K2.
Info: 元件实例 uart_DAP_tx 已固定于 L2.
Info: 元件实例 key_pin[1] 已固定于 E5.
Info: 元件实例 key_pin[2] 已固定于 F5.
Info: 元件实例 LCD_BL 已固定于 G5.
Info: 元件实例 sd_sclk 已固定于 E11.
Info: 元件实例 sd_cs 已固定于 D11.
Info: 元件实例 sd_mosi 已固定于 D12.
Info: 元件实例 sd_miso 已固定于 F11.
Info: 元件实例 flash_sclk 已固定于 A1.
Info: 元件实例 flash_cs 已固定于 A8.
Info: 元件实例 flash_mosi 已固定于 G2.
Info: 元件实例 flash_miso 已固定于 G1.
Info: 元件实例 LCDT_SCL 已固定于 J1.
Info: 元件实例 LCDT_SDA 已固定于 N1.
Info: 元件实例 LCD_RST 已固定于 K10.
Info: 元件实例 LCDT_RST 已固定于 J2.
Info: 元件实例 LCDT_PEN 已固定于 J3.
Info: 元件实例 bme_scl 已固定于 B4.
Info: 元件实例 bme_sda 已固定于 C5.
Info: 元件实例 SRAM_DQ[15] 已固定于 P9.
Info: 元件实例 SRAM_DQ[14] 已固定于 R9.
Info: 元件实例 SRAM_DQ[13] 已固定于 P8.
Info: 元件实例 SRAM_DQ[12] 已固定于 R8.
Info: 元件实例 SRAM_DQ[11] 已固定于 P7.
Info: 元件实例 SRAM_DQ[10] 已固定于 R7.
Info: 元件实例 SRAM_DQ[9] 已固定于 P6.
Info: 元件实例 SRAM_DQ[8] 已固定于 P5.
Info: 元件实例 SRAM_DQ[7] 已固定于 N6.
Info: 元件实例 SRAM_DQ[6] 已固定于 L7.
Info: 元件实例 SRAM_DQ[5] 已固定于 N7.
Info: 元件实例 SRAM_DQ[4] 已固定于 N8.
Info: 元件实例 SRAM_DQ[3] 已固定于 L9.
Info: 元件实例 SRAM_DQ[2] 已固定于 L10.
Info: 元件实例 SRAM_DQ[1] 已固定于 M10.
Info: 元件实例 SRAM_DQ[0] 已固定于 M11.
Info: 元件实例 SWDIO 已固定于 C1.
Info: 元件实例 DATA_8080[15] 已固定于 G3.
Info: 元件实例 DATA_8080[14] 已固定于 H3.
Info: 元件实例 DATA_8080[13] 已固定于 G10.
Info: 元件实例 DATA_8080[12] 已固定于 E6.
Info: 元件实例 DATA_8080[11] 已固定于 E7.
Info: 元件实例 DATA_8080[10] 已固定于 J4.
Info: 元件实例 DATA_8080[9] 已固定于 F6.
Info: 元件实例 DATA_8080[8] 已固定于 K3.
Info: 元件实例 DATA_8080[7] 已固定于 J5.
Info: 元件实例 DATA_8080[6] 已固定于 K5.
Info: 元件实例 DATA_8080[5] 已固定于 J6.
Info: 元件实例 DATA_8080[4] 已固定于 R11.
Info: 元件实例 DATA_8080[3] 已固定于 N10.
Info: 元件实例 DATA_8080[2] 已固定于 P11.
Info: 元件实例 DATA_8080[1] 已固定于 K6.
Info: 元件实例 DATA_8080[0] 已固定于 R12.
Info: 元件实例 clk_25M 已固定于 H13.
Info: 元件实例 SWCLK 已固定于 H1.
Info: 元件实例 key_pin[0] 已固定于 D5.
Info: 元件实例 uart_ch340_rx 已固定于 C15.
Info: 元件实例 led_core 已固定于 B6.
Info: 元件实例 SRAM_ADDR[18] 已固定于 R5.
Info: 元件实例 SRAM_ADDR[17] 已固定于 P15.
Info: 元件实例 SRAM_ADDR[16] 已固定于 R15.
Info: 元件实例 SRAM_ADDR[15] 已固定于 P14.
Info: 元件实例 SRAM_ADDR[14] 已固定于 P4.
Info: 元件实例 SRAM_ADDR[13] 已固定于 R4.
Info: 元件实例 SRAM_ADDR[12] 已固定于 P3.
Info: 元件实例 SRAM_ADDR[11] 已固定于 R3.
Info: 元件实例 SRAM_ADDR[10] 已固定于 R2.
Info: 元件实例 SRAM_ADDR[9] 已固定于 M3.
Info: 元件实例 SRAM_ADDR[8] 已固定于 N3.
Info: 元件实例 SRAM_ADDR[7] 已固定于 L5.
Info: 元件实例 SRAM_ADDR[6] 已固定于 M4.
Info: 元件实例 SRAM_ADDR[5] 已固定于 N5.
Info: 元件实例 SRAM_ADDR[4] 已固定于 M12.
Info: 元件实例 SRAM_ADDR[3] 已固定于 N14.
Info: 元件实例 SRAM_ADDR[2] 已固定于 N15.
Info: 元件实例 SRAM_ADDR[1] 已固定于 M13.
Info: 元件实例 SRAM_ADDR[0] 已固定于 L11.
Info: 元件实例 SRAM_nWE 已固定于 L6.
Info: 元件实例 SRAM_nOE 已固定于 R14.
Info: 元件实例 SRAM_nCE 已固定于 N12.
Info: 元件实例 SRAM_nLB 已固定于 R13.
Info: 元件实例 SRAM_nUB 已固定于 P13.
Info: 元件实例 led_pin[3] 已固定于 E14.
Info: 元件实例 led_pin[2] 已固定于 F14.
Info: 元件实例 led_pin[1] 已固定于 G15.
Info: 元件实例 led_pin[0] 已固定于 D15.
Info: 元件实例 beep_pin 已固定于 E13.
Info: 元件实例 uart_ch340_tx 已固定于 E12.
Info: 元件实例 w5500_sclk 已固定于 L15.
Info: 元件实例 w5500_cs 已固定于 K9.
Info: 元件实例 w5500_mosi 已固定于 M15.
Info: 元件实例 seg7_SH_CP 已固定于 E4.
Info: 元件实例 seg7_ST_CP 已固定于 G6.
Info: 元件实例 seg7_DS 已固定于 H2.
Info: 元件实例 CS_8080 已固定于 L12.
Info: 元件实例 RS_8080 已固定于 L13.
Info: 元件实例 WR_8080 已固定于 P12.
Info: 元件实例 RD_8080 已固定于 K11.
----
Info: 布局第1阶段(总共3阶段) (签名=426,60,1).
----
Info: 进度   3%, WNS = -21491.
Info: 进度   7%, WNS = -19481.
Info: 进度   8%, WNS = -14350.
Info: 进度  10%, WNS = -10997.
Info: 进度  12%, WNS =  -8735.
Info: 进度  13%, WNS =  -8919.
Info: 进度  15%, WNS =  -5893.
Info: 进度  17%, WNS =  -7545.
Info: 进度  20%, WNS =  -5238.
Info: 进度  23%, WNS =  -8093.
Info: 进度  27%, WNS =  -4003.
Info: 进度  28%, WNS =  -3717.
Info: 进度  30%, WNS =  -4077.
Info: 进度  33%, WNS =  -6513.
Info: 进度  37%, WNS =  -2816.
Info: 进度  38%, WNS =  -2878.
Info: 进度  40%, WNS =  -2785.
Info: 进度  42%, WNS =  -1598.
Info: 进度  43%, WNS =  -2812.
Info: 进度  45%, WNS =  -1465.
Info: 进度  47%, WNS =  -1758.
Info: 进度  48%, WNS =  -1292.
Info: 进度  50%, WNS =  -2350.
Info: 进度  53%, WNS =  -4828.
Info: 进度  55%, WNS =   -798.
Info: 进度  57%, WNS =  -1412.
Info: 进度  60%, WNS =   -945.
Info: 进度  63%, WNS =   -212.
Info: 进度  67%, WNS =     95.
Info: 进度  70%, WNS =   -158.
Info: 进度  73%, WNS =    175.
Info: 进度  75%, WNS =    125.
Info: 进度  77%, WNS =   -188.
Info: 进度  80%, WNS =   -225.
Info: 进度  82%, WNS =    455.
Info: 进度  83%, WNS =   -600.
Info: 进度  87%, WNS =   -987.
Info: 进度  90%, WNS =  -1505.
Info: 进度  93%, WNS =   -972.
Info: 进度  97%, WNS =  -1245.
Info: 进度  99%, WNS =   -705.
Info: 进度 100%, WNS =    455.
----
Info: 布局第2阶段(总共3阶段) (签名=2,10,1).
----
Info: 进度  10%, WNS =    335.
Info: 进度  30%, WNS =  -1065.
Info: 进度  50%, WNS =   -238.
Info: 进度  60%, WNS =    362.
Info: 进度  70%, WNS =    362.
Info: 进度  80%, WNS =    362.
Info: 进度  90%, WNS =    495.
Info: 进度 100%, WNS =    495.
----
Info: 布局第3阶段(总共3阶段) (签名=1,10,1).
----
Info: 进度   0%, WNS =    495.
Info: 进度  10%, WNS =    722.
Info: 进度  30%, WNS =    722.
Info: 进度  50%, WNS =    722.
Info: 进度  70%, WNS =    722.
Info: 进度  90%, WNS =   -318.
Info: 进度 100%, WNS =    722.
----
Info: 布局结果最终WNS = 2541.
----
Info: 完成布局.

Info: 开始网表校正.
Info: 完成网表校正.
####
Info: 布局执行时间 : 2 秒.
####
Info: 输出网表报告到文件D:\fpga\AC208-SA5Z30-CM3\workspace\deskClock\fpga\sa5z30fpga\hq_run\top_place.rpt中.
Info: 检查时序约束 ....
Info: 已完成.

#=============oOOOo================oOOOo=============
# 布线(Routing)
#====================================================
Info: 布线模式 : timing.
Info: 优化强度 : std.
Info: 读入布线资源并检查网表 ....
Info: 当前网表中有 623 个元件例示(instance).
Info: 总共需要对 1733 条连线 (6281 连接点) 进行布线.
Info: 连线 AHB_USR_CLK 指定为 PCLK (由 placer).
Info: 连线 CLK_FPGA_SYS1 指定为 PCLK (由 placer).
Info: 连线 seg_inst/clk_DRV 指定为 PCLK (由 placer).
Info: 开始布线(routing).

Info: set customeized options 

| X1/X2 | X2H | X12D | X4/X6 |  XL |  LH |  LV | LVB | BNC | GFAN | X120 | X0-X0 | X1-X2 | X4-X6 
|   5   |   5 |   5  |   2   |   3 |   6 |   6 |   6 |   6 |   6  |  50  |   3   |   4   |   7   

| MALL | MLONG | MX0  | X12RAM | X46RAM | X12VIQ | X46VIQ | X12CLKV | PLO | CLO | X-LOCAL | CLKV+ | GFANn | GNDfo | GNDlut 
|   1  |   1   |   1  |    2   |    2   |    3   |    2   |     5   |  10 |   5 |    0    |   1   |   2   |    0  |    0   

Info: 第  0 轮 : 还需要对 1368  条连线 (4853  连接点)进行布线.
Info: 第  1 轮 : 还需要对 161   条连线 (127   连接点)进行布线.
Info: 第  2 轮 : 还需要对 24    条连线 (14    连接点)进行布线.
Info: 第  3 轮 : 还需要对 6     条连线 (3     连接点)进行布线.
Info: 第  4 轮 : 还需要对 0     条连线 (0     连接点)进行布线.

Info: 完成布线.

Info: 开始更新物理网表.
Info:   为 242  个 SLICEL     建立了物理网表 .
Info:   为 107  个 TIEOFF     建立了物理网表 .
Info: 完成更新物理网表.
####
Info: 布线执行时间 : 7 秒.
####
 
Info: 生成最差时序余量(WNS)报告 ...
============================================================
Clock Name                  Req Period  Setup WNS   Hold WNS
------------------------------------------------------------
clkbase                          40000         --         --
PLL_inst1/PLLInst_0/CLKOP        10000       1728        275
PLL_inst1/PLLInst_0/CLKOS        20000      14753        399
============================================================
【汇总】
Info(wns-ok): Setup WNS = 1728, 满足时序目标.
Info(wns-ok): Hold  WNS = 275, 满足时序目标.
====
Info: 完成WNS报告.
Info:   (可在文件 "D:/fpga/AC208-SA5Z30-CM3/workspace/deskClock/fpga/sa5z30fpga/hq_run/top_slack.rpt" 中检查更详细信息).
====
Info: 自动添加约束: create_generated_clock {PLL_inst1/PLLInst_0/CLKOP} -source {PLL_inst1/PLLInst_0/CLKI} -multiply_by 32 -divide_by 8.
Info: 自动添加约束: create_generated_clock {PLL_inst1/PLLInst_0/CLKOS} -source {PLL_inst1/PLLInst_0/CLKI} -multiply_by 32 -divide_by 16.
Info: 输出网表报告到文件D:\fpga\AC208-SA5Z30-CM3\workspace\deskClock\fpga\sa5z30fpga\hq_run\top_route.rpt中.

#########################################################################
#
# 最大时钟频率(FMAX)报告
#
#########################################################################
#
# 注意: FMAX 的计算仅针对在同一时钟域内的寄存器到寄存器路径，
# 多周期路径、跨时钟域路径(包括主时钟及其生成时钟之间的路径)都将
# 被忽略。对于一个时钟及其反向时钟之间的路径， FMAX的计算通过按
# 频宽比(duty cycle)等比例扩展路径延迟得到。例如，假设有一
# 条路径的起点由时钟上升沿驱动而终点由同一时钟的下降沿驱动，
# 如果该时钟的频宽比为50，则计算FMAX时，路径延迟将乘以2(即
# 除以50%)。
#


# ***********************************************************************
# 时钟         : PLL_inst1/PLLInst_0/CLKOP
# 最小时钟周期 : 8271.7 ps
# ***********************************************************************

********************
* 路径 1
********************
起点     : inst/TARGEXP0HTRANS1   [激发时钟: PLL_inst1/PLLInst_0/CLKOP, 上升沿1]
终点     : SRAM_nLB_MGIOL/TXDATA0 [捕获时钟: PLL_inst1/PLLInst_0/CLKOP, 上升沿2] 

数据产生路径
=====================================================================================================================================
|              节点               |  单元   |  延迟  |         类型          |   位置   |                连线                | 扇出 |
=====================================================================================================================================
| CLOCK'clkbase                   |   N/A   |      0 |                       |          | N/A                                |      |
| clk_25M                         |   top   |      0 |     clock_latency     |          | clk_25M                            | 1    |
| clk_25M/PAD#bidir_in            |   PIO   |      0 |          net          | PT79A    | clk_25M                            | 1    |
| clk_25M/PADDI                   |   PIO   |   1091 |       PADI_DEL        |          | clk_25M_c                          | 1    |
| PLL_inst1/PLLInst_0/CLKI        | PLL_25K | 4135.3 |          net          | LPLL1    | clk_25M_c                          |      |
| --                              |   --    |     -- |          --           | --       | --                                 | --   |
| CLOCK'PLL_inst1/PLLInst_0/CLKOP |   N/A   |      0 |      CLKI2OP_DEL      |          | N/A                                |      |
| PLL_inst1/PLLInst_0/CLKOP       | PLL_25K | 5226.3 |     clock_latency     |          | AHB_USR_CLK                        | 441  |
| inst/CIBCLK                     |   CM3   | 1096.4 |          net          | CM3      | AHB_USR_CLK                        |      |
| --                              |   --    |     -- |          --           | --       | --                                 | --   |
| inst/TARGEXP0HTRANS1            |   CM3   |   1321 | Tcq_TARGEXP0HTRANS[1] |          | TARGEXP0HTRANS[1]                  | 2    |
| ahb_sram1/reg_active/B6         | SLICEL  | 3008.7 |          net          | R30C67M  | TARGEXP0HTRANS[1]                  |      |
| ahb_sram1/reg_active/B          | SLICEL  |   75.1 |         Tilo          |          | ahb_sram1/n_2115_CE_AND_O_CE_AND_O | 25   |
| ahb_sram1/n_1953/C6             | SLICEL  |  548.1 |          net          | R32C67M  | ahb_sram1/n_2115_CE_AND_O_CE_AND_O |      |
| ahb_sram1/n_1953/C              | SLICEL  |   75.1 |         Tilo          |          | ahb_sram1/RDREQ                    | 9    |
| ahb_sram1/n_1988/C6             | SLICEL  |  489.7 |          net          | R33C67M  | ahb_sram1/RDREQ                    |      |
| ahb_sram1/n_1988/C              | SLICEL  |   75.1 |         Tilo          |          | _n_10935                           | 1    |
| ahb_sram1/n_1988/D4             | SLICEL  |  209.9 |          net          | R33C67M  | _n_10935                           |      |
| ahb_sram1/n_1988/D              | SLICEL  |   75.1 |         Tilo          |          | ahb_sram1/nxt_ce_n                 | 3    |
| ahb_sram1/reg_byte_mask[0]/B4   | SLICEL  |  650.1 |          net          | R33C68L  | ahb_sram1/nxt_ce_n                 |      |
| ahb_sram1/reg_byte_mask[0]/B    | SLICEL  |   75.1 |         Tilo          |          | ahb_sram1/nxt_bs_n[0]              | 1    |
| SRAM_nLB_MGIOL/TXDATA0          | IOLOGIC | 1345.8 |          net          | IOL_B82C | ahb_sram1/nxt_bs_n[0]              |      |
=====================================================================================================================================
时钟路径延迟         = 6322.7    
数据路径延迟         = 7948.7     (Tdatp)
     clock-to-q 延迟 = 1321 
        总的单元延迟 = 375.5 
        总的连线延迟 = 6252.2 
        逻辑级数     = 5 

[数据捕获路径]
======================================================================================================
|              节点               |  单元   |  延迟  |     类型      |   位置   |    连线     | 扇出 |
======================================================================================================
| CLOCK'clkbase                   |   N/A   |      0 |               |          | N/A         |      |
| clk_25M                         |   top   |      0 | clock_latency |          | clk_25M     | 1    |
| clk_25M/PAD#bidir_in            |   PIO   |      0 |      net      | PT79A    | clk_25M     | 1    |
| clk_25M/PADDI                   |   PIO   |   1091 |   PADI_DEL    |          | clk_25M_c   | 1    |
| PLL_inst1/PLLInst_0/CLKI        | PLL_25K | 3973.2 |      net      | LPLL1    | clk_25M_c   |      |
| --                              |   --    |     -- |      --       | --       | --          | --   |
| CLOCK'PLL_inst1/PLLInst_0/CLKOP |   N/A   |      0 |  CLKI2OP_DEL  |          | N/A         |      |
| PLL_inst1/PLLInst_0/CLKOP       | PLL_25K | 5064.2 | clock_latency |          | AHB_USR_CLK | 441  |
| SRAM_nLB_MGIOL/CLK              | IOLOGIC | 1057.4 |      net      | IOL_B82C | AHB_USR_CLK |      |
======================================================================================================

时钟路径延迟         = 6121.6    
    时钟偏差         = -201 (Tcksw)

[延迟计算]
======================================================================
总延迟 = Tdatap     + Tsu        - Tckpm      - Tcksw
       = 7948.7     + 284        - 162        - -201       
       = 8271.7
======================================================================
Tdatp -- 数据路径延迟 
Tsu   -- 库单元建立时间 
Tckpm -- 时钟悲观补偿 


# ***********************************************************************
# 时钟         : PLL_inst1/PLLInst_0/CLKOS
# 最小时钟周期 : 5247.1 ps
# ***********************************************************************

********************
* 路径 1
********************
起点     : led_wf_inst1/cnt[16]/DMUX [激发时钟: PLL_inst1/PLLInst_0/CLKOS, 上升沿1]
终点     : led_pin[2]_MGIOL/CE       [捕获时钟: PLL_inst1/PLLInst_0/CLKOS, 上升沿2] 

数据产生路径
=========================================================================================================================
|               节点               |  单元   |  延迟  |     类型      |   位置   |             连线              | 扇出 |
=========================================================================================================================
| CLOCK'clkbase                    |   N/A   |      0 |               |          | N/A                           |      |
| clk_25M                          |   top   |      0 | clock_latency |          | clk_25M                       | 1    |
| clk_25M/PAD#bidir_in             |   PIO   |      0 |      net      | PT79A    | clk_25M                       | 1    |
| clk_25M/PADDI                    |   PIO   |   1091 |   PADI_DEL    |          | clk_25M_c                     | 1    |
| PLL_inst1/PLLInst_0/CLKI         | PLL_25K | 4135.3 |      net      | LPLL1    | clk_25M_c                     |      |
| --                               |   --    |     -- |      --       | --       | --                            | --   |
| CLOCK'PLL_inst1/PLLInst_0/CLKOS  |   N/A   |      0 |  CLKI2OS_DEL  |          | N/A                           |      |
| PLL_inst1/PLLInst_0/CLKOS        | PLL_25K | 5226.3 | clock_latency |          | CLK_FPGA_SYS1                 | 10   |
| led_wf_inst1/cnt[16]/CLK         | SLICEL  | 1096.4 |      net      | R12C49L  | CLK_FPGA_SYS1                 |      |
| --                               |   --    |     -- |      --       | --       | --                            | --   |
| led_wf_inst1/cnt[16]/DMUX        | SLICEL  |   47.7 |    Tshcko     |          | led_wf_inst1/cnt[13]          | 2    |
| led_wf_inst1/cnt[10]/C1          | SLICEL  |  515.7 |      net      | R11C49L  | led_wf_inst1/cnt[13]          |      |
| led_wf_inst1/cnt[10]/C           | SLICEL  |   75.1 |     Tilo      |          | led_wf_inst1/_i_2/_i_0_rkd_15 | 1    |
| led_wf_inst1/cnt[10]/D3          | SLICEL  |  423.1 |      net      | R11C49L  | led_wf_inst1/_i_2/_i_0_rkd_15 |      |
| led_wf_inst1/cnt[10]/D           | SLICEL  |   75.1 |     Tilo      |          | led_wf_inst1/_i_2/_i_0_rkd_20 | 1    |
| led_wf_inst1/_i_2/_i_0_rkd_13/B1 | SLICEL  |  661.4 |      net      | R12C48L  | led_wf_inst1/_i_2/_i_0_rkd_20 |      |
| led_wf_inst1/_i_2/_i_0_rkd_13/B  | SLICEL  |   75.1 |     Tilo      |          | _n_10845                      | 1    |
| led_wf_inst1/_i_2/_i_0_rkd_13/D6 | SLICEL  |  176.4 |      net      | R12C48L  | _n_10845                      |      |
| led_wf_inst1/_i_2/_i_0_rkd_13/D  | SLICEL  |   75.1 |     Tilo      |          | _n_10844                      | 20   |
| led_pin[2]_MGIOL/CE              | IOLOGIC | 3062.5 |      net      | IOL_T92A | _n_10844                      |      |
=========================================================================================================================
时钟路径延迟         = 6322.7    
数据路径延迟         = 5187.1     (Tdatp)
     clock-to-q 延迟 = 47.7 
        总的单元延迟 = 300.4 
        总的连线延迟 = 4839 
        逻辑级数     = 4 

[数据捕获路径]
========================================================================================================
|              节点               |  单元   |  延迟  |     类型      |   位置   |     连线      | 扇出 |
========================================================================================================
| CLOCK'clkbase                   |   N/A   |      0 |               |          | N/A           |      |
| clk_25M                         |   top   |      0 | clock_latency |          | clk_25M       | 1    |
| clk_25M/PAD#bidir_in            |   PIO   |      0 |      net      | PT79A    | clk_25M       | 1    |
| clk_25M/PADDI                   |   PIO   |   1091 |   PADI_DEL    |          | clk_25M_c     | 1    |
| PLL_inst1/PLLInst_0/CLKI        | PLL_25K | 3973.2 |      net      | LPLL1    | clk_25M_c     |      |
| --                              |   --    |     -- |      --       | --       | --            | --   |
| CLOCK'PLL_inst1/PLLInst_0/CLKOS |   N/A   |      0 |  CLKI2OS_DEL  |          | N/A           |      |
| PLL_inst1/PLLInst_0/CLKOS       | PLL_25K | 5064.2 | clock_latency |          | CLK_FPGA_SYS1 | 10   |
| led_pin[2]_MGIOL/CLK            | IOLOGIC | 1057.4 |      net      | IOL_T92A | CLK_FPGA_SYS1 |      |
========================================================================================================

时钟路径延迟         = 6121.6    
    时钟偏差         = -201 (Tcksw)

[延迟计算]
======================================================================
总延迟 = Tdatap     + Tsu        - Tckpm      - Tcksw
       = 5187.1     + 21         - 162        - -201       
       = 5247.1
======================================================================
Tdatp -- 数据路径延迟 
Tsu   -- 库单元建立时间 
Tckpm -- 时钟悲观补偿 


#########################################################################
# 时钟频率总结
#########################################################################
最慢时钟     : PLL_inst1/PLLInst_0/CLKOP
最小时钟周期 : 8271.7 ps
最大时钟频率 : 120.9 MHz
#########################################################################
PLL_inst1/PLLInst_0/CLKOP : 120.9 Mhz
PLL_inst1/PLLInst_0/CLKOS : 190.6 Mhz



#=============oOOOo================oOOOo=============
# 位流生成
#====================================================
Info: 载入器件信息 ....
Info: 载入设计 ....
Info: 输出位流文件 top.bit ....
Info: 完成.
####
Info: 位流生成执行时间 : 2 秒.
####
Info: 启动比特流下载器 ....
D:/fpga/AC208-SA5Z30-CM3/hq_xist_2.14.4_021824_win64/build/hqdnload/hqdnload.exe -f top.bit -family seal30k -lang chs
----
