
######################oOOOo###########oOOOo##########################
#  HqFpga(TM) Release V2.14.4 (Winter 2023) Build 021824
#  [网表报告]
#####################################################################
日期 : Fri Aug  2 16:23:18 2024

Library U_SYN
+----------------+------+
| Cell 名称      | 数量 |
+----------------+------+
| xsIOBB         |   55 |
| xsCM3          |    1 |
| xsPLLSA        |    1 |
| xsXORCY        |  104 |
| xsMUXCY        |  129 |
| xsMUXF7        |   70 |
| xsLROM32X1     |    8 |
| xsMUXF8        |   16 |
| xsIOBI         |    4 |
| xsIOBO         |   39 |
| xsDFFSA_K1     |    2 |
| xsDFFSA_K1C1E1 |  526 |
| xsDFFSA_K1P1E1 |   50 |
| xsDFFSA_K1C1   |  149 |
| xsDFFSA_K1P1   |   11 |
| xsLUTSA2       |   59 |
| xsLUTSA4       |  118 |
| xsLUTSA6       |  214 |
| xsLUTSA5       |   74 |
| xsLUTSA3       |  141 |
| xsINVSA        |   28 |
+----------------+------+
| Sum            | 1799 |
+----------------+------+

Library work
+-----------+------+
| Cell 名称 | 数量 |
+-----------+------+
| top       |    1 |
+-----------+------+
| Sum       |    1 |
+-----------+------+

##########oOOOo###########oOOOo##############
#  HqFpga(TM) Release V2.14.4 (Winter 2023) Build 021824
#  [资源利用率报告]
#############################################
日期 : Fri Aug  2 16:23:18 2024
器件 : SA5Z-30-D1-8U213C

** 资源利用情况  ** 
+---------------+--------------+----------+---------------+
| 资源类型      | 资源使用数目 | 资源总数 | 资源占用率(%) |
+---------------+--------------+----------+---------------+
| 输入输出块    |           98 |      175 |          56 % |
| 查找表        |          614 |    20416 |           3 % |
| 触发器/锁存器 |          738 |    40832 |           1 % |
| PLL           |            1 |        2 |          50 % |
+---------------+--------------+----------+---------------+
