


ARM Macro Assembler    Page 1 


    1 00000000         ;/******************************************************
                       ********************//**
    2 00000000         ; * @file     startup_CM3DS_MPS2.s
    3 00000000         ; * @brief    CMSIS Cortex-M3 Core Device Startup File f
                       or
    4 00000000         ; *           Device CM3DS_MPS2
    5 00000000         ; * @version  V3.01
    6 00000000         ; * @date     06. March 2012
    7 00000000         ; *
    8 00000000         ; * @note
    9 00000000         ; * Copyright (C) 2012,2017 ARM Limited. All rights rese
                       rved.
   10 00000000         ; *
   11 00000000         ; * @par
   12 00000000         ; * ARM Limited (ARM) is supplying this software for use
                        with Cortex-M
   13 00000000         ; * processor based microcontrollers.  This file can be 
                       freely distributed
   14 00000000         ; * within development tools that are supporting such AR
                       M based processors.
   15 00000000         ; *
   16 00000000         ; * @par
   17 00000000         ; * THIS SOFTWARE IS PROVIDED "AS IS".  NO WARRANTIES, W
                       HETHER EXPRESS, IMPLIED
   18 00000000         ; * OR STATUTORY, INCLUDING, BUT NOT LIMITED TO, IMPLIED
                        WARRANTIES OF
   19 00000000         ; * MERCHANTABILITY AND FITNESS FOR A PARTICULAR PURPOSE
                        APPLY TO THIS SOFTWARE.
   20 00000000         ; * ARM SHALL NOT, IN ANY CIRCUMSTANCES, BE LIABLE FOR S
                       PECIAL, INCIDENTAL, OR
   21 00000000         ; * CONSEQUENTIAL DAMAGES, FOR ANY REASON WHATSOEVER.
   22 00000000         ; *
   23 00000000         ; ******************************************************
                       ************************/
   24 00000000         ;/*
   25 00000000         ;//-------- <<< Use Configuration Wizard in Context Menu
                        >>> ------------------
   26 00000000         ;*/
   27 00000000         
   28 00000000         
   29 00000000         ; <h> Stack Configuration
   30 00000000         ;   <o> Stack Size (in Bytes) <0x0-0xFFFFFFFF:8>
   31 00000000         ; </h>
   32 00000000         
   33 00000000 00001000 
                       Stack_Size
                               EQU              0x00001000
   34 00000000         
   35 00000000                 AREA             STACK, NOINIT, READWRITE, ALIGN
=3
   36 00000000         Stack_Mem
                               SPACE            Stack_Size
   37 00001000         __initial_sp
   38 00001000         
   39 00001000         
   40 00001000         ; <h> Heap Configuration
   41 00001000         ;   <o>  Heap Size (in Bytes) <0x0-0xFFFFFFFF:8>
   42 00001000         ; </h>
   43 00001000         



ARM Macro Assembler    Page 2 


   44 00001000 00000000 
                       Heap_Size
                               EQU              0x00000000
   45 00001000         
   46 00001000                 AREA             HEAP, NOINIT, READWRITE, ALIGN=
3
   47 00000000         __heap_base
   48 00000000         Heap_Mem
                               SPACE            Heap_Size
   49 00000000         __heap_limit
   50 00000000         
   51 00000000         
   52 00000000                 PRESERVE8
   53 00000000                 THUMB
   54 00000000         
   55 00000000         
   56 00000000         ; Vector Table Mapped to Address 0 at Reset
   57 00000000         
   58 00000000                 AREA             RESET, DATA, READONLY
   59 00000000                 EXPORT           __Vectors
   60 00000000                 EXPORT           __Vectors_End
   61 00000000                 EXPORT           __Vectors_Size
   62 00000000         
   63 00000000 00000000 
                       __Vectors
                               DCD              __initial_sp ; Top of Stack
   64 00000004 00000000        DCD              Reset_Handler ; Reset Handler
   65 00000008 00000000        DCD              NMI_Handler ; NMI Handler
   66 0000000C 00000000        DCD              HardFault_Handler ; Hard Fault 
                                                            Handler
   67 00000010 00000000        DCD              MemManage_Handler 
                                                            ; MPU Fault Handler
                                                            
   68 00000014 00000000        DCD              BusFault_Handler 
                                                            ; Bus Fault Handler
                                                            
   69 00000018 00000000        DCD              UsageFault_Handler ; Usage Faul
                                                            t Handler
   70 0000001C 00000000        DCD              0           ; Reserved
   71 00000020 00000000        DCD              0           ; Reserved
   72 00000024 00000000        DCD              0           ; Reserved
   73 00000028 00000000        DCD              0           ; Reserved
   74 0000002C 00000000        DCD              SVC_Handler ; SVCall Handler
   75 00000030 00000000        DCD              DebugMon_Handler ; Debug Monito
                                                            r Handler
   76 00000034 00000000        DCD              0           ; Reserved
   77 00000038 00000000        DCD              PendSV_Handler ; PendSV Handler
                                                            
   78 0000003C 00000000        DCD              SysTick_Handler 
                                                            ; SysTick Handler
   79 00000040         
   80 00000040         ; External Interrupts
   81 00000040 00000000        DCD              UART0_Handler ; UART 0 RX and T
                                                            X Handler
   82 00000044 00000000        DCD              ADC_Handler ; ADC Handler, modi
                                                            fied by gsl 2018-5-
                                                            29
   83 00000048 00000000        DCD              UART1_Handler ; UART 1 RX and T
                                                            X Handler



ARM Macro Assembler    Page 3 


   84 0000004C 00000000        DCD              DMACINTERR_Handler ; DMA Error 
                                                            Interrupt Handler
   85 00000050 00000000        DCD              DMACINTTC_Handler ; DMA Count I
                                                            nterrupt Handler
   86 00000054 00000000        DCD              DMACINTR_Handler ; DMA Interrup
                                                            t Handler
   87 00000058 00000000        DCD              PORT0_COMB_Handler ; GPIO Port 
                                                            0 Combined Handler
   88 0000005C 00000000        DCD              Spare7_Handler ; Not Used
   89 00000060 00000000        DCD              TIMER0_Handler 
                                                            ; TIMER 0 handler
   90 00000064 00000000        DCD              TIMER1_Handler 
                                                            ; TIMER 1 handler
   91 00000068 00000000        DCD              DUALTIMER_HANDLER ; Dual timer 
                                                            handler
   92 0000006C 00000000        DCD              Spare11_Handler ; Not Used
   93 00000070 00000000        DCD              UARTOVF_Handler ; UART 0,1,2 Ov
                                                            erflow Handler
   94 00000074 00000000        DCD              EXT13_Handler ; External Interr
                                                            upts     
   95 00000078 00000000        DCD              EXT14_Handler ; External Interr
                                                            upts
   96 0000007C 00000000        DCD              EXT15_Handler ; External Interr
                                                            upts 
   97 00000080 00000000        DCD              PORT0_0_Handler ; GPIO Port 0 p
                                                            in 0 Handler
   98 00000084 00000000        DCD              PORT0_1_Handler ; GPIO Port 0 p
                                                            in 1 Handler
   99 00000088 00000000        DCD              PORT0_2_Handler ; GPIO Port 0 p
                                                            in 2 Handler
  100 0000008C 00000000        DCD              PORT0_3_Handler ; GPIO Port 0 p
                                                            in 3 Handler
  101 00000090 00000000        DCD              PORT0_4_Handler ; GPIO Port 0 p
                                                            in 4 Handler
  102 00000094 00000000        DCD              PORT0_5_Handler ; GPIO Port 0 p
                                                            in 5 Handler
  103 00000098 00000000        DCD              PORT0_6_Handler ; GPIO Port 0 p
                                                            in 6 Handler
  104 0000009C 00000000        DCD              PORT0_7_Handler ; GPIO Port 0 p
                                                            in 7 Handler
  105 000000A0 00000000        DCD              PORT0_8_Handler ; GPIO Port 0 p
                                                            in 8 Handler
  106 000000A4 00000000        DCD              PORT0_9_Handler ; GPIO Port 0 p
                                                            in 9 Handler
  107 000000A8 00000000        DCD              PORT0_10_Handler ; GPIO Port 0 
                                                            pin 10 Handler
  108 000000AC 00000000        DCD              PORT0_11_Handler ; GPIO Port 0 
                                                            pin 11 Handler
  109 000000B0 00000000        DCD              PORT0_12_Handler ; GPIO Port 0 
                                                            pin 12 Handler
  110 000000B4 00000000        DCD              PORT0_13_Handler ; GPIO Port 0 
                                                            pin 13 Handler
  111 000000B8 00000000        DCD              PORT0_14_Handler ; GPIO Port 0 
                                                            pin 14 Handler
  112 000000BC 00000000        DCD              PORT0_15_Handler ; GPIO Port 0 
                                                            pin 15 Handler
  113 000000C0 00000000        DCD              PORT0_16_Handler ; GPIO Port 0 
                                                            pin 16 Handler
  114 000000C4 00000000        DCD              PORT0_17_Handler ; GPIO Port 0 



ARM Macro Assembler    Page 4 


                                                            pin 17 Handler
  115 000000C8 00000000        DCD              PORT0_18_Handler ; GPIO Port 0 
                                                            pin 18 Handler
  116 000000CC 00000000        DCD              PORT0_19_Handler ; GPIO Port 0 
                                                            pin 19 Handler
  117 000000D0 00000000        DCD              PORT0_20_Handler ; GPIO Port 0 
                                                            pin 20 Handler
  118 000000D4 00000000        DCD              PORT0_21_Handler ; GPIO Port 0 
                                                            pin 21 Handler
  119 000000D8 00000000        DCD              PORT0_22_Handler ; GPIO Port 0 
                                                            pin 22 Handler
  120 000000DC 00000000        DCD              PORT0_23_Handler ; GPIO Port 0 
                                                            pin 23 Handler
  121 000000E0 00000000        DCD              PORT0_24_Handler ; GPIO Port 0 
                                                            pin 24 Handler
  122 000000E4 00000000        DCD              PORT0_25_Handler ; GPIO Port 0 
                                                            pin 25 Handler
  123 000000E8 00000000        DCD              PORT0_26_Handler ; GPIO Port 0 
                                                            pin 16 Handler
  124 000000EC 00000000        DCD              PORT0_27_Handler ; GPIO Port 0 
                                                            pin 17 Handler
  125 000000F0 00000000        DCD              PORT0_28_Handler ; GPIO Port 0 
                                                            pin 18 Handler
  126 000000F4 00000000        DCD              PORT0_29_Handler ; GPIO Port 0 
                                                            pin 19 Handler
  127 000000F8 00000000        DCD              PORT0_30_Handler ; GPIO Port 0 
                                                            pin 20 Handler
  128 000000FC 00000000        DCD              PORT0_31_Handler ; GPIO Port 0 
                                                            pin 21 Handler     
                                                            
  129 00000100 00000000        DCD              I2C_Handler ; I2C Handler
  130 00000104 00000000        DCD              MPS2_SSP0_Handler 
                                                            ; SPI0 Handler 
  131 00000108 00000000        DCD              MPS2_SSP1_Handler 
                                                            ; SPI1 Handler 
  132 0000010C 00000000        DCD              EXT0_Handler ; External Interru
                                                            pts
  133 00000110 00000000        DCD              EXT1_Handler ; External Interru
                                                            pts
  134 00000114 00000000        DCD              EXT2_Handler ; External Interru
                                                            pts
  135 00000118 00000000        DCD              EXT3_Handler ; External Interru
                                                            pts
  136 0000011C 00000000        DCD              EXT4_Handler ; External Interru
                                                            pts
  137 00000120 00000000        DCD              EXT5_Handler ; External Interru
                                                            pts
  138 00000124 00000000        DCD              EXT6_Handler ; External Interru
                                                            pts
  139 00000128 00000000        DCD              EXT7_Handler ; External Interru
                                                            pts
  140 0000012C 00000000        DCD              EXT8_Handler ; External Interru
                                                            pts
  141 00000130 00000000        DCD              EXT9_Handler ; External Interru
                                                            pts
  142 00000134 00000000        DCD              EXT10_Handler ; External Interr
                                                            upts
  143 00000138 00000000        DCD              EXT11_Handler ; External Interr
                                                            upts



ARM Macro Assembler    Page 5 


  144 0000013C 00000000        DCD              EXT12_Handler ; External Interr
                                                            upts
  145 00000140         __Vectors_End
  146 00000140         
  147 00000140 00000140 
                       __Vectors_Size
                               EQU              __Vectors_End - __Vectors
  148 00000140         
  149 00000140                 AREA             |.text|, CODE, READONLY
  150 00000000         
  151 00000000         
  152 00000000         ; Reset Handler
  153 00000000         
  154 00000000         Reset_Handler
                               PROC
  155 00000000                 EXPORT           Reset_Handler             [WEAK
]
  156 00000000                 IMPORT           SystemInit
  157 00000000                 IMPORT           __main
  158 00000000 4809            LDR              R0, =SystemInit
  159 00000002 4780            BLX              R0
  160 00000004 4809            LDR              R0, =__main
  161 00000006 4700            BX               R0
  162 00000008                 ENDP
  163 00000008         
  164 00000008         
  165 00000008         ; Dummy Exception Handlers (infinite loops which can be 
                       modified)
  166 00000008         
  167 00000008         NMI_Handler
                               PROC
  168 00000008                 EXPORT           NMI_Handler               [WEAK
]
  169 00000008 E7FE            B                .
  170 0000000A                 ENDP
  172 0000000A         HardFault_Handler
                               PROC
  173 0000000A                 EXPORT           HardFault_Handler         [WEAK
]
  174 0000000A E7FE            B                .
  175 0000000C                 ENDP
  177 0000000C         MemManage_Handler
                               PROC
  178 0000000C                 EXPORT           MemManage_Handler         [WEAK
]
  179 0000000C E7FE            B                .
  180 0000000E                 ENDP
  182 0000000E         BusFault_Handler
                               PROC
  183 0000000E                 EXPORT           BusFault_Handler          [WEAK
]
  184 0000000E E7FE            B                .
  185 00000010                 ENDP
  187 00000010         UsageFault_Handler
                               PROC
  188 00000010                 EXPORT           UsageFault_Handler        [WEAK
]
  189 00000010 E7FE            B                .
  190 00000012                 ENDP



ARM Macro Assembler    Page 6 


  191 00000012         SVC_Handler
                               PROC
  192 00000012                 EXPORT           SVC_Handler               [WEAK
]
  193 00000012 E7FE            B                .
  194 00000014                 ENDP
  196 00000014         DebugMon_Handler
                               PROC
  197 00000014                 EXPORT           DebugMon_Handler          [WEAK
]
  198 00000014 E7FE            B                .
  199 00000016                 ENDP
  201 00000016         PendSV_Handler
                               PROC
  202 00000016                 EXPORT           PendSV_Handler            [WEAK
]
  203 00000016 E7FE            B                .
  204 00000018                 ENDP
  206 00000018         SysTick_Handler
                               PROC
  207 00000018                 EXPORT           SysTick_Handler           [WEAK
]
  208 00000018 E7FE            B                .
  209 0000001A                 ENDP
  210 0000001A         
  211 0000001A         Default_Handler
                               PROC
  212 0000001A                 EXPORT           UART0_Handler              [WEA
K]
  213 0000001A                 EXPORT           ADC_Handler                [WEA
K]
  214 0000001A                 EXPORT           UART1_Handler              [WEA
K]
  215 0000001A                 EXPORT           DMACINTERR_Handler         [WEA
K]
  216 0000001A                 EXPORT           DMACINTTC_Handler          [WEA
K]
  217 0000001A                 EXPORT           DMACINTR_Handler           [WEA
K]
  218 0000001A                 EXPORT           PORT0_COMB_Handler         [WEA
K]
  219 0000001A                 EXPORT           Spare7_Handler             [WEA
K]
  220 0000001A                 EXPORT           TIMER0_Handler             [WEA
K]
  221 0000001A                 EXPORT           TIMER1_Handler             [WEA
K]
  222 0000001A                 EXPORT           DUALTIMER_HANDLER          [WEA
K]
  223 0000001A                 EXPORT           Spare11_Handler            [WEA
K]
  224 0000001A                 EXPORT           UARTOVF_Handler            [WEA
K]
  225 0000001A                 EXPORT           Spare13_Handler            [WEA
K]
  226 0000001A                 EXPORT           Spare14_Handler            [WEA
K]
  227 0000001A                 EXPORT           Spare15_Handler            [WEA
K]



ARM Macro Assembler    Page 7 


  228 0000001A                 EXPORT           PORT0_0_Handler            [WEA
K]
  229 0000001A                 EXPORT           PORT0_1_Handler            [WEA
K]
  230 0000001A                 EXPORT           PORT0_2_Handler            [WEA
K]
  231 0000001A                 EXPORT           PORT0_3_Handler            [WEA
K]
  232 0000001A                 EXPORT           PORT0_4_Handler            [WEA
K]
  233 0000001A                 EXPORT           PORT0_5_Handler            [WEA
K]
  234 0000001A                 EXPORT           PORT0_6_Handler            [WEA
K]
  235 0000001A                 EXPORT           PORT0_7_Handler            [WEA
K]
  236 0000001A                 EXPORT           PORT0_8_Handler            [WEA
K]
  237 0000001A                 EXPORT           PORT0_9_Handler            [WEA
K]
  238 0000001A                 EXPORT           PORT0_10_Handler           [WEA
K]
  239 0000001A                 EXPORT           PORT0_11_Handler           [WEA
K]
  240 0000001A                 EXPORT           PORT0_12_Handler           [WEA
K]
  241 0000001A                 EXPORT           PORT0_13_Handler           [WEA
K]
  242 0000001A                 EXPORT           PORT0_14_Handler           [WEA
K]
  243 0000001A                 EXPORT           PORT0_15_Handler           [WEA
K]
  244 0000001A                 EXPORT           PORT0_16_Handler           [WEA
K]
  245 0000001A                 EXPORT           PORT0_17_Handler           [WEA
K]
  246 0000001A                 EXPORT           PORT0_18_Handler           [WEA
K]
  247 0000001A                 EXPORT           PORT0_19_Handler           [WEA
K]
  248 0000001A                 EXPORT           PORT0_20_Handler           [WEA
K]
  249 0000001A                 EXPORT           PORT0_21_Handler           [WEA
K]
  250 0000001A                 EXPORT           PORT0_22_Handler           [WEA
K]
  251 0000001A                 EXPORT           PORT0_23_Handler           [WEA
K]
  252 0000001A                 EXPORT           PORT0_24_Handler           [WEA
K]
  253 0000001A                 EXPORT           PORT0_25_Handler           [WEA
K]
  254 0000001A                 EXPORT           PORT0_26_Handler           [WEA
K]
  255 0000001A                 EXPORT           PORT0_27_Handler           [WEA
K]
  256 0000001A                 EXPORT           PORT0_28_Handler           [WEA
K]
  257 0000001A                 EXPORT           PORT0_29_Handler           [WEA



ARM Macro Assembler    Page 8 


K]
  258 0000001A                 EXPORT           PORT0_30_Handler           [WEA
K]
  259 0000001A                 EXPORT           PORT0_31_Handler           [WEA
K]
  260 0000001A                 EXPORT           I2C_Handler                [WEA
K]
  261 0000001A                 EXPORT           MPS2_SSP0_Handler          [WEA
K]
  262 0000001A                 EXPORT           MPS2_SSP1_Handler          [WEA
K]
  263 0000001A                 EXPORT           Spare51_Handler            [WEA
K]
  264 0000001A                 EXPORT           Spare52_Handler            [WEA
K]
  265 0000001A                 EXPORT           Spare53_Handler            [WEA
K]
  266 0000001A                 EXPORT           Spare54_Handler            [WEA
K]
  267 0000001A                 EXPORT           Spare55_Handler            [WEA
K]
  268 0000001A                 EXPORT           Spare56_Handler            [WEA
K]
  269 0000001A                 EXPORT           Spare57_Handler            [WEA
K]
  270 0000001A                 EXPORT           Spare58_Handler            [WEA
K]
  271 0000001A                 EXPORT           Spare59_Handler            [WEA
K]
  272 0000001A                 EXPORT           Spare60_Handler            [WEA
K]
  273 0000001A                 EXPORT           Spare61_Handler            [WEA
K]
  274 0000001A                 EXPORT           Spare62_Handler            [WEA
K]
  275 0000001A                 EXPORT           Spare63_Handler            [WEA
K]
  276 0000001A                 EXPORT           EXT0_Handler               [WEA
K]
  277 0000001A                 EXPORT           EXT1_Handler               [WEA
K]
  278 0000001A                 EXPORT           EXT2_Handler               [WEA
K]
  279 0000001A                 EXPORT           EXT3_Handler               [WEA
K]
  280 0000001A                 EXPORT           EXT4_Handler               [WEA
K]
  281 0000001A                 EXPORT           EXT5_Handler               [WEA
K]
  282 0000001A                 EXPORT           EXT6_Handler               [WEA
K]
  283 0000001A                 EXPORT           EXT7_Handler               [WEA
K]
  284 0000001A                 EXPORT           EXT8_Handler               [WEA
K]
  285 0000001A                 EXPORT           EXT9_Handler               [WEA
K]
  286 0000001A                 EXPORT           EXT10_Handler              [WEA
K]



ARM Macro Assembler    Page 9 


  287 0000001A                 EXPORT           EXT11_Handler              [WEA
K]
  288 0000001A                 EXPORT           EXT12_Handler              [WEA
K]
  289 0000001A                 EXPORT           EXT13_Handler              [WEA
K]
  290 0000001A                 EXPORT           EXT14_Handler              [WEA
K]
  291 0000001A                 EXPORT           EXT15_Handler              [WEA
K]
  292 0000001A         
  293 0000001A         UART0_Handler
  294 0000001A         ADC_Handler
  295 0000001A         UART1_Handler
  296 0000001A         DMACINTERR_Handler
  297 0000001A         DMACINTTC_Handler
  298 0000001A         DMACINTR_Handler
  299 0000001A         PORT0_COMB_Handler
  300 0000001A         Spare7_Handler
  301 0000001A         TIMER0_Handler
  302 0000001A         TIMER1_Handler
  303 0000001A         DUALTIMER_HANDLER
  304 0000001A         Spare11_Handler
  305 0000001A         UARTOVF_Handler
  306 0000001A         Spare13_Handler
  307 0000001A         Spare14_Handler
  308 0000001A         Spare15_Handler
  309 0000001A         PORT0_0_Handler
  310 0000001A         PORT0_1_Handler
  311 0000001A         PORT0_2_Handler
  312 0000001A         PORT0_3_Handler
  313 0000001A         PORT0_4_Handler
  314 0000001A         PORT0_5_Handler
  315 0000001A         PORT0_6_Handler
  316 0000001A         PORT0_7_Handler
  317 0000001A         PORT0_8_Handler
  318 0000001A         PORT0_9_Handler
  319 0000001A         PORT0_10_Handler
  320 0000001A         PORT0_11_Handler
  321 0000001A         PORT0_12_Handler
  322 0000001A         PORT0_13_Handler
  323 0000001A         PORT0_14_Handler
  324 0000001A         PORT0_15_Handler
  325 0000001A         PORT0_16_Handler
  326 0000001A         PORT0_17_Handler
  327 0000001A         PORT0_18_Handler
  328 0000001A         PORT0_19_Handler
  329 0000001A         PORT0_20_Handler
  330 0000001A         PORT0_21_Handler
  331 0000001A         PORT0_22_Handler
  332 0000001A         PORT0_23_Handler
  333 0000001A         PORT0_24_Handler
  334 0000001A         PORT0_25_Handler
  335 0000001A         PORT0_26_Handler
  336 0000001A         PORT0_27_Handler
  337 0000001A         PORT0_28_Handler
  338 0000001A         PORT0_29_Handler
  339 0000001A         PORT0_30_Handler
  340 0000001A         PORT0_31_Handler



ARM Macro Assembler    Page 10 


  341 0000001A         I2C_Handler
  342 0000001A         MPS2_SSP0_Handler
  343 0000001A         MPS2_SSP1_Handler
  344 0000001A         Spare51_Handler
  345 0000001A         Spare52_Handler
  346 0000001A         Spare53_Handler
  347 0000001A         Spare54_Handler
  348 0000001A         Spare55_Handler
  349 0000001A         Spare56_Handler
  350 0000001A         Spare57_Handler
  351 0000001A         Spare58_Handler
  352 0000001A         Spare59_Handler
  353 0000001A         Spare60_Handler
  354 0000001A         Spare61_Handler
  355 0000001A         Spare62_Handler
  356 0000001A         Spare63_Handler
  357 0000001A         EXT0_Handler
  358 0000001A         EXT1_Handler
  359 0000001A         EXT2_Handler
  360 0000001A         EXT3_Handler
  361 0000001A         EXT4_Handler
  362 0000001A         EXT5_Handler
  363 0000001A         EXT6_Handler
  364 0000001A         EXT7_Handler
  365 0000001A         EXT8_Handler
  366 0000001A         EXT9_Handler
  367 0000001A         EXT10_Handler
  368 0000001A         EXT11_Handler
  369 0000001A         EXT12_Handler
  370 0000001A         EXT13_Handler
  371 0000001A         EXT14_Handler
  372 0000001A         EXT15_Handler
  373 0000001A E7FE            B                .
  374 0000001C         
  375 0000001C                 ENDP
  376 0000001C         
  377 0000001C         
  378 0000001C                 ALIGN
  379 0000001C         
  380 0000001C         
  381 0000001C         ; User Initial Stack & Heap
  382 0000001C         
  383 0000001C                 IF               :DEF:__MICROLIB
  390 0000001C         
  391 0000001C                 IMPORT           __use_two_region_memory
  392 0000001C                 EXPORT           __user_initial_stackheap
  393 0000001C         
  394 0000001C         __user_initial_stackheap
                               PROC
  395 0000001C 4804            LDR              R0, =  Heap_Mem
  396 0000001E 4905            LDR              R1, =(Stack_Mem + Stack_Size)
  397 00000020 4A03            LDR              R2, = (Heap_Mem +  Heap_Size)
  398 00000022 4B05            LDR              R3, = Stack_Mem
  399 00000024 4770            BX               LR
  400 00000026                 ENDP
  401 00000026         
  402 00000026 00 00           ALIGN
  403 00000028         
  404 00000028                 ENDIF



ARM Macro Assembler    Page 11 


  405 00000028         
  406 00000028         
  407 00000028                 END
              00000000 
              00000000 
              00000000 
              00001000 
              00000000 
Command Line: --debug --xref --diag_suppress=9931 --cpu=Cortex-M3 --apcs=interw
ork --depend=.\objects\startup_cm3ds.d -o.\objects\startup_cm3ds.o -IC:\Users\t
\AppData\Local\Arm\Packs\ARM\CMSIS\5.8.0\Device\ARM\ARMCM3\Include --predefine=
"__UVISION_VERSION SETA 536" --predefine="ARMCM3 SETA 1" --list=.\listings\star
tup_cm3ds.lst CMSIS\Device\Source\ARM\startup_CM3DS.s



ARM Macro Assembler    Page 1 Alphabetic symbol ordering
Relocatable symbols

STACK 00000000

Symbol: STACK
   Definitions
      At line 35 in file CMSIS\Device\Source\ARM\startup_CM3DS.s
   Uses
      None
Comment: STACK unused
Stack_Mem 00000000

Symbol: Stack_Mem
   Definitions
      At line 36 in file CMSIS\Device\Source\ARM\startup_CM3DS.s
   Uses
      At line 396 in file CMSIS\Device\Source\ARM\startup_CM3DS.s
      At line 398 in file CMSIS\Device\Source\ARM\startup_CM3DS.s

__initial_sp 00001000

Symbol: __initial_sp
   Definitions
      At line 37 in file CMSIS\Device\Source\ARM\startup_CM3DS.s
   Uses
      At line 63 in file CMSIS\Device\Source\ARM\startup_CM3DS.s
Comment: __initial_sp used once
3 symbols



ARM Macro Assembler    Page 1 Alphabetic symbol ordering
Relocatable symbols

HEAP 00000000

Symbol: HEAP
   Definitions
      At line 46 in file CMSIS\Device\Source\ARM\startup_CM3DS.s
   Uses
      None
Comment: HEAP unused
Heap_Mem 00000000

Symbol: Heap_Mem
   Definitions
      At line 48 in file CMSIS\Device\Source\ARM\startup_CM3DS.s
   Uses
      At line 395 in file CMSIS\Device\Source\ARM\startup_CM3DS.s
      At line 397 in file CMSIS\Device\Source\ARM\startup_CM3DS.s

__heap_base 00000000

Symbol: __heap_base
   Definitions
      At line 47 in file CMSIS\Device\Source\ARM\startup_CM3DS.s
   Uses
      None
Comment: __heap_base unused
__heap_limit 00000000

Symbol: __heap_limit
   Definitions
      At line 49 in file CMSIS\Device\Source\ARM\startup_CM3DS.s
   Uses
      None
Comment: __heap_limit unused
4 symbols



ARM Macro Assembler    Page 1 Alphabetic symbol ordering
Relocatable symbols

RESET 00000000

Symbol: RESET
   Definitions
      At line 58 in file CMSIS\Device\Source\ARM\startup_CM3DS.s
   Uses
      None
Comment: RESET unused
__Vectors 00000000

Symbol: __Vectors
   Definitions
      At line 63 in file CMSIS\Device\Source\ARM\startup_CM3DS.s
   Uses
      At line 59 in file CMSIS\Device\Source\ARM\startup_CM3DS.s
      At line 147 in file CMSIS\Device\Source\ARM\startup_CM3DS.s

__Vectors_End 00000140

Symbol: __Vectors_End
   Definitions
      At line 145 in file CMSIS\Device\Source\ARM\startup_CM3DS.s
   Uses
      At line 60 in file CMSIS\Device\Source\ARM\startup_CM3DS.s
      At line 147 in file CMSIS\Device\Source\ARM\startup_CM3DS.s

3 symbols



ARM Macro Assembler    Page 1 Alphabetic symbol ordering
Relocatable symbols

.text 00000000

Symbol: .text
   Definitions
      At line 149 in file CMSIS\Device\Source\ARM\startup_CM3DS.s
   Uses
      None
Comment: .text unused
ADC_Handler 0000001A

Symbol: ADC_Handler
   Definitions
      At line 294 in file CMSIS\Device\Source\ARM\startup_CM3DS.s
   Uses
      At line 82 in file CMSIS\Device\Source\ARM\startup_CM3DS.s
      At line 213 in file CMSIS\Device\Source\ARM\startup_CM3DS.s

BusFault_Handler 0000000E

Symbol: BusFault_Handler
   Definitions
      At line 182 in file CMSIS\Device\Source\ARM\startup_CM3DS.s
   Uses
      At line 68 in file CMSIS\Device\Source\ARM\startup_CM3DS.s
      At line 183 in file CMSIS\Device\Source\ARM\startup_CM3DS.s

DMACINTERR_Handler 0000001A

Symbol: DMACINTERR_Handler
   Definitions
      At line 296 in file CMSIS\Device\Source\ARM\startup_CM3DS.s
   Uses
      At line 84 in file CMSIS\Device\Source\ARM\startup_CM3DS.s
      At line 215 in file CMSIS\Device\Source\ARM\startup_CM3DS.s

DMACINTR_Handler 0000001A

Symbol: DMACINTR_Handler
   Definitions
      At line 298 in file CMSIS\Device\Source\ARM\startup_CM3DS.s
   Uses
      At line 86 in file CMSIS\Device\Source\ARM\startup_CM3DS.s
      At line 217 in file CMSIS\Device\Source\ARM\startup_CM3DS.s

DMACINTTC_Handler 0000001A

Symbol: DMACINTTC_Handler
   Definitions
      At line 297 in file CMSIS\Device\Source\ARM\startup_CM3DS.s
   Uses
      At line 85 in file CMSIS\Device\Source\ARM\startup_CM3DS.s
      At line 216 in file CMSIS\Device\Source\ARM\startup_CM3DS.s

DUALTIMER_HANDLER 0000001A

Symbol: DUALTIMER_HANDLER
   Definitions
      At line 303 in file CMSIS\Device\Source\ARM\startup_CM3DS.s
   Uses



ARM Macro Assembler    Page 2 Alphabetic symbol ordering
Relocatable symbols

      At line 91 in file CMSIS\Device\Source\ARM\startup_CM3DS.s
      At line 222 in file CMSIS\Device\Source\ARM\startup_CM3DS.s

DebugMon_Handler 00000014

Symbol: DebugMon_Handler
   Definitions
      At line 196 in file CMSIS\Device\Source\ARM\startup_CM3DS.s
   Uses
      At line 75 in file CMSIS\Device\Source\ARM\startup_CM3DS.s
      At line 197 in file CMSIS\Device\Source\ARM\startup_CM3DS.s

Default_Handler 0000001A

Symbol: Default_Handler
   Definitions
      At line 211 in file CMSIS\Device\Source\ARM\startup_CM3DS.s
   Uses
      None
Comment: Default_Handler unused
EXT0_Handler 0000001A

Symbol: EXT0_Handler
   Definitions
      At line 357 in file CMSIS\Device\Source\ARM\startup_CM3DS.s
   Uses
      At line 132 in file CMSIS\Device\Source\ARM\startup_CM3DS.s
      At line 276 in file CMSIS\Device\Source\ARM\startup_CM3DS.s

EXT10_Handler 0000001A

Symbol: EXT10_Handler
   Definitions
      At line 367 in file CMSIS\Device\Source\ARM\startup_CM3DS.s
   Uses
      At line 142 in file CMSIS\Device\Source\ARM\startup_CM3DS.s
      At line 286 in file CMSIS\Device\Source\ARM\startup_CM3DS.s

EXT11_Handler 0000001A

Symbol: EXT11_Handler
   Definitions
      At line 368 in file CMSIS\Device\Source\ARM\startup_CM3DS.s
   Uses
      At line 143 in file CMSIS\Device\Source\ARM\startup_CM3DS.s
      At line 287 in file CMSIS\Device\Source\ARM\startup_CM3DS.s

EXT12_Handler 0000001A

Symbol: EXT12_Handler
   Definitions
      At line 369 in file CMSIS\Device\Source\ARM\startup_CM3DS.s
   Uses
      At line 144 in file CMSIS\Device\Source\ARM\startup_CM3DS.s
      At line 288 in file CMSIS\Device\Source\ARM\startup_CM3DS.s

EXT13_Handler 0000001A

Symbol: EXT13_Handler



ARM Macro Assembler    Page 3 Alphabetic symbol ordering
Relocatable symbols

   Definitions
      At line 370 in file CMSIS\Device\Source\ARM\startup_CM3DS.s
   Uses
      At line 94 in file CMSIS\Device\Source\ARM\startup_CM3DS.s
      At line 289 in file CMSIS\Device\Source\ARM\startup_CM3DS.s

EXT14_Handler 0000001A

Symbol: EXT14_Handler
   Definitions
      At line 371 in file CMSIS\Device\Source\ARM\startup_CM3DS.s
   Uses
      At line 95 in file CMSIS\Device\Source\ARM\startup_CM3DS.s
      At line 290 in file CMSIS\Device\Source\ARM\startup_CM3DS.s

EXT15_Handler 0000001A

Symbol: EXT15_Handler
   Definitions
      At line 372 in file CMSIS\Device\Source\ARM\startup_CM3DS.s
   Uses
      At line 96 in file CMSIS\Device\Source\ARM\startup_CM3DS.s
      At line 291 in file CMSIS\Device\Source\ARM\startup_CM3DS.s

EXT1_Handler 0000001A

Symbol: EXT1_Handler
   Definitions
      At line 358 in file CMSIS\Device\Source\ARM\startup_CM3DS.s
   Uses
      At line 133 in file CMSIS\Device\Source\ARM\startup_CM3DS.s
      At line 277 in file CMSIS\Device\Source\ARM\startup_CM3DS.s

EXT2_Handler 0000001A

Symbol: EXT2_Handler
   Definitions
      At line 359 in file CMSIS\Device\Source\ARM\startup_CM3DS.s
   Uses
      At line 134 in file CMSIS\Device\Source\ARM\startup_CM3DS.s
      At line 278 in file CMSIS\Device\Source\ARM\startup_CM3DS.s

EXT3_Handler 0000001A

Symbol: EXT3_Handler
   Definitions
      At line 360 in file CMSIS\Device\Source\ARM\startup_CM3DS.s
   Uses
      At line 135 in file CMSIS\Device\Source\ARM\startup_CM3DS.s
      At line 279 in file CMSIS\Device\Source\ARM\startup_CM3DS.s

EXT4_Handler 0000001A

Symbol: EXT4_Handler
   Definitions
      At line 361 in file CMSIS\Device\Source\ARM\startup_CM3DS.s
   Uses
      At line 136 in file CMSIS\Device\Source\ARM\startup_CM3DS.s
      At line 280 in file CMSIS\Device\Source\ARM\startup_CM3DS.s



ARM Macro Assembler    Page 4 Alphabetic symbol ordering
Relocatable symbols


EXT5_Handler 0000001A

Symbol: EXT5_Handler
   Definitions
      At line 362 in file CMSIS\Device\Source\ARM\startup_CM3DS.s
   Uses
      At line 137 in file CMSIS\Device\Source\ARM\startup_CM3DS.s
      At line 281 in file CMSIS\Device\Source\ARM\startup_CM3DS.s

EXT6_Handler 0000001A

Symbol: EXT6_Handler
   Definitions
      At line 363 in file CMSIS\Device\Source\ARM\startup_CM3DS.s
   Uses
      At line 138 in file CMSIS\Device\Source\ARM\startup_CM3DS.s
      At line 282 in file CMSIS\Device\Source\ARM\startup_CM3DS.s

EXT7_Handler 0000001A

Symbol: EXT7_Handler
   Definitions
      At line 364 in file CMSIS\Device\Source\ARM\startup_CM3DS.s
   Uses
      At line 139 in file CMSIS\Device\Source\ARM\startup_CM3DS.s
      At line 283 in file CMSIS\Device\Source\ARM\startup_CM3DS.s

EXT8_Handler 0000001A

Symbol: EXT8_Handler
   Definitions
      At line 365 in file CMSIS\Device\Source\ARM\startup_CM3DS.s
   Uses
      At line 140 in file CMSIS\Device\Source\ARM\startup_CM3DS.s
      At line 284 in file CMSIS\Device\Source\ARM\startup_CM3DS.s

EXT9_Handler 0000001A

Symbol: EXT9_Handler
   Definitions
      At line 366 in file CMSIS\Device\Source\ARM\startup_CM3DS.s
   Uses
      At line 141 in file CMSIS\Device\Source\ARM\startup_CM3DS.s
      At line 285 in file CMSIS\Device\Source\ARM\startup_CM3DS.s

HardFault_Handler 0000000A

Symbol: HardFault_Handler
   Definitions
      At line 172 in file CMSIS\Device\Source\ARM\startup_CM3DS.s
   Uses
      At line 66 in file CMSIS\Device\Source\ARM\startup_CM3DS.s
      At line 173 in file CMSIS\Device\Source\ARM\startup_CM3DS.s

I2C_Handler 0000001A

Symbol: I2C_Handler
   Definitions



ARM Macro Assembler    Page 5 Alphabetic symbol ordering
Relocatable symbols

      At line 341 in file CMSIS\Device\Source\ARM\startup_CM3DS.s
   Uses
      At line 129 in file CMSIS\Device\Source\ARM\startup_CM3DS.s
      At line 260 in file CMSIS\Device\Source\ARM\startup_CM3DS.s

MPS2_SSP0_Handler 0000001A

Symbol: MPS2_SSP0_Handler
   Definitions
      At line 342 in file CMSIS\Device\Source\ARM\startup_CM3DS.s
   Uses
      At line 130 in file CMSIS\Device\Source\ARM\startup_CM3DS.s
      At line 261 in file CMSIS\Device\Source\ARM\startup_CM3DS.s

MPS2_SSP1_Handler 0000001A

Symbol: MPS2_SSP1_Handler
   Definitions
      At line 343 in file CMSIS\Device\Source\ARM\startup_CM3DS.s
   Uses
      At line 131 in file CMSIS\Device\Source\ARM\startup_CM3DS.s
      At line 262 in file CMSIS\Device\Source\ARM\startup_CM3DS.s

MemManage_Handler 0000000C

Symbol: MemManage_Handler
   Definitions
      At line 177 in file CMSIS\Device\Source\ARM\startup_CM3DS.s
   Uses
      At line 67 in file CMSIS\Device\Source\ARM\startup_CM3DS.s
      At line 178 in file CMSIS\Device\Source\ARM\startup_CM3DS.s

NMI_Handler 00000008

Symbol: NMI_Handler
   Definitions
      At line 167 in file CMSIS\Device\Source\ARM\startup_CM3DS.s
   Uses
      At line 65 in file CMSIS\Device\Source\ARM\startup_CM3DS.s
      At line 168 in file CMSIS\Device\Source\ARM\startup_CM3DS.s

PORT0_0_Handler 0000001A

Symbol: PORT0_0_Handler
   Definitions
      At line 309 in file CMSIS\Device\Source\ARM\startup_CM3DS.s
   Uses
      At line 97 in file CMSIS\Device\Source\ARM\startup_CM3DS.s
      At line 228 in file CMSIS\Device\Source\ARM\startup_CM3DS.s

PORT0_10_Handler 0000001A

Symbol: PORT0_10_Handler
   Definitions
      At line 319 in file CMSIS\Device\Source\ARM\startup_CM3DS.s
   Uses
      At line 107 in file CMSIS\Device\Source\ARM\startup_CM3DS.s
      At line 238 in file CMSIS\Device\Source\ARM\startup_CM3DS.s




ARM Macro Assembler    Page 6 Alphabetic symbol ordering
Relocatable symbols

PORT0_11_Handler 0000001A

Symbol: PORT0_11_Handler
   Definitions
      At line 320 in file CMSIS\Device\Source\ARM\startup_CM3DS.s
   Uses
      At line 108 in file CMSIS\Device\Source\ARM\startup_CM3DS.s
      At line 239 in file CMSIS\Device\Source\ARM\startup_CM3DS.s

PORT0_12_Handler 0000001A

Symbol: PORT0_12_Handler
   Definitions
      At line 321 in file CMSIS\Device\Source\ARM\startup_CM3DS.s
   Uses
      At line 109 in file CMSIS\Device\Source\ARM\startup_CM3DS.s
      At line 240 in file CMSIS\Device\Source\ARM\startup_CM3DS.s

PORT0_13_Handler 0000001A

Symbol: PORT0_13_Handler
   Definitions
      At line 322 in file CMSIS\Device\Source\ARM\startup_CM3DS.s
   Uses
      At line 110 in file CMSIS\Device\Source\ARM\startup_CM3DS.s
      At line 241 in file CMSIS\Device\Source\ARM\startup_CM3DS.s

PORT0_14_Handler 0000001A

Symbol: PORT0_14_Handler
   Definitions
      At line 323 in file CMSIS\Device\Source\ARM\startup_CM3DS.s
   Uses
      At line 111 in file CMSIS\Device\Source\ARM\startup_CM3DS.s
      At line 242 in file CMSIS\Device\Source\ARM\startup_CM3DS.s

PORT0_15_Handler 0000001A

Symbol: PORT0_15_Handler
   Definitions
      At line 324 in file CMSIS\Device\Source\ARM\startup_CM3DS.s
   Uses
      At line 112 in file CMSIS\Device\Source\ARM\startup_CM3DS.s
      At line 243 in file CMSIS\Device\Source\ARM\startup_CM3DS.s

PORT0_16_Handler 0000001A

Symbol: PORT0_16_Handler
   Definitions
      At line 325 in file CMSIS\Device\Source\ARM\startup_CM3DS.s
   Uses
      At line 113 in file CMSIS\Device\Source\ARM\startup_CM3DS.s
      At line 244 in file CMSIS\Device\Source\ARM\startup_CM3DS.s

PORT0_17_Handler 0000001A

Symbol: PORT0_17_Handler
   Definitions
      At line 326 in file CMSIS\Device\Source\ARM\startup_CM3DS.s



ARM Macro Assembler    Page 7 Alphabetic symbol ordering
Relocatable symbols

   Uses
      At line 114 in file CMSIS\Device\Source\ARM\startup_CM3DS.s
      At line 245 in file CMSIS\Device\Source\ARM\startup_CM3DS.s

PORT0_18_Handler 0000001A

Symbol: PORT0_18_Handler
   Definitions
      At line 327 in file CMSIS\Device\Source\ARM\startup_CM3DS.s
   Uses
      At line 115 in file CMSIS\Device\Source\ARM\startup_CM3DS.s
      At line 246 in file CMSIS\Device\Source\ARM\startup_CM3DS.s

PORT0_19_Handler 0000001A

Symbol: PORT0_19_Handler
   Definitions
      At line 328 in file CMSIS\Device\Source\ARM\startup_CM3DS.s
   Uses
      At line 116 in file CMSIS\Device\Source\ARM\startup_CM3DS.s
      At line 247 in file CMSIS\Device\Source\ARM\startup_CM3DS.s

PORT0_1_Handler 0000001A

Symbol: PORT0_1_Handler
   Definitions
      At line 310 in file CMSIS\Device\Source\ARM\startup_CM3DS.s
   Uses
      At line 98 in file CMSIS\Device\Source\ARM\startup_CM3DS.s
      At line 229 in file CMSIS\Device\Source\ARM\startup_CM3DS.s

PORT0_20_Handler 0000001A

Symbol: PORT0_20_Handler
   Definitions
      At line 329 in file CMSIS\Device\Source\ARM\startup_CM3DS.s
   Uses
      At line 117 in file CMSIS\Device\Source\ARM\startup_CM3DS.s
      At line 248 in file CMSIS\Device\Source\ARM\startup_CM3DS.s

PORT0_21_Handler 0000001A

Symbol: PORT0_21_Handler
   Definitions
      At line 330 in file CMSIS\Device\Source\ARM\startup_CM3DS.s
   Uses
      At line 118 in file CMSIS\Device\Source\ARM\startup_CM3DS.s
      At line 249 in file CMSIS\Device\Source\ARM\startup_CM3DS.s

PORT0_22_Handler 0000001A

Symbol: PORT0_22_Handler
   Definitions
      At line 331 in file CMSIS\Device\Source\ARM\startup_CM3DS.s
   Uses
      At line 119 in file CMSIS\Device\Source\ARM\startup_CM3DS.s
      At line 250 in file CMSIS\Device\Source\ARM\startup_CM3DS.s

PORT0_23_Handler 0000001A



ARM Macro Assembler    Page 8 Alphabetic symbol ordering
Relocatable symbols


Symbol: PORT0_23_Handler
   Definitions
      At line 332 in file CMSIS\Device\Source\ARM\startup_CM3DS.s
   Uses
      At line 120 in file CMSIS\Device\Source\ARM\startup_CM3DS.s
      At line 251 in file CMSIS\Device\Source\ARM\startup_CM3DS.s

PORT0_24_Handler 0000001A

Symbol: PORT0_24_Handler
   Definitions
      At line 333 in file CMSIS\Device\Source\ARM\startup_CM3DS.s
   Uses
      At line 121 in file CMSIS\Device\Source\ARM\startup_CM3DS.s
      At line 252 in file CMSIS\Device\Source\ARM\startup_CM3DS.s

PORT0_25_Handler 0000001A

Symbol: PORT0_25_Handler
   Definitions
      At line 334 in file CMSIS\Device\Source\ARM\startup_CM3DS.s
   Uses
      At line 122 in file CMSIS\Device\Source\ARM\startup_CM3DS.s
      At line 253 in file CMSIS\Device\Source\ARM\startup_CM3DS.s

PORT0_26_Handler 0000001A

Symbol: PORT0_26_Handler
   Definitions
      At line 335 in file CMSIS\Device\Source\ARM\startup_CM3DS.s
   Uses
      At line 123 in file CMSIS\Device\Source\ARM\startup_CM3DS.s
      At line 254 in file CMSIS\Device\Source\ARM\startup_CM3DS.s

PORT0_27_Handler 0000001A

Symbol: PORT0_27_Handler
   Definitions
      At line 336 in file CMSIS\Device\Source\ARM\startup_CM3DS.s
   Uses
      At line 124 in file CMSIS\Device\Source\ARM\startup_CM3DS.s
      At line 255 in file CMSIS\Device\Source\ARM\startup_CM3DS.s

PORT0_28_Handler 0000001A

Symbol: PORT0_28_Handler
   Definitions
      At line 337 in file CMSIS\Device\Source\ARM\startup_CM3DS.s
   Uses
      At line 125 in file CMSIS\Device\Source\ARM\startup_CM3DS.s
      At line 256 in file CMSIS\Device\Source\ARM\startup_CM3DS.s

PORT0_29_Handler 0000001A

Symbol: PORT0_29_Handler
   Definitions
      At line 338 in file CMSIS\Device\Source\ARM\startup_CM3DS.s
   Uses



ARM Macro Assembler    Page 9 Alphabetic symbol ordering
Relocatable symbols

      At line 126 in file CMSIS\Device\Source\ARM\startup_CM3DS.s
      At line 257 in file CMSIS\Device\Source\ARM\startup_CM3DS.s

PORT0_2_Handler 0000001A

Symbol: PORT0_2_Handler
   Definitions
      At line 311 in file CMSIS\Device\Source\ARM\startup_CM3DS.s
   Uses
      At line 99 in file CMSIS\Device\Source\ARM\startup_CM3DS.s
      At line 230 in file CMSIS\Device\Source\ARM\startup_CM3DS.s

PORT0_30_Handler 0000001A

Symbol: PORT0_30_Handler
   Definitions
      At line 339 in file CMSIS\Device\Source\ARM\startup_CM3DS.s
   Uses
      At line 127 in file CMSIS\Device\Source\ARM\startup_CM3DS.s
      At line 258 in file CMSIS\Device\Source\ARM\startup_CM3DS.s

PORT0_31_Handler 0000001A

Symbol: PORT0_31_Handler
   Definitions
      At line 340 in file CMSIS\Device\Source\ARM\startup_CM3DS.s
   Uses
      At line 128 in file CMSIS\Device\Source\ARM\startup_CM3DS.s
      At line 259 in file CMSIS\Device\Source\ARM\startup_CM3DS.s

PORT0_3_Handler 0000001A

Symbol: PORT0_3_Handler
   Definitions
      At line 312 in file CMSIS\Device\Source\ARM\startup_CM3DS.s
   Uses
      At line 100 in file CMSIS\Device\Source\ARM\startup_CM3DS.s
      At line 231 in file CMSIS\Device\Source\ARM\startup_CM3DS.s

PORT0_4_Handler 0000001A

Symbol: PORT0_4_Handler
   Definitions
      At line 313 in file CMSIS\Device\Source\ARM\startup_CM3DS.s
   Uses
      At line 101 in file CMSIS\Device\Source\ARM\startup_CM3DS.s
      At line 232 in file CMSIS\Device\Source\ARM\startup_CM3DS.s

PORT0_5_Handler 0000001A

Symbol: PORT0_5_Handler
   Definitions
      At line 314 in file CMSIS\Device\Source\ARM\startup_CM3DS.s
   Uses
      At line 102 in file CMSIS\Device\Source\ARM\startup_CM3DS.s
      At line 233 in file CMSIS\Device\Source\ARM\startup_CM3DS.s

PORT0_6_Handler 0000001A




ARM Macro Assembler    Page 10 Alphabetic symbol ordering
Relocatable symbols

Symbol: PORT0_6_Handler
   Definitions
      At line 315 in file CMSIS\Device\Source\ARM\startup_CM3DS.s
   Uses
      At line 103 in file CMSIS\Device\Source\ARM\startup_CM3DS.s
      At line 234 in file CMSIS\Device\Source\ARM\startup_CM3DS.s

PORT0_7_Handler 0000001A

Symbol: PORT0_7_Handler
   Definitions
      At line 316 in file CMSIS\Device\Source\ARM\startup_CM3DS.s
   Uses
      At line 104 in file CMSIS\Device\Source\ARM\startup_CM3DS.s
      At line 235 in file CMSIS\Device\Source\ARM\startup_CM3DS.s

PORT0_8_Handler 0000001A

Symbol: PORT0_8_Handler
   Definitions
      At line 317 in file CMSIS\Device\Source\ARM\startup_CM3DS.s
   Uses
      At line 105 in file CMSIS\Device\Source\ARM\startup_CM3DS.s
      At line 236 in file CMSIS\Device\Source\ARM\startup_CM3DS.s

PORT0_9_Handler 0000001A

Symbol: PORT0_9_Handler
   Definitions
      At line 318 in file CMSIS\Device\Source\ARM\startup_CM3DS.s
   Uses
      At line 106 in file CMSIS\Device\Source\ARM\startup_CM3DS.s
      At line 237 in file CMSIS\Device\Source\ARM\startup_CM3DS.s

PORT0_COMB_Handler 0000001A

Symbol: PORT0_COMB_Handler
   Definitions
      At line 299 in file CMSIS\Device\Source\ARM\startup_CM3DS.s
   Uses
      At line 87 in file CMSIS\Device\Source\ARM\startup_CM3DS.s
      At line 218 in file CMSIS\Device\Source\ARM\startup_CM3DS.s

PendSV_Handler 00000016

Symbol: PendSV_Handler
   Definitions
      At line 201 in file CMSIS\Device\Source\ARM\startup_CM3DS.s
   Uses
      At line 77 in file CMSIS\Device\Source\ARM\startup_CM3DS.s
      At line 202 in file CMSIS\Device\Source\ARM\startup_CM3DS.s

Reset_Handler 00000000

Symbol: Reset_Handler
   Definitions
      At line 154 in file CMSIS\Device\Source\ARM\startup_CM3DS.s
   Uses
      At line 64 in file CMSIS\Device\Source\ARM\startup_CM3DS.s



ARM Macro Assembler    Page 11 Alphabetic symbol ordering
Relocatable symbols

      At line 155 in file CMSIS\Device\Source\ARM\startup_CM3DS.s

SVC_Handler 00000012

Symbol: SVC_Handler
   Definitions
      At line 191 in file CMSIS\Device\Source\ARM\startup_CM3DS.s
   Uses
      At line 74 in file CMSIS\Device\Source\ARM\startup_CM3DS.s
      At line 192 in file CMSIS\Device\Source\ARM\startup_CM3DS.s

Spare11_Handler 0000001A

Symbol: Spare11_Handler
   Definitions
      At line 304 in file CMSIS\Device\Source\ARM\startup_CM3DS.s
   Uses
      At line 92 in file CMSIS\Device\Source\ARM\startup_CM3DS.s
      At line 223 in file CMSIS\Device\Source\ARM\startup_CM3DS.s

Spare13_Handler 0000001A

Symbol: Spare13_Handler
   Definitions
      At line 306 in file CMSIS\Device\Source\ARM\startup_CM3DS.s
   Uses
      At line 225 in file CMSIS\Device\Source\ARM\startup_CM3DS.s
Comment: Spare13_Handler used once
Spare14_Handler 0000001A

Symbol: Spare14_Handler
   Definitions
      At line 307 in file CMSIS\Device\Source\ARM\startup_CM3DS.s
   Uses
      At line 226 in file CMSIS\Device\Source\ARM\startup_CM3DS.s
Comment: Spare14_Handler used once
Spare15_Handler 0000001A

Symbol: Spare15_Handler
   Definitions
      At line 308 in file CMSIS\Device\Source\ARM\startup_CM3DS.s
   Uses
      At line 227 in file CMSIS\Device\Source\ARM\startup_CM3DS.s
Comment: Spare15_Handler used once
Spare51_Handler 0000001A

Symbol: Spare51_Handler
   Definitions
      At line 344 in file CMSIS\Device\Source\ARM\startup_CM3DS.s
   Uses
      At line 263 in file CMSIS\Device\Source\ARM\startup_CM3DS.s
Comment: Spare51_Handler used once
Spare52_Handler 0000001A

Symbol: Spare52_Handler
   Definitions
      At line 345 in file CMSIS\Device\Source\ARM\startup_CM3DS.s
   Uses
      At line 264 in file CMSIS\Device\Source\ARM\startup_CM3DS.s



ARM Macro Assembler    Page 12 Alphabetic symbol ordering
Relocatable symbols

Comment: Spare52_Handler used once
Spare53_Handler 0000001A

Symbol: Spare53_Handler
   Definitions
      At line 346 in file CMSIS\Device\Source\ARM\startup_CM3DS.s
   Uses
      At line 265 in file CMSIS\Device\Source\ARM\startup_CM3DS.s
Comment: Spare53_Handler used once
Spare54_Handler 0000001A

Symbol: Spare54_Handler
   Definitions
      At line 347 in file CMSIS\Device\Source\ARM\startup_CM3DS.s
   Uses
      At line 266 in file CMSIS\Device\Source\ARM\startup_CM3DS.s
Comment: Spare54_Handler used once
Spare55_Handler 0000001A

Symbol: Spare55_Handler
   Definitions
      At line 348 in file CMSIS\Device\Source\ARM\startup_CM3DS.s
   Uses
      At line 267 in file CMSIS\Device\Source\ARM\startup_CM3DS.s
Comment: Spare55_Handler used once
Spare56_Handler 0000001A

Symbol: Spare56_Handler
   Definitions
      At line 349 in file CMSIS\Device\Source\ARM\startup_CM3DS.s
   Uses
      At line 268 in file CMSIS\Device\Source\ARM\startup_CM3DS.s
Comment: Spare56_Handler used once
Spare57_Handler 0000001A

Symbol: Spare57_Handler
   Definitions
      At line 350 in file CMSIS\Device\Source\ARM\startup_CM3DS.s
   Uses
      At line 269 in file CMSIS\Device\Source\ARM\startup_CM3DS.s
Comment: Spare57_Handler used once
Spare58_Handler 0000001A

Symbol: Spare58_Handler
   Definitions
      At line 351 in file CMSIS\Device\Source\ARM\startup_CM3DS.s
   Uses
      At line 270 in file CMSIS\Device\Source\ARM\startup_CM3DS.s
Comment: Spare58_Handler used once
Spare59_Handler 0000001A

Symbol: Spare59_Handler
   Definitions
      At line 352 in file CMSIS\Device\Source\ARM\startup_CM3DS.s
   Uses
      At line 271 in file CMSIS\Device\Source\ARM\startup_CM3DS.s
Comment: Spare59_Handler used once
Spare60_Handler 0000001A




ARM Macro Assembler    Page 13 Alphabetic symbol ordering
Relocatable symbols

Symbol: Spare60_Handler
   Definitions
      At line 353 in file CMSIS\Device\Source\ARM\startup_CM3DS.s
   Uses
      At line 272 in file CMSIS\Device\Source\ARM\startup_CM3DS.s
Comment: Spare60_Handler used once
Spare61_Handler 0000001A

Symbol: Spare61_Handler
   Definitions
      At line 354 in file CMSIS\Device\Source\ARM\startup_CM3DS.s
   Uses
      At line 273 in file CMSIS\Device\Source\ARM\startup_CM3DS.s
Comment: Spare61_Handler used once
Spare62_Handler 0000001A

Symbol: Spare62_Handler
   Definitions
      At line 355 in file CMSIS\Device\Source\ARM\startup_CM3DS.s
   Uses
      At line 274 in file CMSIS\Device\Source\ARM\startup_CM3DS.s
Comment: Spare62_Handler used once
Spare63_Handler 0000001A

Symbol: Spare63_Handler
   Definitions
      At line 356 in file CMSIS\Device\Source\ARM\startup_CM3DS.s
   Uses
      At line 275 in file CMSIS\Device\Source\ARM\startup_CM3DS.s
Comment: Spare63_Handler used once
Spare7_Handler 0000001A

Symbol: Spare7_Handler
   Definitions
      At line 300 in file CMSIS\Device\Source\ARM\startup_CM3DS.s
   Uses
      At line 88 in file CMSIS\Device\Source\ARM\startup_CM3DS.s
      At line 219 in file CMSIS\Device\Source\ARM\startup_CM3DS.s

SysTick_Handler 00000018

Symbol: SysTick_Handler
   Definitions
      At line 206 in file CMSIS\Device\Source\ARM\startup_CM3DS.s
   Uses
      At line 78 in file CMSIS\Device\Source\ARM\startup_CM3DS.s
      At line 207 in file CMSIS\Device\Source\ARM\startup_CM3DS.s

TIMER0_Handler 0000001A

Symbol: TIMER0_Handler
   Definitions
      At line 301 in file CMSIS\Device\Source\ARM\startup_CM3DS.s
   Uses
      At line 89 in file CMSIS\Device\Source\ARM\startup_CM3DS.s
      At line 220 in file CMSIS\Device\Source\ARM\startup_CM3DS.s

TIMER1_Handler 0000001A




ARM Macro Assembler    Page 14 Alphabetic symbol ordering
Relocatable symbols

Symbol: TIMER1_Handler
   Definitions
      At line 302 in file CMSIS\Device\Source\ARM\startup_CM3DS.s
   Uses
      At line 90 in file CMSIS\Device\Source\ARM\startup_CM3DS.s
      At line 221 in file CMSIS\Device\Source\ARM\startup_CM3DS.s

UART0_Handler 0000001A

Symbol: UART0_Handler
   Definitions
      At line 293 in file CMSIS\Device\Source\ARM\startup_CM3DS.s
   Uses
      At line 81 in file CMSIS\Device\Source\ARM\startup_CM3DS.s
      At line 212 in file CMSIS\Device\Source\ARM\startup_CM3DS.s

UART1_Handler 0000001A

Symbol: UART1_Handler
   Definitions
      At line 295 in file CMSIS\Device\Source\ARM\startup_CM3DS.s
   Uses
      At line 83 in file CMSIS\Device\Source\ARM\startup_CM3DS.s
      At line 214 in file CMSIS\Device\Source\ARM\startup_CM3DS.s

UARTOVF_Handler 0000001A

Symbol: UARTOVF_Handler
   Definitions
      At line 305 in file CMSIS\Device\Source\ARM\startup_CM3DS.s
   Uses
      At line 93 in file CMSIS\Device\Source\ARM\startup_CM3DS.s
      At line 224 in file CMSIS\Device\Source\ARM\startup_CM3DS.s

UsageFault_Handler 00000010

Symbol: UsageFault_Handler
   Definitions
      At line 187 in file CMSIS\Device\Source\ARM\startup_CM3DS.s
   Uses
      At line 69 in file CMSIS\Device\Source\ARM\startup_CM3DS.s
      At line 188 in file CMSIS\Device\Source\ARM\startup_CM3DS.s

__user_initial_stackheap 0000001C

Symbol: __user_initial_stackheap
   Definitions
      At line 394 in file CMSIS\Device\Source\ARM\startup_CM3DS.s
   Uses
      At line 392 in file CMSIS\Device\Source\ARM\startup_CM3DS.s
Comment: __user_initial_stackheap used once
93 symbols



ARM Macro Assembler    Page 1 Alphabetic symbol ordering
Absolute symbols

Heap_Size 00000000

Symbol: Heap_Size
   Definitions
      At line 44 in file CMSIS\Device\Source\ARM\startup_CM3DS.s
   Uses
      At line 48 in file CMSIS\Device\Source\ARM\startup_CM3DS.s
      At line 397 in file CMSIS\Device\Source\ARM\startup_CM3DS.s

Stack_Size 00001000

Symbol: Stack_Size
   Definitions
      At line 33 in file CMSIS\Device\Source\ARM\startup_CM3DS.s
   Uses
      At line 36 in file CMSIS\Device\Source\ARM\startup_CM3DS.s
      At line 396 in file CMSIS\Device\Source\ARM\startup_CM3DS.s

__Vectors_Size 00000140

Symbol: __Vectors_Size
   Definitions
      At line 147 in file CMSIS\Device\Source\ARM\startup_CM3DS.s
   Uses
      At line 61 in file CMSIS\Device\Source\ARM\startup_CM3DS.s
Comment: __Vectors_Size used once
3 symbols



ARM Macro Assembler    Page 1 Alphabetic symbol ordering
External symbols

SystemInit 00000000

Symbol: SystemInit
   Definitions
      At line 156 in file CMSIS\Device\Source\ARM\startup_CM3DS.s
   Uses
      At line 158 in file CMSIS\Device\Source\ARM\startup_CM3DS.s
Comment: SystemInit used once
__main 00000000

Symbol: __main
   Definitions
      At line 157 in file CMSIS\Device\Source\ARM\startup_CM3DS.s
   Uses
      At line 160 in file CMSIS\Device\Source\ARM\startup_CM3DS.s
Comment: __main used once
__use_two_region_memory 00000000

Symbol: __use_two_region_memory
   Definitions
      At line 391 in file CMSIS\Device\Source\ARM\startup_CM3DS.s
   Uses
      None
Comment: __use_two_region_memory unused
3 symbols
445 symbols in table
