
######################oOOOo###########oOOOo##########################
#  HqFpga(TM) Release V2.14.4 (Winter 2023) Build 021824
#  [网表报告]
#####################################################################
日期 : Tue Feb 27 01:28:13 2024

Library U_ARCH
+-----------+------+
| Cell 名称 | 数量 |
+-----------+------+
| PIO       |   53 |
| IOLOGIC   |   10 |
| PLL_25K   |    1 |
| CM3       |    1 |
| SLICEL    |  255 |
+-----------+------+
| Sum       |  320 |
+-----------+------+

Library work
+-----------+------+
| Cell 名称 | 数量 |
+-----------+------+
| top       |    1 |
+-----------+------+
| Sum       |    1 |
+-----------+------+

######################oOOOo###########oOOOo##########################
#  HqFpga(TM) Release V2.14.4 (Winter 2023) Build 021824
#  [资源位置分配报告]
#####################################################################
日期 : Tue Feb 27 01:28:13 2024
器件 : SA5Z-30-D1-8U213C

** Bank Voltage Available **
+------+-------+
| Bank | VCCIO |
+------+-------+
| 0    |  2.5  |
| 1    |  3.3  |
| 2    |  3.3  |
| 3    |  3.3  |
| 5    |  2.5  |
+------+-------+
** IO端口位置 **
+---------------+--------+------------+------------+------+-------+-------+----------+----------+
| 端口名        |  方向  |    位置    |   IO标准   | Bank | VCCIO | DRIVE | SLEWRATE | PULLMODE |
+---------------+--------+------------+------------+------+-------+-------+----------+----------+
| clk_27M       | INPUT  | -NOT USED- | -NOT USED- |      |       |       |          |          |
| clk_25M       | INPUT  |    H13     |  LVCMOS33  |  2   |  3.3  |       |          |   DOWN   |
| clk_p3        | INPUT  | -NOT USED- | -NOT USED- |      |       |       |          |          |
| clk_p4        | INPUT  | -NOT USED- | -NOT USED- |      |       |       |          |          |
| clk_p5        | INPUT  | -NOT USED- | -NOT USED- |      |       |       |          |          |
| flash_miso    | INPUT  | -NOT USED- | -NOT USED- |      |       |       |          |          |
| SWCLK         | INPUT  |     H1     |  LVCMOS33  |  1   |  3.3  |       |          |   DOWN   |
| key_pin[2]    | INPUT  |     F5     |  LVCMOS33  |  1   |  3.3  |       |          |   DOWN   |
| key_pin[1]    | INPUT  |     E5     |  LVCMOS33  |  1   |  3.3  |       |          |   DOWN   |
| key_pin[0]    | INPUT  |     D5     |  LVCMOS33  |  1   |  3.3  |       |          |   DOWN   |
| uart_DAP_rx   | INPUT  |     C5     |  LVCMOS33  |  1   |  3.3  |       |          |    UP    |
| uart_ch340_rx | INPUT  |    C15     |  LVCMOS33  |  2   |  3.3  |       |          |    UP    |
| sd_miso       | INPUT  | -NOT USED- | -NOT USED- |      |       |       |          |          |
| w5500_rstn    | INPUT  | -NOT USED- | -NOT USED- |      |       |       |          |          |
| w5500_intn    | INPUT  | -NOT USED- | -NOT USED- |      |       |       |          |          |
| w5500_miso    | INPUT  | -NOT USED- | -NOT USED- |      |       |       |          |          |
| led_core      | OUTPUT |     B6     |  LVCMOS33  |  1   |  3.3  |   8   |   SLOW   |          |
| pll_i2c_scl   | OUTPUT | -NOT USED- | -NOT USED- |      |       |       |          |          |
| SRAM_ADDR[18] | OUTPUT |     R5     |  LVCMOS33  |  3   |  3.3  |   8   |   SLOW   |          |
| SRAM_ADDR[17] | OUTPUT |    P15     |  LVCMOS33  |  3   |  3.3  |   8   |   SLOW   |          |
| SRAM_ADDR[16] | OUTPUT |    R15     |  LVCMOS33  |  3   |  3.3  |   8   |   SLOW   |          |
| SRAM_ADDR[15] | OUTPUT |    P14     |  LVCMOS33  |  3   |  3.3  |   8   |   SLOW   |          |
| SRAM_ADDR[14] | OUTPUT |     P4     |  LVCMOS33  |  3   |  3.3  |   8   |   SLOW   |          |
| SRAM_ADDR[13] | OUTPUT |     R4     |  LVCMOS33  |  3   |  3.3  |   8   |   SLOW   |          |
| SRAM_ADDR[12] | OUTPUT |     P3     |  LVCMOS33  |  3   |  3.3  |   8   |   SLOW   |          |
| SRAM_ADDR[11] | OUTPUT |     R3     |  LVCMOS33  |  3   |  3.3  |   8   |   SLOW   |          |
| SRAM_ADDR[10] | OUTPUT |     R2     |  LVCMOS33  |  3   |  3.3  |   8   |   SLOW   |          |
| SRAM_ADDR[9]  | OUTPUT |     M3     |  LVCMOS33  |  3   |  3.3  |   8   |   SLOW   |          |
| SRAM_ADDR[8]  | OUTPUT |     N3     |  LVCMOS33  |  3   |  3.3  |   8   |   SLOW   |          |
| SRAM_ADDR[7]  | OUTPUT |     L5     |  LVCMOS33  |  3   |  3.3  |   8   |   SLOW   |          |
| SRAM_ADDR[6]  | OUTPUT |     M4     |  LVCMOS33  |  3   |  3.3  |   8   |   SLOW   |          |
| SRAM_ADDR[5]  | OUTPUT |     N5     |  LVCMOS33  |  3   |  3.3  |   8   |   SLOW   |          |
| SRAM_ADDR[4]  | OUTPUT |    M12     |  LVCMOS33  |  3   |  3.3  |   8   |   SLOW   |          |
| SRAM_ADDR[3]  | OUTPUT |    N14     |  LVCMOS33  |  3   |  3.3  |   8   |   SLOW   |          |
| SRAM_ADDR[2]  | OUTPUT |    N15     |  LVCMOS33  |  3   |  3.3  |   8   |   SLOW   |          |
| SRAM_ADDR[1]  | OUTPUT |    M13     |  LVCMOS33  |  3   |  3.3  |   8   |   SLOW   |          |
| SRAM_ADDR[0]  | OUTPUT |    L11     |  LVCMOS33  |  3   |  3.3  |   8   |   SLOW   |          |
| SRAM_nWE      | OUTPUT |     L6     |  LVCMOS33  |  3   |  3.3  |   8   |   SLOW   |          |
| SRAM_nOE      | OUTPUT |    R14     |  LVCMOS33  |  3   |  3.3  |   8   |   SLOW   |          |
| SRAM_nCE      | OUTPUT |    N12     |  LVCMOS33  |  3   |  3.3  |   8   |   SLOW   |          |
| SRAM_nLB      | OUTPUT |    R13     |  LVCMOS33  |  3   |  3.3  |   8   |   SLOW   |          |
| SRAM_nUB      | OUTPUT |    P13     |  LVCMOS33  |  3   |  3.3  |   8   |   SLOW   |          |
| flash_sclk    | OUTPUT |     A1     |  LVCMOS33  |  1   |  3.3  |   8   |   SLOW   |          |
| flash_cs      | OUTPUT |     A8     |  LVCMOS33  |  1   |  3.3  |   8   |   SLOW   |          |
| flash_mosi    | OUTPUT |     G2     |  LVCMOS33  |  1   |  3.3  |   8   |   SLOW   |          |
| led_pin[3]    | OUTPUT |    E14     |  LVCMOS33  |  2   |  3.3  |   8   |   SLOW   |          |
| led_pin[2]    | OUTPUT |    F14     |  LVCMOS33  |  2   |  3.3  |   8   |   SLOW   |          |
| led_pin[1]    | OUTPUT |    G15     |  LVCMOS33  |  2   |  3.3  |   8   |   SLOW   |          |
| led_pin[0]    | OUTPUT |    D15     |  LVCMOS33  |  2   |  3.3  |   8   |   SLOW   |          |
| beep_pin      | OUTPUT |    E13     |  LVCMOS33  |  2   |  3.3  |   8   |   SLOW   |          |
| uart_DAP_tx   | OUTPUT |    C12     |  LVCMOS33  |  2   |  3.3  |   8   |   SLOW   |    UP    |
| uart_ch340_tx | OUTPUT |    E12     |  LVCMOS33  |  2   |  3.3  |   8   |   SLOW   |    UP    |
| sd_sclk       | OUTPUT |    E11     |  LVCMOS33  |  2   |  3.3  |   8   |   SLOW   |          |
| sd_cs         | OUTPUT |    D11     |  LVCMOS33  |  2   |  3.3  |   8   |   SLOW   |          |
| sd_mosi       | OUTPUT |    D12     |  LVCMOS33  |  2   |  3.3  |   8   |   SLOW   |          |
| w5500_sclk    | OUTPUT |    L15     |  LVCMOS33  |  3   |  3.3  |   8   |   SLOW   |          |
| w5500_cs      | OUTPUT |     K9     |  LVCMOS33  |  3   |  3.3  |   8   |   SLOW   |          |
| w5500_mosi    | OUTPUT |    M15     |  LVCMOS33  |  3   |  3.3  |   8   |   SLOW   |          |
| seg7_SH_CP    | OUTPUT |     E4     |  LVCMOS33  |  1   |  3.3  |   8   |   SLOW   |          |
| seg7_ST_CP    | OUTPUT |     G6     |  LVCMOS33  |  1   |  3.3  |   8   |   SLOW   |          |
| seg7_DS       | OUTPUT |     H2     |  LVCMOS33  |  1   |  3.3  |   8   |   SLOW   |          |
| i2c_scl       | OUTPUT | -NOT USED- | -NOT USED- |      |       |       |          |          |
| osc_c6_pin    | OUTPUT |     C6     |  LVCMOS33  |  1   |  3.3  |   8   |   SLOW   |          |
| pll_i2c_sda   | INOUT  | -NOT USED- | -NOT USED- |      |       |       |          |          |
| SRAM_DQ[15]   | INOUT  | -NOT USED- | -NOT USED- |      |       |       |          |          |
| SRAM_DQ[14]   | INOUT  | -NOT USED- | -NOT USED- |      |       |       |          |          |
| SRAM_DQ[13]   | INOUT  | -NOT USED- | -NOT USED- |      |       |       |          |          |
| SRAM_DQ[12]   | INOUT  | -NOT USED- | -NOT USED- |      |       |       |          |          |
| SRAM_DQ[11]   | INOUT  | -NOT USED- | -NOT USED- |      |       |       |          |          |
| SRAM_DQ[10]   | INOUT  | -NOT USED- | -NOT USED- |      |       |       |          |          |
| SRAM_DQ[9]    | INOUT  | -NOT USED- | -NOT USED- |      |       |       |          |          |
| SRAM_DQ[8]    | INOUT  | -NOT USED- | -NOT USED- |      |       |       |          |          |
| SRAM_DQ[7]    | INOUT  | -NOT USED- | -NOT USED- |      |       |       |          |          |
| SRAM_DQ[6]    | INOUT  | -NOT USED- | -NOT USED- |      |       |       |          |          |
| SRAM_DQ[5]    | INOUT  | -NOT USED- | -NOT USED- |      |       |       |          |          |
| SRAM_DQ[4]    | INOUT  | -NOT USED- | -NOT USED- |      |       |       |          |          |
| SRAM_DQ[3]    | INOUT  | -NOT USED- | -NOT USED- |      |       |       |          |          |
| SRAM_DQ[2]    | INOUT  | -NOT USED- | -NOT USED- |      |       |       |          |          |
| SRAM_DQ[1]    | INOUT  | -NOT USED- | -NOT USED- |      |       |       |          |          |
| SRAM_DQ[0]    | INOUT  | -NOT USED- | -NOT USED- |      |       |       |          |          |
| SWDIO         | INOUT  |     C1     |  LVCMOS33  |  1   |  3.3  |   8   |   SLOW   |   DOWN   |
| i2c_sda       | INOUT  | -NOT USED- | -NOT USED- |      |       |       |          |          |
+---------------+--------+------------+------------+------+-------+-------+----------+----------+
** 单元位置 **
+----------------------------------+----------+----------+
| 元件                             | 元件类型 |   位置   |
+----------------------------------+----------+----------+
| uart_ch340_rx_MGIOL              | IOLOGIC  | IOL_T89C |
| led_pin[3]_MGIOL                 | IOLOGIC  | IOL_T92D |
| led_pin[2]_MGIOL                 | IOLOGIC  | IOL_T92A |
| led_pin[1]_MGIOL                 | IOLOGIC  | IOL_T92B |
| led_pin[0]_MGIOL                 | IOLOGIC  | IOL_T95D |
| uart_ch340_tx_MGIOL              | IOLOGIC  | IOL_T70A |
| seg7_SH_CP_MGIOL                 | IOLOGIC  | IOL_T37C |
| seg7_ST_CP_MGIOL                 | IOLOGIC  | IOL_T40B |
| seg7_DS_MGIOL                    | IOLOGIC  | IOL_T16A |
| osc_c6_pin_MGIOL                 | IOLOGIC  | IOL_T43C |
| PLL_25to200_1/PLLInst_0          | PLL_25K  |  LPLL1   |
| inst                             |   CM3    |   CM3    |
| led_wf1/n_35[1]                  |  SLICEL  |  R9C61M  |
| led_wf1/n_35[5]                  |  SLICEL  |  R9C62M  |
| led_wf1/n_35[9]                  |  SLICEL  |  R9C63M  |
| led_wf1/n_35[13]                 |  SLICEL  |  R9C64M  |
| led_wf1/n_35[17]                 |  SLICEL  |  R9C65M  |
| led_wf1/n_35[21]                 |  SLICEL  |  R9C66M  |
| ahb_uart1/n_828[1]               |  SLICEL  | R20C18L  |
| ahb_uart1/n_828[5]               |  SLICEL  | R20C19L  |
| ahb_uart1/n_828[9]               |  SLICEL  | R20C20L  |
| ahb_uart1/n_828[13]              |  SLICEL  | R20C21L  |
| ahb_uart1/n_835[1]               |  SLICEL  | R21C22L  |
| ahb_uart1/n_835[5]               |  SLICEL  | R21C23L  |
| ahb_uart1/n_835[9]               |  SLICEL  | R21C24L  |
| ahb_uart1/n_835[13]              |  SLICEL  | R21C25L  |
| seg_inst/n_1038[1]               |  SLICEL  |  R6C68M  |
| seg_inst/n_1038[5]               |  SLICEL  |  R6C69M  |
| seg_inst/n_1044[1]               |  SLICEL  | R12C42M  |
| seg_inst/n_1044[5]               |  SLICEL  | R12C43M  |
| net_extracted_nHQX9              |  SLICEL  | R21C19M  |
| _n_2242                          |  SLICEL  | R21C16L  |
| ahb_uart1/n_100                  |  SLICEL  | R21C17L  |
| _n_2253                          |  SLICEL  | R21C17M  |
| ahb_uart1/n_121                  |  SLICEL  | R21C18M  |
| seg_inst/n_1047                  |  SLICEL  | R26C15M  |
| TARGEXP0HRDATA[8]                |  SLICEL  | R21C45M  |
| TARGEXP0HRDATA[9]                |  SLICEL  | R19C43M  |
| TARGEXP0HRDATA[10]               |  SLICEL  | R22C45M  |
| TARGEXP0HRDATA[11]               |  SLICEL  | R19C43L  |
| TARGEXP0HRDATA[12]               |  SLICEL  | R19C44L  |
| TARGEXP0HRDATA[13]               |  SLICEL  | R22C44M  |
| TARGEXP0HRDATA[14]               |  SLICEL  | R21C43L  |
| TARGEXP0HRDATA[15]               |  SLICEL  | R22C43M  |
| ahb_uart1/n_274[0]               |  SLICEL  | R23C31M  |
| ahb_uart1/n_274[1]               |  SLICEL  | R20C31M  |
| ahb_uart1/n_274[2]               |  SLICEL  | R22C30L  |
| ahb_uart1/n_274[3]               |  SLICEL  | R20C31L  |
| ahb_uart1/n_274[4]               |  SLICEL  | R22C30M  |
| ahb_uart1/n_274[5]               |  SLICEL  | R23C32M  |
| ahb_uart1/n_274[6]               |  SLICEL  | R23C33M  |
| ahb_uart1/n_274[7]               |  SLICEL  | R23C33L  |
| seg_inst/seg_2_dec[0]            |  SLICEL  | R23C14M  |
| seg_inst/seg_2_dec[1]            |  SLICEL  | R24C15M  |
| seg_inst/seg_2_dec[2]            |  SLICEL  | R23C16L  |
| seg_inst/seg_2_dec[3]            |  SLICEL  | R23C15L  |
| seg_inst/seg_2_dec[4]            |  SLICEL  | R24C16L  |
| seg7_DS_c                        |  SLICEL  | R18C20L  |
| seg_inst/seg_data_shifer_reg[7]  |  SLICEL  | R19C20M  |
| seg_inst/seg_data_shifer_reg[0]  |  SLICEL  | R19C21L  |
| seg_inst/n_1089                  |  SLICEL  | R19C21M  |
| inst_extracted_iHQX12_rkd_8      |  SLICEL  | R26C15L  |
| seg_inst/byte_strobe[2]          |  SLICEL  | R25C16M  |
| seg_inst/trans_req               |  SLICEL  | R26C16M  |
| ahb_uart1/n_453                  |  SLICEL  | R21C31L  |
| ahb_uart1/n_332                  |  SLICEL  | R22C31L  |
| ahb_uart1/TX_fifo_buff[0][5]     |  SLICEL  | R23C31L  |
| ahb_uart1/TX_fifo_buff[0][1]     |  SLICEL  | R22C31M  |
| ahb_uart1/n_321                  |  SLICEL  | R22C32M  |
| ahb_uart1/RX_recving             |  SLICEL  | R12C46M  |
| ahb_uart1/RX_shift_reg[8]        |  SLICEL  | R12C46L  |
| ahb_uart1/_i_403_rkd_5           |  SLICEL  | R11C46L  |
| ahb_uart1/RX_shift_reg[7]        |  SLICEL  | R13C46L  |
| ahb_uart1/RX_fifo_buff[0][6]     |  SLICEL  | R20C43M  |
| ahb_uart1/RX_fifo_buff[0][4]     |  SLICEL  | R18C45M  |
| ahb_uart1/RX_fifo_wr_ptr[4]      |  SLICEL  | R21C44M  |
| ahb_uart1/n_116                  |  SLICEL  | R19C32M  |
| ahb_uart1/TX_fifo_rd_ptr[3]      |  SLICEL  | R19C32L  |
| ahb_uart1/RX_fifo_rd_ptr[1]      |  SLICEL  | R21C44L  |
| ahb_uart1/RX_fifo_rd_ptr[0]      |  SLICEL  | R21C43M  |
| ahb_uart1/n_713                  |  SLICEL  | R21C26M  |
| ahb_uart1/n_712                  |  SLICEL  | R21C20L  |
| ahb_uart1/TX_fifo_wr_ptr[2]      |  SLICEL  | R22C32L  |
| ahb_uart1/n_80                   |  SLICEL  | R21C28L  |
| led_wf1/cnt[9]                   |  SLICEL  |  R9C63L  |
| led_wf1/cnt[13]                  |  SLICEL  |  R9C61L  |
| led_wf1/cnt[14]                  |  SLICEL  |  R9C62L  |
| led_wf1/_i_2/_i_0_rkd_19         |  SLICEL  |  R9C64L  |
| TARGEXP1HRDATA[5]                |  SLICEL  | R25C15L  |
| TARGEXP1HRDATA[15]               |  SLICEL  | R23C14L  |
| TARGEXP1HRDATA[17]               |  SLICEL  | R24C14M  |
| TARGEXP1HRDATA[21]               |  SLICEL  | R24C14L  |
| TARGEXP1HRDATA[29]               |  SLICEL  | R23C15M  |
| TARGEXP1HRDATA[31]               |  SLICEL  | R24C15L  |
| _n_2171                          |  SLICEL  | R21C32M  |
| _n_2175                          |  SLICEL  | R21C45L  |
| seg_inst/clk_1M_cnt[5]           |  SLICEL  |  R6C69L  |
| seg_inst/clk_DRV                 |  SLICEL  |  R7C69M  |
| seg_inst/n_982                   |  SLICEL  | R25C16L  |
| ahb_uart1/RX_DIV_cnt[3]          |  SLICEL  | R21C26L  |
| ahb_uart1/RX_DIV_cnt[10]         |  SLICEL  | R21C24M  |
| ahb_uart1/RX_DIV_cnt[11]         |  SLICEL  | R20C24M  |
| ahb_uart1/TX_DIV_cnt[4]          |  SLICEL  | R20C17L  |
| ahb_uart1/TX_DIV_cnt[11]         |  SLICEL  | R20C18M  |
| ahb_uart1/n_630                  |  SLICEL  | R20C45L  |
| ahb_uart1/n_617                  |  SLICEL  | R20C44L  |
| ahb_uart1/n_539                  |  SLICEL  | R20C44M  |
| ahb_uart1/n_500                  |  SLICEL  | R20C45M  |
| ahb_uart1/RX_shiftIN_cnt[3]      |  SLICEL  | R12C45L  |
| ahb_uart1/RX_shiftIN_cnt[2]      |  SLICEL  | R12C45M  |
| ahb_uart1/TX_shift_reg[4]        |  SLICEL  | R20C33L  |
| ahb_uart1/n_736                  |  SLICEL  | R19C33L  |
| seg_inst/HC595_CLK_CNT[2]        |  SLICEL  | R13C42L  |
| seg_inst/seg_data_shifer_reg[11] |  SLICEL  | R19C20L  |
| net_extracted_nHQX23             |  SLICEL  | R21C32L  |
| net_extracted_nHQX20             |  SLICEL  | R21C30L  |
| ahb_uart1/n_735                  |  SLICEL  | R19C33M  |
| net_extracted_nHQX24             |  SLICEL  | R21C31M  |
| ahb_uart1/TX_shift_reg[8]        |  SLICEL  | R20C33M  |
| seg_inst/seg_data_shifer_reg[15] |  SLICEL  | R18C20M  |
| ahb_uart1/n_57                   |  SLICEL  |  R6C19L  |
| led_wf1/n_3                      |  SLICEL  |  R9C65L  |
| seg_inst/clk_1M_cnt[0]           |  SLICEL  |  R6C68L  |
| seg_inst/HC595_CLK_CNT[0]        |  SLICEL  | R12C42L  |
| led_pin[3]_c                     |  SLICEL  |  R9C66L  |
| ahb_uart1/addr[5]                |  SLICEL  | R21C21M  |
| ahb_uart1/addr[6]                |  SLICEL  | R21C20M  |
| ahb_uart1/addr[8]                |  SLICEL  | R20C20M  |
| ahb_uart1/addr[10]               |  SLICEL  | R21C19L  |
| ahb_uart1/addr[12]               |  SLICEL  | R21C18L  |
| ahb_uart1/addr[14]               |  SLICEL  | R20C19M  |
| TARGEXP0HRDATA[21]               |  SLICEL  | R21C15L  |
| TARGEXP0HRDATA[28]               |  SLICEL  | R20C14M  |
| TARGEXP0HRDATA[29]               |  SLICEL  | R21C14M  |
| TARGEXP0HRDATA[30]               |  SLICEL  | R21C14L  |
| TARGEXP0HRDATA[31]               |  SLICEL  | R21C15M  |
| ahb_uart1/TX_fifo_buff[2][3]     |  SLICEL  | R22C34L  |
| ahb_uart1/TX_fifo_buff[2][4]     |  SLICEL  | R21C34M  |
| ahb_uart1/TX_fifo_buff[2][6]     |  SLICEL  | R24C32L  |
| ahb_uart1/TX_fifo_buff[3][2]     |  SLICEL  | R24C32M  |
| ahb_uart1/TX_fifo_buff[3][3]     |  SLICEL  | R20C32L  |
| ahb_uart1/TX_fifo_buff[3][5]     |  SLICEL  | R24C31L  |
| ahb_uart1/TX_fifo_buff[3][7]     |  SLICEL  | R24C31M  |
| ahb_uart1/TX_fifo_buff[4][2]     |  SLICEL  | R23C29M  |
| ahb_uart1/TX_fifo_buff[4][3]     |  SLICEL  | R20C29M  |
| ahb_uart1/TX_fifo_buff[4][5]     |  SLICEL  | R23C30M  |
| ahb_uart1/TX_fifo_buff[4][7]     |  SLICEL  | R21C33L  |
| ahb_uart1/TX_fifo_buff[5][2]     |  SLICEL  | R22C28L  |
| ahb_uart1/TX_fifo_buff[5][3]     |  SLICEL  | R19C30M  |
| ahb_uart1/TX_fifo_buff[5][5]     |  SLICEL  | R24C30L  |
| ahb_uart1/TX_fifo_buff[5][7]     |  SLICEL  | R25C32L  |
| ahb_uart1/TX_fifo_buff[6][3]     |  SLICEL  | R21C29M  |
| ahb_uart1/TX_fifo_buff[6][4]     |  SLICEL  | R21C30M  |
| ahb_uart1/TX_fifo_buff[6][7]     |  SLICEL  | R24C33L  |
| ahb_uart1/TX_fifo_buff[7][3]     |  SLICEL  | R20C29L  |
| ahb_uart1/TX_fifo_buff[7][4]     |  SLICEL  | R22C29M  |
| ahb_uart1/TX_fifo_buff[7][6]     |  SLICEL  | R23C32L  |
| ahb_uart1/TX_fifo_buff[8][4]     |  SLICEL  | R22C35L  |
| ahb_uart1/TX_fifo_buff[8][5]     |  SLICEL  | R22C33L  |
| ahb_uart1/TX_fifo_buff[8][7]     |  SLICEL  | R21C34L  |
| ahb_uart1/TX_fifo_buff[9][2]     |  SLICEL  | R23C29L  |
| ahb_uart1/TX_fifo_buff[9][3]     |  SLICEL  | R21C33M  |
| ahb_uart1/TX_fifo_buff[9][5]     |  SLICEL  | R22C29L  |
| ahb_uart1/TX_fifo_buff[9][7]     |  SLICEL  | R23C35L  |
| ahb_uart1/TX_fifo_buff[10][2]    |  SLICEL  | R24C33M  |
| ahb_uart1/TX_fifo_buff[10][3]    |  SLICEL  | R20C30L  |
| ahb_uart1/TX_fifo_buff[10][5]    |  SLICEL  | R25C32M  |
| ahb_uart1/TX_fifo_buff[10][7]    |  SLICEL  | R23C34M  |
| ahb_uart1/TX_fifo_buff[11][2]    |  SLICEL  | R22C34M  |
| ahb_uart1/TX_fifo_buff[11][3]    |  SLICEL  | R20C32M  |
| ahb_uart1/TX_fifo_buff[11][5]    |  SLICEL  | R22C33M  |
| ahb_uart1/TX_fifo_buff[11][7]    |  SLICEL  | R22C35M  |
| ahb_uart1/TX_fifo_buff[12][2]    |  SLICEL  | R23C30L  |
| ahb_uart1/TX_fifo_buff[12][3]    |  SLICEL  | R19C31M  |
| ahb_uart1/TX_fifo_buff[12][5]    |  SLICEL  | R25C31L  |
| ahb_uart1/TX_fifo_buff[12][7]    |  SLICEL  | R23C34L  |
| ahb_uart1/TX_fifo_buff[13][2]    |  SLICEL  | R23C28M  |
| ahb_uart1/TX_fifo_buff[13][3]    |  SLICEL  | R20C30M  |
| ahb_uart1/TX_fifo_buff[13][5]    |  SLICEL  | R25C30L  |
| ahb_uart1/TX_fifo_buff[13][7]    |  SLICEL  | R25C30M  |
| ahb_uart1/TX_fifo_buff[14][2]    |  SLICEL  | R24C29L  |
| ahb_uart1/TX_fifo_buff[14][3]    |  SLICEL  | R21C29L  |
| ahb_uart1/TX_fifo_buff[14][5]    |  SLICEL  | R25C31M  |
| ahb_uart1/TX_fifo_buff[14][7]    |  SLICEL  | R25C33L  |
| ahb_uart1/TX_fifo_buff[15][2]    |  SLICEL  | R22C28M  |
| ahb_uart1/TX_fifo_buff[15][3]    |  SLICEL  | R19C31L  |
| ahb_uart1/TX_fifo_buff[15][5]    |  SLICEL  | R24C30M  |
| ahb_uart1/TX_fifo_buff[15][7]    |  SLICEL  | R25C33M  |
| ahb_uart1/RX_fifo_buff[2][2]     |  SLICEL  | R23C45L  |
| ahb_uart1/RX_fifo_buff[2][3]     |  SLICEL  | R18C43L  |
| ahb_uart1/RX_fifo_buff[2][5]     |  SLICEL  | R23C44L  |
| ahb_uart1/RX_fifo_buff[2][7]     |  SLICEL  | R23C43M  |
| ahb_uart1/RX_fifo_buff[3][2]     |  SLICEL  | R24C45L  |
| ahb_uart1/RX_fifo_buff[3][3]     |  SLICEL  | R20C41M  |
| ahb_uart1/RX_fifo_buff[3][5]     |  SLICEL  | R24C44M  |
| ahb_uart1/RX_fifo_buff[3][7]     |  SLICEL  | R22C41L  |
| ahb_uart1/RX_fifo_buff[4][3]     |  SLICEL  | R18C42L  |
| ahb_uart1/RX_fifo_buff[4][4]     |  SLICEL  | R19C46M  |
| ahb_uart1/RX_fifo_buff[4][7]     |  SLICEL  | R24C43M  |
| ahb_uart1/RX_fifo_buff[5][2]     |  SLICEL  | R23C45M  |
| ahb_uart1/RX_fifo_buff[5][3]     |  SLICEL  | R19C41M  |
| ahb_uart1/RX_fifo_buff[5][5]     |  SLICEL  | R23C44M  |
| ahb_uart1/RX_fifo_buff[5][7]     |  SLICEL  | R21C41L  |
| ahb_uart1/RX_fifo_buff[6][3]     |  SLICEL  | R19C42M  |
| ahb_uart1/RX_fifo_buff[6][4]     |  SLICEL  | R19C46L  |
| ahb_uart1/RX_fifo_buff[6][6]     |  SLICEL  | R22C42L  |
| ahb_uart1/RX_fifo_buff[7][4]     |  SLICEL  | R19C45L  |
| ahb_uart1/RX_fifo_buff[7][5]     |  SLICEL  | R18C45L  |
| ahb_uart1/RX_fifo_buff[7][7]     |  SLICEL  | R20C43L  |
| ahb_uart1/RX_fifo_buff[8][2]     |  SLICEL  | R24C45M  |
| ahb_uart1/RX_fifo_buff[8][3]     |  SLICEL  | R20C42L  |
| ahb_uart1/RX_fifo_buff[8][5]     |  SLICEL  | R24C44L  |
| ahb_uart1/RX_fifo_buff[8][7]     |  SLICEL  | R23C43L  |
| ahb_uart1/RX_fifo_buff[9][2]     |  SLICEL  | R22C46M  |
| ahb_uart1/RX_fifo_buff[9][3]     |  SLICEL  | R18C42M  |
| ahb_uart1/RX_fifo_buff[9][5]     |  SLICEL  | R18C44L  |
| ahb_uart1/RX_fifo_buff[9][7]     |  SLICEL  | R22C42M  |
| ahb_uart1/RX_fifo_buff[10][2]    |  SLICEL  | R25C45L  |
| ahb_uart1/RX_fifo_buff[10][3]    |  SLICEL  | R20C41L  |
| ahb_uart1/RX_fifo_buff[10][5]    |  SLICEL  | R20C46L  |
| ahb_uart1/RX_fifo_buff[10][7]    |  SLICEL  | R22C41M  |
| ahb_uart1/RX_fifo_buff[11][2]    |  SLICEL  | R25C45M  |
| ahb_uart1/RX_fifo_buff[11][3]    |  SLICEL  | R18C43M  |
| ahb_uart1/RX_fifo_buff[11][5]    |  SLICEL  | R18C44M  |
| ahb_uart1/RX_fifo_buff[11][7]    |  SLICEL  | R24C43L  |
| ahb_uart1/RX_fifo_buff[12][2]    |  SLICEL  | R21C46M  |
| ahb_uart1/RX_fifo_buff[12][3]    |  SLICEL  | R19C41L  |
| ahb_uart1/RX_fifo_buff[12][5]    |  SLICEL  | R21C46L  |
| ahb_uart1/RX_fifo_buff[12][7]    |  SLICEL  | R21C41M  |
| ahb_uart1/RX_fifo_buff[13][2]    |  SLICEL  | R22C46L  |
| ahb_uart1/RX_fifo_buff[13][3]    |  SLICEL  | R19C42L  |
| ahb_uart1/RX_fifo_buff[13][5]    |  SLICEL  | R19C44M  |
| ahb_uart1/RX_fifo_buff[13][7]    |  SLICEL  | R21C42M  |
| ahb_uart1/RX_fifo_buff[14][3]    |  SLICEL  | R19C45M  |
| ahb_uart1/RX_fifo_buff[14][4]    |  SLICEL  | R20C46M  |
| ahb_uart1/RX_fifo_buff[14][7]    |  SLICEL  | R22C43L  |
| ahb_uart1/RX_fifo_buff[15][2]    |  SLICEL  | R22C45L  |
| ahb_uart1/RX_fifo_buff[15][3]    |  SLICEL  | R20C42M  |
| ahb_uart1/RX_fifo_buff[15][5]    |  SLICEL  | R22C44L  |
| ahb_uart1/RX_fifo_buff[15][7]    |  SLICEL  | R21C42L  |
| ahb_uart1/RX_samp_regs[4]        |  SLICEL  | R11C46M  |
| seg_inst/addr[5]                 |  SLICEL  | R27C15L  |
| seg_inst/addr[7]                 |  SLICEL  | R26C17L  |
| seg_inst/addr[9]                 |  SLICEL  | R27C15M  |
| seg_inst/addr[11]                |  SLICEL  | R27C14M  |
| seg_inst/addr[13]                |  SLICEL  | R27C14L  |
| seg_inst/segx_reg_0[3]           |  SLICEL  | R25C17M  |
| seg_inst/segx_reg_0[5]           |  SLICEL  | R25C18M  |
| seg_inst/segx_reg_2[4]           |  SLICEL  | R22C16L  |
| seg_inst/segx_reg_2[5]           |  SLICEL  | R25C14L  |
| seg_inst/segx_reg_2[7]           |  SLICEL  | R22C14M  |
| seg_inst/segx_reg_3[2]           |  SLICEL  | R23C16M  |
| seg_inst/segx_reg_3[3]           |  SLICEL  | R22C15L  |
| seg_inst/segx_reg_3[5]           |  SLICEL  | R22C15M  |
| seg_inst/segx_reg_3[7]           |  SLICEL  | R24C16M  |
| seg_inst/segx_reg_4[2]           |  SLICEL  | R27C16M  |
| seg_inst/segx_reg_4[3]           |  SLICEL  | R26C16L  |
| seg_inst/segx_reg_4[5]           |  SLICEL  | R25C18L  |
| seg_inst/segx_reg_4[7]           |  SLICEL  | R25C17L  |
| seg_inst/segx_reg_5[2]           |  SLICEL  | R23C17M  |
| seg_inst/segx_reg_5[3]           |  SLICEL  | R25C15M  |
| seg_inst/segx_reg_5[5]           |  SLICEL  | R24C17L  |
| seg_inst/segx_reg_5[7]           |  SLICEL  | R22C14L  |
| seg_inst/segx_reg_6[4]           |  SLICEL  | R22C16M  |
| seg_inst/segx_reg_6[5]           |  SLICEL  | R25C14M  |
| seg_inst/segx_reg_7[5]           |  SLICEL  | R23C17L  |
| seg_inst/segx_reg_7[7]           |  SLICEL  | R24C17M  |
+----------------------------------+----------+----------+
