
==========oOOOo===========================================oOOOo==========
=  HqFpga(TM) 版本2.14.4 (Winter 2023) Build 021824
=  SEALION系列FPGA开发软件
=  西安智多晶微电子有限公司 (isilicontech.com)             _@)
 _________________________________________________________/ (
<_________________________________________________________  {}@8@@8@(*)
                                                          \_(
=  版权所有 (c) 2020-2025 XiST 智多晶                      @)
=  保留一切权利.
=========================================================================
Info: 加载器件信息(SA5Z-30-D1-8U213C)....
Info:   加载功能信息....
Info:   加载时序信息....
Info:   加载物理信息....
Info: 器件加载成功.

#=============oOOOo================oOOOo=============
# 设计分析
#====================================================
Info: 分析verilog文件D:\fpga\AC208-SA5Z30-CM3\workspace\lcd\fpga\ahb_lcd8080.v.
Info: 分析verilog文件D:\fpga\AC208-SA5Z30-CM3\workspace\lcd\fpga\ahb_null.v.
Info: 分析verilog文件D:\fpga\AC208-SA5Z30-CM3\workspace\lcd\fpga\ahb_seg7x8.v.
Info: 分析verilog文件D:\fpga\AC208-SA5Z30-CM3\workspace\lcd\fpga\ahb_sram.v.
Info: 分析verilog文件D:\fpga\AC208-SA5Z30-CM3\workspace\lcd\fpga\ahb_uart.v.
Info: 分析verilog文件D:\fpga\AC208-SA5Z30-CM3\workspace\lcd\fpga\AHBlite_Decoder.v.
Info: 分析verilog文件D:\fpga\AC208-SA5Z30-CM3\workspace\lcd\fpga\AHBlite_Interconnect.v.
Info: 分析verilog文件D:\fpga\AC208-SA5Z30-CM3\workspace\lcd\fpga\AHBlite_SlaveMUX.v.
Info: 分析verilog文件D:\fpga\AC208-SA5Z30-CM3\workspace\lcd\fpga\led_wf.v.
Info: 分析verilog文件D:\fpga\AC208-SA5Z30-CM3\workspace\lcd\fpga\top.v.
Info: 分析verilog文件D:\fpga\AC208-SA5Z30-CM3\workspace\lcd\fpga\sa5z30fpga\ipcore_dir\PLL_FREQ\xsIP_PLL_FREQ.v.
####
Info: 设计分析执行时间 : 0 秒.
####

#=============oOOOo================oOOOo=============
# 寄存器传输级综合(RTL Synthesis)
#====================================================
WARN(ELAB-W-4): D:\fpga\AC208-SA5Z30-CM3\workspace\lcd\fpga\top.v(274), 变量"HRDATA_P0"未赋值，初始化为0.
WARN(ELAB-W-4): D:\fpga\AC208-SA5Z30-CM3\workspace\lcd\fpga\top.v(273), 变量"HREADYOUT_P0"未赋值，初始化为0.
WARN(ELAB-W-4): D:\fpga\AC208-SA5Z30-CM3\workspace\lcd\fpga\top.v(275), 变量"HRESP_P0"未赋值，初始化为0.
Info: D:\fpga\AC208-SA5Z30-CM3\workspace\lcd\fpga\ahb_seg7x8.v(229), 识别一个ROM mem, 深度=32, 宽度=8.
Info: D:\fpga\AC208-SA5Z30-CM3\workspace\lcd\fpga\ahb_sram.v(373), 优化FSM.
Info:      状态寄存器 : reg_bstate_reg.
Info:        状态编码 : AUTO.
Info:    优化前状态数 : 6.
Info:    优化后状态数 : 6.
Info: D:\fpga\AC208-SA5Z30-CM3\workspace\lcd\fpga\ahb_sram.v(719), 优化FSM.
Info:      状态寄存器 : reg_mstate_reg.
Info:        状态编码 : AUTO.
Info:    优化前状态数 : 5.
Info:    优化后状态数 : 5.
Info: 开始MUX优化.
Info: 完成MUX优化.
Info: 设计顶层模块设置为 "top".
Info: 开始逻辑优化.
Info:     Total number of literals before LO: 10163.
Info:   正在优化 view : top.
Info:     逻辑优化前literals数 : 4693.
Info:     LO 循环 1 : literal数 从 4693 到 3376.
Info:     逻辑优化后literals数 : 3376.
Info: 将 FF Interconncet/SlaveMUX/hsel_reg_reg[0] 变换为 ZERO ，原因：always-active ACLR.
Info: 将 FF Interconncet/SlaveMUX/hsel_reg_reg[1] 变换为 ZERO ，原因：always-active ACLR.
Info: 将 FF Interconncet/SlaveMUX/hsel_reg_reg[2] 变换为 ZERO ，原因：always-active ACLR.
Info: 将 FF Interconncet/SlaveMUX/hsel_reg_reg[3] 变换为 ZERO ，原因：always-active ACLR.
Info: 将 FF ahb_uart1/TX_shift_reg_reg[10] 变换为 ONE ，原因：constant data input.
Info: 将 FF seg_inst/refresh_segnum_reg_reg[3] 变换为 ZERO ，原因：it having AND feedback.
Info: 将 FF ahb_sram1/reg_bstate_reg_1 变换为 ONE ，原因：it having OR feedback.
Info: 将 FF ahb_uart1/TX_shift_reg_reg[9] 变换为 ONE ，原因：constant data input.
Info: 将 FF ahb_sram1/reg_bstate_reg_0 变换为 ZERO ，原因：it having AND feedback.
Info: 将 FF ahb_sram1/reg_lb_mux_reg[0] 变换为 ZERO ，原因：it having AND feedback.
Info: 将 FF ahb_sram1/reg_mcount_reg[2] 变换为 ZERO ，原因：it having AND feedback.
Info: Degraded fragmented CE control logic for 11 DFFs.
Info: Degraded fragmented SET/RESET control logic for 1 DFFs.
Info: Degraded fragmented control logic for 12 DFFs, totally
Info: 完成逻辑优化.
####
Info: RTL综合执行时间 : 2 秒.
####

#=============oOOOo================oOOOo=============
# 时序驱动优化与映射
#====================================================
Info: 开始时序驱动优化.
Info:   未发现时序约束，跳过本优化.
Info: 完成时序驱动优化.
Info: 插入了 75 个输入/输出单元.
Info: 开始工艺映射.
Info:   网表预处理....
Info:   计算锥(Cone)....
Info:   计算覆盖(Cover)....
Info:   生成LUT网表..
Info:   网表后处理....
Info: Decomposed 1 wide-input NOR gate(s)
Info: Decomposed 6 wide-input AND gate(s)
Info: 完成工艺映射.
Info: 开始网表校正.
Info: 完成网表校正.
####
Info: 时序驱动优化及映射执行时间 : 0 秒.
####
Info: 自动添加约束: create_generated_clock {PLL_inst1/PLLInst_0/CLKOP} -source {PLL_inst1/PLLInst_0/CLKI} -multiply_by 32 -divide_by 8.
Info: 自动添加约束: create_generated_clock {PLL_inst1/PLLInst_0/CLKOS} -source {PLL_inst1/PLLInst_0/CLKI} -multiply_by 32 -divide_by 16.
Info: 输出网表报告到文件D:\fpga\AC208-SA5Z30-CM3\workspace\lcd\fpga\sa5z30fpga\hq_run\top_import.rpt中.

#########################################################################
#
# 最大时钟频率(FMAX)报告
#
#########################################################################
#
# 注意: FMAX 的计算仅针对在同一时钟域内的寄存器到寄存器路径，
# 多周期路径、跨时钟域路径(包括主时钟及其生成时钟之间的路径)都将
# 被忽略。对于一个时钟及其反向时钟之间的路径， FMAX的计算通过按
# 频宽比(duty cycle)等比例扩展路径延迟得到。例如，假设有一
# 条路径的起点由时钟上升沿驱动而终点由同一时钟的下降沿驱动，
# 如果该时钟的频宽比为50，则计算FMAX时，路径延迟将乘以2(即
# 除以50%)。
#


# ***********************************************************************
# 时钟         : seg_inst/clk_DRV_reg/Q
# 最小时钟周期 : 1769 ps
# ***********************************************************************

********************
* 路径 1
********************
起点     : seg_inst/HC595_CLK_CNT_reg[1]/Q [激发时钟: seg_inst/clk_DRV_reg/Q, 上升沿1]
终点     : seg_inst/HC595_CLK_CNT_reg[7]/D [捕获时钟: seg_inst/clk_DRV_reg/Q, 上升沿2] 

数据产生路径
====================================================================================================================
|               节点               |     单元     | 延迟 |     类型      | 位置 |           连线            | 扇出 |
====================================================================================================================
| CLOCK'seg_inst/clk_DRV_reg/Q     |     N/A      |    0 |               |      | N/A                       |      |
| seg_inst/clk_DRV_reg/Q           | xsDFFSA_K1C1 |    0 | clock_latency |      | seg_inst/clk_DRV          | 31   |
| seg_inst/HC595_CLK_CNT_reg[1]/C  | xsDFFSA_K1C1 |    0 |      net      |      | seg_inst/clk_DRV          |      |
| --                               |      --      |   -- |      --       | --   | --                        | --   |
| seg_inst/HC595_CLK_CNT_reg[1]/Q  | xsDFFSA_K1C1 |  347 |  rising_edge  |      | seg_inst/HC595_CLK_CNT[1] | 3    |
| seg_inst/_i_46/bitAdd_1/muxcy/S  |   xsMUXCY    |    0 |      net      |      | seg_inst/HC595_CLK_CNT[1] |      |
| seg_inst/_i_46/bitAdd_1/muxcy/O  |   xsMUXCY    |  261 |     cell      |      | seg_inst/_i_46/_n_1       | 2    |
| seg_inst/_i_46/bitAdd_2/muxcy/CI |   xsMUXCY    |    0 |      net      |      | seg_inst/_i_46/_n_1       |      |
| seg_inst/_i_46/bitAdd_2/muxcy/O  |   xsMUXCY    |  168 |     cell      |      | seg_inst/_i_46/_n_3       | 2    |
| seg_inst/_i_46/bitAdd_3/muxcy/CI |   xsMUXCY    |    0 |      net      |      | seg_inst/_i_46/_n_3       |      |
| seg_inst/_i_46/bitAdd_3/muxcy/O  |   xsMUXCY    |  168 |     cell      |      | seg_inst/_i_46/_n_5       | 2    |
| seg_inst/_i_46/bitAdd_4/muxcy/CI |   xsMUXCY    |    0 |      net      |      | seg_inst/_i_46/_n_5       |      |
| seg_inst/_i_46/bitAdd_4/muxcy/O  |   xsMUXCY    |  168 |     cell      |      | seg_inst/_i_46/_n_7       | 2    |
| seg_inst/_i_46/bitAdd_5/muxcy/CI |   xsMUXCY    |    0 |      net      |      | seg_inst/_i_46/_n_7       |      |
| seg_inst/_i_46/bitAdd_5/muxcy/O  |   xsMUXCY    |  168 |     cell      |      | seg_inst/_i_46/_n_9       | 2    |
| seg_inst/_i_46/bitAdd_6/muxcy/CI |   xsMUXCY    |    0 |      net      |      | seg_inst/_i_46/_n_9       |      |
| seg_inst/_i_46/bitAdd_6/muxcy/O  |   xsMUXCY    |  168 |     cell      |      | seg_inst/_i_46/_n_11      | 1    |
| seg_inst/_i_46/bitAdd_7/xorcy/CI |   xsXORCY    |    0 |      net      |      | seg_inst/_i_46/_n_11      |      |
| seg_inst/_i_46/bitAdd_7/xorcy/O  |   xsXORCY    |  263 |     cell      |      | seg_inst/n_759[7]         | 1    |
| seg_inst/_i_186/I2               |   xsLUTSA3   |    0 |      net      |      | seg_inst/n_759[7]         |      |
| seg_inst/_i_186/O                |   xsLUTSA3   |   81 |     cell      |      | seg_inst/n_711            | 1    |
| seg_inst/HC595_CLK_CNT_reg[7]/D  | xsDFFSA_K1C1 |    0 |      net      |      | seg_inst/n_711            |      |
====================================================================================================================
时钟路径延迟         = 0         
数据路径延迟         = 1792       (Tdatp)
     clock-to-q 延迟 = 347 
        总的单元延迟 = 1445 
        总的连线延迟 = 0 
        逻辑级数     = 8 

[数据捕获路径]
==========================================================================================================
|              节点               |     单元     | 延迟 |     类型      | 位置 |       连线       | 扇出 |
==========================================================================================================
| CLOCK'seg_inst/clk_DRV_reg/Q    |     N/A      |    0 |               |      | N/A              |      |
| seg_inst/clk_DRV_reg/Q          | xsDFFSA_K1C1 |    0 | clock_latency |      | seg_inst/clk_DRV | 31   |
| seg_inst/HC595_CLK_CNT_reg[7]/C | xsDFFSA_K1C1 |    0 |      net      |      | seg_inst/clk_DRV |      |
==========================================================================================================

时钟路径延迟         = 0         
    时钟偏差         = 0 (Tcksw)

[延迟计算]
======================================================================
总延迟 = Tdatap     + Tsu        - Tckpm      - Tcksw
       = 1792       + -23        - 0          - 0          
       = 1769
======================================================================
Tdatp -- 数据路径延迟 
Tsu   -- 库单元建立时间 
Tckpm -- 时钟悲观补偿 


# ***********************************************************************
# 时钟         : PLL_inst1/PLLInst_0/CLKOP
# 最小时钟周期 : 3113 ps
# ***********************************************************************

********************
* 路径 1
********************
起点     : ahb_uart1/TX_DIV_cnt_reg[1]/Q  [激发时钟: PLL_inst1/PLLInst_0/CLKOP, 上升沿1]
终点     : ahb_uart1/TX_DIV_cnt_reg[15]/D [捕获时钟: PLL_inst1/PLLInst_0/CLKOP, 上升沿2] 

数据产生路径
======================================================================================================================
|                节点                 |     单元     | 延迟 |      类型      | 位置 |          连线           | 扇出 |
======================================================================================================================
| CLOCK'clk_25M                       |     N/A      |    0 |                |      | N/A                     |      |
| clk_25M                             |     top      |    0 | clock_latency  |      | clk_25M                 | 1    |
| clk_25M_pad/I                       |    xsIOBI    |    0 |      net       |      | clk_25M                 |      |
| clk_25M_pad/O                       |    xsIOBI    |  990 |      cell      |      | clk_25M_c               | 1    |
| PLL_inst1/PLLInst_0/CLKI            |   xsPLLSA    |    0 |      net       |      | clk_25M_c               |      |
| --                                  |      --      |   -- |       --       | --   | --                      | --   |
| CLOCK'PLL_inst1/PLLInst_0/CLKOP     |     N/A      |    0 | tcst_gen_clock |      | N/A                     |      |
| PLL_inst1/PLLInst_0/CLKOP           |   xsPLLSA    |  990 | clock_latency  |      | AHB_USR_CLK             | 499  |
| ahb_uart1/TX_DIV_cnt_reg[1]/C       | xsDFFSA_K1C1 |    0 |      net       |      | AHB_USR_CLK             |      |
| --                                  |      --      |   -- |       --       | --   | --                      | --   |
| ahb_uart1/TX_DIV_cnt_reg[1]/Q       | xsDFFSA_K1C1 |  347 |  rising_edge   |      | ahb_uart1/TX_DIV_cnt[1] | 3    |
| ahb_uart1/_i_291/bitAdd_1/muxcy/S   |   xsMUXCY    |    0 |      net       |      | ahb_uart1/TX_DIV_cnt[1] |      |
| ahb_uart1/_i_291/bitAdd_1/muxcy/O   |   xsMUXCY    |  261 |      cell      |      | ahb_uart1/_i_291/_n_1   | 2    |
| ahb_uart1/_i_291/bitAdd_2/muxcy/CI  |   xsMUXCY    |    0 |      net       |      | ahb_uart1/_i_291/_n_1   |      |
| ahb_uart1/_i_291/bitAdd_2/muxcy/O   |   xsMUXCY    |  168 |      cell      |      | ahb_uart1/_i_291/_n_3   | 2    |
| ahb_uart1/_i_291/bitAdd_3/muxcy/CI  |   xsMUXCY    |    0 |      net       |      | ahb_uart1/_i_291/_n_3   |      |
| ahb_uart1/_i_291/bitAdd_3/muxcy/O   |   xsMUXCY    |  168 |      cell      |      | ahb_uart1/_i_291/_n_5   | 2    |
| ahb_uart1/_i_291/bitAdd_4/muxcy/CI  |   xsMUXCY    |    0 |      net       |      | ahb_uart1/_i_291/_n_5   |      |
| ahb_uart1/_i_291/bitAdd_4/muxcy/O   |   xsMUXCY    |  168 |      cell      |      | ahb_uart1/_i_291/_n_7   | 2    |
| ahb_uart1/_i_291/bitAdd_5/muxcy/CI  |   xsMUXCY    |    0 |      net       |      | ahb_uart1/_i_291/_n_7   |      |
| ahb_uart1/_i_291/bitAdd_5/muxcy/O   |   xsMUXCY    |  168 |      cell      |      | ahb_uart1/_i_291/_n_9   | 2    |
| ahb_uart1/_i_291/bitAdd_6/muxcy/CI  |   xsMUXCY    |    0 |      net       |      | ahb_uart1/_i_291/_n_9   |      |
| ahb_uart1/_i_291/bitAdd_6/muxcy/O   |   xsMUXCY    |  168 |      cell      |      | ahb_uart1/_i_291/_n_11  | 2    |
| ahb_uart1/_i_291/bitAdd_7/muxcy/CI  |   xsMUXCY    |    0 |      net       |      | ahb_uart1/_i_291/_n_11  |      |
| ahb_uart1/_i_291/bitAdd_7/muxcy/O   |   xsMUXCY    |  168 |      cell      |      | ahb_uart1/_i_291/_n_13  | 2    |
| ahb_uart1/_i_291/bitAdd_8/muxcy/CI  |   xsMUXCY    |    0 |      net       |      | ahb_uart1/_i_291/_n_13  |      |
| ahb_uart1/_i_291/bitAdd_8/muxcy/O   |   xsMUXCY    |  168 |      cell      |      | ahb_uart1/_i_291/_n_15  | 2    |
| ahb_uart1/_i_291/bitAdd_9/muxcy/CI  |   xsMUXCY    |    0 |      net       |      | ahb_uart1/_i_291/_n_15  |      |
| ahb_uart1/_i_291/bitAdd_9/muxcy/O   |   xsMUXCY    |  168 |      cell      |      | ahb_uart1/_i_291/_n_17  | 2    |
| ahb_uart1/_i_291/bitAdd_10/muxcy/CI |   xsMUXCY    |    0 |      net       |      | ahb_uart1/_i_291/_n_17  |      |
| ahb_uart1/_i_291/bitAdd_10/muxcy/O  |   xsMUXCY    |  168 |      cell      |      | ahb_uart1/_i_291/_n_19  | 2    |
| ahb_uart1/_i_291/bitAdd_11/muxcy/CI |   xsMUXCY    |    0 |      net       |      | ahb_uart1/_i_291/_n_19  |      |
| ahb_uart1/_i_291/bitAdd_11/muxcy/O  |   xsMUXCY    |  168 |      cell      |      | ahb_uart1/_i_291/_n_21  | 2    |
| ahb_uart1/_i_291/bitAdd_12/muxcy/CI |   xsMUXCY    |    0 |      net       |      | ahb_uart1/_i_291/_n_21  |      |
| ahb_uart1/_i_291/bitAdd_12/muxcy/O  |   xsMUXCY    |  168 |      cell      |      | ahb_uart1/_i_291/_n_23  | 2    |
| ahb_uart1/_i_291/bitAdd_13/muxcy/CI |   xsMUXCY    |    0 |      net       |      | ahb_uart1/_i_291/_n_23  |      |
| ahb_uart1/_i_291/bitAdd_13/muxcy/O  |   xsMUXCY    |  168 |      cell      |      | ahb_uart1/_i_291/_n_25  | 2    |
| ahb_uart1/_i_291/bitAdd_14/muxcy/CI |   xsMUXCY    |    0 |      net       |      | ahb_uart1/_i_291/_n_25  |      |
| ahb_uart1/_i_291/bitAdd_14/muxcy/O  |   xsMUXCY    |  168 |      cell      |      | ahb_uart1/_i_291/_n_27  | 1    |
| ahb_uart1/_i_291/bitAdd_15/xorcy/CI |   xsXORCY    |    0 |      net       |      | ahb_uart1/_i_291/_n_27  |      |
| ahb_uart1/_i_291/bitAdd_15/xorcy/O  |   xsXORCY    |  263 |      cell      |      | ahb_uart1/n_1613[15]    | 1    |
| ahb_uart1/_i_366/I0                 |   xsLUTSA3   |    0 |      net       |      | ahb_uart1/n_1613[15]    |      |
| ahb_uart1/_i_366/O                  |   xsLUTSA3   |   81 |      cell      |      | ahb_uart1/n_1579        | 1    |
| ahb_uart1/TX_DIV_cnt_reg[15]/D      | xsDFFSA_K1C1 |    0 |      net       |      | ahb_uart1/n_1579        |      |
======================================================================================================================
时钟路径延迟         = 990       
数据路径延迟         = 3136       (Tdatp)
     clock-to-q 延迟 = 347 
        总的单元延迟 = 2789 
        总的连线延迟 = 0 
        逻辑级数     = 16 

[数据捕获路径]
======================================================================================================
|              节点               |     单元     | 延迟 |      类型      | 位置 |    连线     | 扇出 |
======================================================================================================
| CLOCK'clk_25M                   |     N/A      |    0 |                |      | N/A         |      |
| clk_25M                         |     top      |    0 | clock_latency  |      | clk_25M     | 1    |
| clk_25M_pad/I                   |    xsIOBI    |    0 |      net       |      | clk_25M     |      |
| clk_25M_pad/O                   |    xsIOBI    |  990 |      cell      |      | clk_25M_c   | 1    |
| PLL_inst1/PLLInst_0/CLKI        |   xsPLLSA    |    0 |      net       |      | clk_25M_c   |      |
| --                              |      --      |   -- |       --       | --   | --          | --   |
| CLOCK'PLL_inst1/PLLInst_0/CLKOP |     N/A      |    0 | tcst_gen_clock |      | N/A         |      |
| PLL_inst1/PLLInst_0/CLKOP       |   xsPLLSA    |  990 | clock_latency  |      | AHB_USR_CLK | 499  |
| ahb_uart1/TX_DIV_cnt_reg[15]/C  | xsDFFSA_K1C1 |    0 |      net       |      | AHB_USR_CLK |      |
======================================================================================================

时钟路径延迟         = 990       
    时钟偏差         = 0 (Tcksw)

[延迟计算]
======================================================================
总延迟 = Tdatap     + Tsu        - Tckpm      - Tcksw
       = 3136       + -23        - 0          - 0          
       = 3113
======================================================================
Tdatp -- 数据路径延迟 
Tsu   -- 库单元建立时间 
Tckpm -- 时钟悲观补偿 


# ***********************************************************************
# 时钟         : PLL_inst1/PLLInst_0/CLKOS
# 最小时钟周期 : 4793 ps
# ***********************************************************************

********************
* 路径 1
********************
起点     : led_wf_inst1/cnt_reg[1]/Q  [激发时钟: PLL_inst1/PLLInst_0/CLKOS, 上升沿1]
终点     : led_wf_inst1/cnt_reg[25]/D [捕获时钟: PLL_inst1/PLLInst_0/CLKOS, 上升沿2] 

数据产生路径
=======================================================================================================================
|                 节点                 |     单元     | 延迟 |      类型      | 位置 |          连线           | 扇出 |
=======================================================================================================================
| CLOCK'clk_25M                        |     N/A      |    0 |                |      | N/A                     |      |
| clk_25M                              |     top      |    0 | clock_latency  |      | clk_25M                 | 1    |
| clk_25M_pad/I                        |    xsIOBI    |    0 |      net       |      | clk_25M                 |      |
| clk_25M_pad/O                        |    xsIOBI    |  990 |      cell      |      | clk_25M_c               | 1    |
| PLL_inst1/PLLInst_0/CLKI             |   xsPLLSA    |    0 |      net       |      | clk_25M_c               |      |
| --                                   |      --      |   -- |       --       | --   | --                      | --   |
| CLOCK'PLL_inst1/PLLInst_0/CLKOS      |     N/A      |    0 | tcst_gen_clock |      | N/A                     |      |
| PLL_inst1/PLLInst_0/CLKOS            |   xsPLLSA    |  990 | clock_latency  |      | CLK_FPGA_SYS1           | 30   |
| led_wf_inst1/cnt_reg[1]/C            | xsDFFSA_K1C1 |    0 |      net       |      | CLK_FPGA_SYS1           |      |
| --                                   |      --      |   -- |       --       | --   | --                      | --   |
| led_wf_inst1/cnt_reg[1]/Q            | xsDFFSA_K1C1 |  347 |  rising_edge   |      | led_wf_inst1/cnt[1]     | 4    |
| led_wf_inst1/_i_6/bitAdd_1/muxcy/S   |   xsMUXCY    |    0 |      net       |      | led_wf_inst1/cnt[1]     |      |
| led_wf_inst1/_i_6/bitAdd_1/muxcy/O   |   xsMUXCY    |  261 |      cell      |      | led_wf_inst1/_i_6/_n_1  | 2    |
| led_wf_inst1/_i_6/bitAdd_2/muxcy/CI  |   xsMUXCY    |    0 |      net       |      | led_wf_inst1/_i_6/_n_1  |      |
| led_wf_inst1/_i_6/bitAdd_2/muxcy/O   |   xsMUXCY    |  168 |      cell      |      | led_wf_inst1/_i_6/_n_3  | 2    |
| led_wf_inst1/_i_6/bitAdd_3/muxcy/CI  |   xsMUXCY    |    0 |      net       |      | led_wf_inst1/_i_6/_n_3  |      |
| led_wf_inst1/_i_6/bitAdd_3/muxcy/O   |   xsMUXCY    |  168 |      cell      |      | led_wf_inst1/_i_6/_n_5  | 2    |
| led_wf_inst1/_i_6/bitAdd_4/muxcy/CI  |   xsMUXCY    |    0 |      net       |      | led_wf_inst1/_i_6/_n_5  |      |
| led_wf_inst1/_i_6/bitAdd_4/muxcy/O   |   xsMUXCY    |  168 |      cell      |      | led_wf_inst1/_i_6/_n_7  | 2    |
| led_wf_inst1/_i_6/bitAdd_5/muxcy/CI  |   xsMUXCY    |    0 |      net       |      | led_wf_inst1/_i_6/_n_7  |      |
| led_wf_inst1/_i_6/bitAdd_5/muxcy/O   |   xsMUXCY    |  168 |      cell      |      | led_wf_inst1/_i_6/_n_9  | 2    |
| led_wf_inst1/_i_6/bitAdd_6/muxcy/CI  |   xsMUXCY    |    0 |      net       |      | led_wf_inst1/_i_6/_n_9  |      |
| led_wf_inst1/_i_6/bitAdd_6/muxcy/O   |   xsMUXCY    |  168 |      cell      |      | led_wf_inst1/_i_6/_n_11 | 2    |
| led_wf_inst1/_i_6/bitAdd_7/muxcy/CI  |   xsMUXCY    |    0 |      net       |      | led_wf_inst1/_i_6/_n_11 |      |
| led_wf_inst1/_i_6/bitAdd_7/muxcy/O   |   xsMUXCY    |  168 |      cell      |      | led_wf_inst1/_i_6/_n_13 | 2    |
| led_wf_inst1/_i_6/bitAdd_8/muxcy/CI  |   xsMUXCY    |    0 |      net       |      | led_wf_inst1/_i_6/_n_13 |      |
| led_wf_inst1/_i_6/bitAdd_8/muxcy/O   |   xsMUXCY    |  168 |      cell      |      | led_wf_inst1/_i_6/_n_15 | 2    |
| led_wf_inst1/_i_6/bitAdd_9/muxcy/CI  |   xsMUXCY    |    0 |      net       |      | led_wf_inst1/_i_6/_n_15 |      |
| led_wf_inst1/_i_6/bitAdd_9/muxcy/O   |   xsMUXCY    |  168 |      cell      |      | led_wf_inst1/_i_6/_n_17 | 2    |
| led_wf_inst1/_i_6/bitAdd_10/muxcy/CI |   xsMUXCY    |    0 |      net       |      | led_wf_inst1/_i_6/_n_17 |      |
| led_wf_inst1/_i_6/bitAdd_10/muxcy/O  |   xsMUXCY    |  168 |      cell      |      | led_wf_inst1/_i_6/_n_19 | 2    |
| led_wf_inst1/_i_6/bitAdd_11/muxcy/CI |   xsMUXCY    |    0 |      net       |      | led_wf_inst1/_i_6/_n_19 |      |
| led_wf_inst1/_i_6/bitAdd_11/muxcy/O  |   xsMUXCY    |  168 |      cell      |      | led_wf_inst1/_i_6/_n_21 | 2    |
| led_wf_inst1/_i_6/bitAdd_12/muxcy/CI |   xsMUXCY    |    0 |      net       |      | led_wf_inst1/_i_6/_n_21 |      |
| led_wf_inst1/_i_6/bitAdd_12/muxcy/O  |   xsMUXCY    |  168 |      cell      |      | led_wf_inst1/_i_6/_n_23 | 2    |
| led_wf_inst1/_i_6/bitAdd_13/muxcy/CI |   xsMUXCY    |    0 |      net       |      | led_wf_inst1/_i_6/_n_23 |      |
| led_wf_inst1/_i_6/bitAdd_13/muxcy/O  |   xsMUXCY    |  168 |      cell      |      | led_wf_inst1/_i_6/_n_25 | 2    |
| led_wf_inst1/_i_6/bitAdd_14/muxcy/CI |   xsMUXCY    |    0 |      net       |      | led_wf_inst1/_i_6/_n_25 |      |
| led_wf_inst1/_i_6/bitAdd_14/muxcy/O  |   xsMUXCY    |  168 |      cell      |      | led_wf_inst1/_i_6/_n_27 | 2    |
| led_wf_inst1/_i_6/bitAdd_15/muxcy/CI |   xsMUXCY    |    0 |      net       |      | led_wf_inst1/_i_6/_n_27 |      |
| led_wf_inst1/_i_6/bitAdd_15/muxcy/O  |   xsMUXCY    |  168 |      cell      |      | led_wf_inst1/_i_6/_n_29 | 2    |
| led_wf_inst1/_i_6/bitAdd_16/muxcy/CI |   xsMUXCY    |    0 |      net       |      | led_wf_inst1/_i_6/_n_29 |      |
| led_wf_inst1/_i_6/bitAdd_16/muxcy/O  |   xsMUXCY    |  168 |      cell      |      | led_wf_inst1/_i_6/_n_31 | 2    |
| led_wf_inst1/_i_6/bitAdd_17/muxcy/CI |   xsMUXCY    |    0 |      net       |      | led_wf_inst1/_i_6/_n_31 |      |
| led_wf_inst1/_i_6/bitAdd_17/muxcy/O  |   xsMUXCY    |  168 |      cell      |      | led_wf_inst1/_i_6/_n_33 | 2    |
| led_wf_inst1/_i_6/bitAdd_18/muxcy/CI |   xsMUXCY    |    0 |      net       |      | led_wf_inst1/_i_6/_n_33 |      |
| led_wf_inst1/_i_6/bitAdd_18/muxcy/O  |   xsMUXCY    |  168 |      cell      |      | led_wf_inst1/_i_6/_n_35 | 2    |
| led_wf_inst1/_i_6/bitAdd_19/muxcy/CI |   xsMUXCY    |    0 |      net       |      | led_wf_inst1/_i_6/_n_35 |      |
| led_wf_inst1/_i_6/bitAdd_19/muxcy/O  |   xsMUXCY    |  168 |      cell      |      | led_wf_inst1/_i_6/_n_37 | 2    |
| led_wf_inst1/_i_6/bitAdd_20/muxcy/CI |   xsMUXCY    |    0 |      net       |      | led_wf_inst1/_i_6/_n_37 |      |
| led_wf_inst1/_i_6/bitAdd_20/muxcy/O  |   xsMUXCY    |  168 |      cell      |      | led_wf_inst1/_i_6/_n_39 | 2    |
| led_wf_inst1/_i_6/bitAdd_21/muxcy/CI |   xsMUXCY    |    0 |      net       |      | led_wf_inst1/_i_6/_n_39 |      |
| led_wf_inst1/_i_6/bitAdd_21/muxcy/O  |   xsMUXCY    |  168 |      cell      |      | led_wf_inst1/_i_6/_n_41 | 2    |
| led_wf_inst1/_i_6/bitAdd_22/muxcy/CI |   xsMUXCY    |    0 |      net       |      | led_wf_inst1/_i_6/_n_41 |      |
| led_wf_inst1/_i_6/bitAdd_22/muxcy/O  |   xsMUXCY    |  168 |      cell      |      | led_wf_inst1/_i_6/_n_43 | 2    |
| led_wf_inst1/_i_6/bitAdd_23/muxcy/CI |   xsMUXCY    |    0 |      net       |      | led_wf_inst1/_i_6/_n_43 |      |
| led_wf_inst1/_i_6/bitAdd_23/muxcy/O  |   xsMUXCY    |  168 |      cell      |      | led_wf_inst1/_i_6/_n_45 | 2    |
| led_wf_inst1/_i_6/bitAdd_24/muxcy/CI |   xsMUXCY    |    0 |      net       |      | led_wf_inst1/_i_6/_n_45 |      |
| led_wf_inst1/_i_6/bitAdd_24/muxcy/O  |   xsMUXCY    |  168 |      cell      |      | led_wf_inst1/_i_6/_n_47 | 1    |
| led_wf_inst1/_i_6/bitAdd_25/xorcy/CI |   xsXORCY    |    0 |      net       |      | led_wf_inst1/_i_6/_n_47 |      |
| led_wf_inst1/_i_6/bitAdd_25/xorcy/O  |   xsXORCY    |  263 |      cell      |      | led_wf_inst1/n_37[25]   | 1    |
| led_wf_inst1/_i_33/I1                |   xsLUTSA2   |    0 |      net       |      | led_wf_inst1/n_37[25]   |      |
| led_wf_inst1/_i_33/O                 |   xsLUTSA2   |   81 |      cell      |      | led_wf_inst1/n_36       | 1    |
| led_wf_inst1/cnt_reg[25]/D           | xsDFFSA_K1C1 |    0 |      net       |      | led_wf_inst1/n_36       |      |
=======================================================================================================================
时钟路径延迟         = 990       
数据路径延迟         = 4816       (Tdatp)
     clock-to-q 延迟 = 347 
        总的单元延迟 = 4469 
        总的连线延迟 = 0 
        逻辑级数     = 26 

[数据捕获路径]
========================================================================================================
|              节点               |     单元     | 延迟 |      类型      | 位置 |     连线      | 扇出 |
========================================================================================================
| CLOCK'clk_25M                   |     N/A      |    0 |                |      | N/A           |      |
| clk_25M                         |     top      |    0 | clock_latency  |      | clk_25M       | 1    |
| clk_25M_pad/I                   |    xsIOBI    |    0 |      net       |      | clk_25M       |      |
| clk_25M_pad/O                   |    xsIOBI    |  990 |      cell      |      | clk_25M_c     | 1    |
| PLL_inst1/PLLInst_0/CLKI        |   xsPLLSA    |    0 |      net       |      | clk_25M_c     |      |
| --                              |      --      |   -- |       --       | --   | --            | --   |
| CLOCK'PLL_inst1/PLLInst_0/CLKOS |     N/A      |    0 | tcst_gen_clock |      | N/A           |      |
| PLL_inst1/PLLInst_0/CLKOS       |   xsPLLSA    |  990 | clock_latency  |      | CLK_FPGA_SYS1 | 30   |
| led_wf_inst1/cnt_reg[25]/C      | xsDFFSA_K1C1 |    0 |      net       |      | CLK_FPGA_SYS1 |      |
========================================================================================================

时钟路径延迟         = 990       
    时钟偏差         = 0 (Tcksw)

[延迟计算]
======================================================================
总延迟 = Tdatap     + Tsu        - Tckpm      - Tcksw
       = 4816       + -23        - 0          - 0          
       = 4793
======================================================================
Tdatp -- 数据路径延迟 
Tsu   -- 库单元建立时间 
Tckpm -- 时钟悲观补偿 


#########################################################################
# 时钟频率总结
#########################################################################
最慢时钟     : PLL_inst1/PLLInst_0/CLKOS
最小时钟周期 : 4793 ps
最大时钟频率 : 208.6 MHz
#########################################################################
seg_inst/clk_DRV_reg/Q    : 565.3 Mhz
PLL_inst1/PLLInst_0/CLKOP : 321.2 Mhz
PLL_inst1/PLLInst_0/CLKOS : 208.6 Mhz


Info: 检查时序约束 ....
Info: 已完成.
Info: 检查物理约束 ....
Info: 已完成.
Info: 网表整理(nl.sweep) 开始 ....
Info: 共有 0 个节点被 nl.sweep 删除.
Info: 网表整理(nl.sweep) 结束.

WARN(NCHK-CLK001): 连线 seg_inst/clk_DRV 混合了时钟和数据连接.
-- 非时钟引脚 --
   seg_inst/clk_DRV_reg_ctrlmux.I0
[说明]上述情况通常源自生成时钟，例如通过计数进行分频的逻辑。
如果确实是这种情况而且是必须的(例如不能用PLL/DCM分频替代)，
请别忘为相关连线显式地指定时钟约束。否则，这种时钟和数据混
合的描述方式是不推荐使用的，请复查并修改。

#=============oOOOo================oOOOo=============
# 组装(Packing)
#====================================================
Info: 开始组装(packing).
Info: 将 ahb_sram1/read_buffer_1_reg[7] 吸收到 IREG.
Info: 将 ahb_sram1/read_buffer_1_reg[6] 吸收到 IREG.
Info: 将 ahb_sram1/read_buffer_1_reg[5] 吸收到 IREG.
Info: 将 ahb_sram1/read_buffer_1_reg[4] 吸收到 IREG.
Info: 将 ahb_sram1/read_buffer_1_reg[3] 吸收到 IREG.
Info: 将 ahb_sram1/read_buffer_1_reg[2] 吸收到 IREG.
Info: 将 ahb_sram1/read_buffer_1_reg[1] 吸收到 IREG.
Info: 将 ahb_sram1/read_buffer_1_reg[0] 吸收到 IREG.
Info: 将 ahb_sram1/read_buffer_0_reg[7] 吸收到 IREG.
Info: 将 ahb_sram1/read_buffer_0_reg[6] 吸收到 IREG.
Info: 将 ahb_sram1/read_buffer_0_reg[5] 吸收到 IREG.
Info: 将 ahb_sram1/read_buffer_0_reg[4] 吸收到 IREG.
Info: 将 ahb_sram1/read_buffer_0_reg[3] 吸收到 IREG.
Info: 将 ahb_sram1/read_buffer_0_reg[2] 吸收到 IREG.
Info: 将 ahb_sram1/read_buffer_0_reg[1] 吸收到 IREG.
Info: 将 ahb_sram1/read_buffer_0_reg[0] 吸收到 IREG.
Info: 将 ahb_lcd8080_inst1/cmd_data_r_reg_reg[15] 吸收到 IREG.
Info: 将 ahb_lcd8080_inst1/cmd_data_r_reg_reg[14] 吸收到 IREG.
Info: 将 ahb_lcd8080_inst1/cmd_data_r_reg_reg[13] 吸收到 IREG.
Info: 将 ahb_lcd8080_inst1/cmd_data_r_reg_reg[12] 吸收到 IREG.
Info: 将 ahb_lcd8080_inst1/cmd_data_r_reg_reg[11] 吸收到 IREG.
Info: 将 ahb_lcd8080_inst1/cmd_data_r_reg_reg[10] 吸收到 IREG.
Info: 将 ahb_lcd8080_inst1/cmd_data_r_reg_reg[9] 吸收到 IREG.
Info: 将 ahb_lcd8080_inst1/cmd_data_r_reg_reg[8] 吸收到 IREG.
Info: 将 ahb_lcd8080_inst1/cmd_data_r_reg_reg[7] 吸收到 IREG.
Info: 将 ahb_lcd8080_inst1/cmd_data_r_reg_reg[6] 吸收到 IREG.
Info: 将 ahb_lcd8080_inst1/cmd_data_r_reg_reg[5] 吸收到 IREG.
Info: 将 ahb_lcd8080_inst1/cmd_data_r_reg_reg[4] 吸收到 IREG.
Info: 将 ahb_lcd8080_inst1/cmd_data_r_reg_reg[3] 吸收到 IREG.
Info: 将 ahb_lcd8080_inst1/cmd_data_r_reg_reg[2] 吸收到 IREG.
Info: 将 ahb_lcd8080_inst1/cmd_data_r_reg_reg[1] 吸收到 IREG.
Info: 将 ahb_lcd8080_inst1/cmd_data_r_reg_reg[0] 吸收到 IREG.
Info: 将 ahb_sram1/reg_addr_high_reg[17] 吸收到 OREG.
Info: 将 ahb_sram1/reg_addr_high_reg[16] 吸收到 OREG.
Info: 将 ahb_sram1/reg_addr_high_reg[15] 吸收到 OREG.
Info: 将 ahb_sram1/reg_addr_high_reg[14] 吸收到 OREG.
Info: 将 ahb_sram1/reg_addr_high_reg[13] 吸收到 OREG.
Info: 将 ahb_sram1/reg_addr_high_reg[12] 吸收到 OREG.
Info: 将 ahb_sram1/reg_addr_high_reg[11] 吸收到 OREG.
Info: 将 ahb_sram1/reg_addr_high_reg[10] 吸收到 OREG.
Info: 将 ahb_sram1/reg_addr_high_reg[9] 吸收到 OREG.
Info: 将 ahb_sram1/reg_addr_high_reg[8] 吸收到 OREG.
Info: 将 ahb_sram1/reg_addr_high_reg[7] 吸收到 OREG.
Info: 将 ahb_sram1/reg_addr_high_reg[6] 吸收到 OREG.
Info: 将 ahb_sram1/reg_addr_high_reg[5] 吸收到 OREG.
Info: 将 ahb_sram1/reg_addr_high_reg[4] 吸收到 OREG.
Info: 将 ahb_sram1/reg_addr_high_reg[3] 吸收到 OREG.
Info: 将 ahb_sram1/reg_addr_high_reg[2] 吸收到 OREG.
Info: 将 ahb_sram1/reg_addr_high_reg[1] 吸收到 OREG.
Info: 将 ahb_sram1/reg_addr_high_reg[0] 吸收到 OREG.
Info: 将 ahb_sram1/reg_addr_low_reg[1]_dup1 吸收到 OREG.
Info: 将 ahb_sram1/reg_we_n_reg 吸收到 OREG.
Info: 将 ahb_sram1/reg_oe_n_reg 吸收到 OREG.
Info: 将 ahb_sram1/reg_ce_n_reg 吸收到 OREG.
Info: 将 ahb_sram1/reg_bs_n_reg[0] 吸收到 OREG.
Info: 将 ahb_sram1/reg_bs_n_reg[1] 吸收到 OREG.
Info: 将 led_wf_inst1/led_sig_reg[3]_dup1 吸收到 OREG.
Info: 将 led_wf_inst1/led_sig_reg[2]_dup1 吸收到 OREG.
Info: 将 led_wf_inst1/led_sig_reg[1]_dup1 吸收到 OREG.
Info: 将 led_wf_inst1/led_sig_reg[0]_dup1 吸收到 OREG.
Info: 将 ahb_uart1/TX_shift_reg_reg[0] 吸收到 OREG.
Info: 将 seg_inst/SH_CLK_reg 吸收到 OREG.
Info: 将 seg_inst/LD_CLK_reg 吸收到 OREG.
Info: 将 seg_inst/HC_DAT_reg_dup1 吸收到 OREG.
Info: 将 ahb_lcd8080_inst1/sta8080_reg[3]_dup1 吸收到 OREG.
Info: 开始组装预处理.
Info: 完成组装预处理.
Info: CM3                         1.
Info: IOLOGIC                    65.
Info:     IREG_OREG              65.
Info: PIO                        95.
Info: PLL_25K                     1.
Info: SLICEL                     79.
Info:     CARRY                  33.
Info:     MUXF7                  38.
Info:     MUXF8                   8.
Info: SLICEL(LE)                645.
Info:     LUT                   155.
Info:     LUT REG               205.
Info:     REG                   285.
Info: 完成组装.

Info: Start gpack.
Info: Done gpack.
Info: 开始建立物理网表.
Info:   为 95   个 PIO        建立了物理网表 .
Info:   为 65   个 IOLOGIC    建立了物理网表 .
Info:   为 1    个 PLL_25K    建立了物理网表 .
Info:   为 1    个 CM3        建立了物理网表 .
Info:   为 263  个 SLICEL     建立了物理网表 .
Info: 完成建立物理网表.
Info: CM3                         1.
Info: IOLOGIC                    65.
Info:     IREG_OREG              65.
Info: PIO                        95.
Info: PLL_25K                     1.
Info: SLICEL                    263.
Info:     CARRY                  33.
Info:     LOGIC                 184.
Info:     MUXF7                  38.
Info:     MUXF8                   8.
####
Info: 组装执行时间 : 6 秒.
Info: 输出网表报告到文件D:\fpga\AC208-SA5Z30-CM3\workspace\lcd\fpga\sa5z30fpga\hq_run\top_map.rpt中.
Info: 检查时序约束 ....
Info: 已完成.

#=============oOOOo================oOOOo=============
# 布局(Placement)
#====================================================
Info: 开始布局(placement).
Info: 布局模式: 时序优化.
Info: 时序优化强度: 标准.
Info: CE/SR NET max fanout = 2000.
Info: Best achievable WNS = 8001.5
[V]PL-STAT-SLICE:  5.15282 = 263 / 5104
Info: 设置延迟系数: 1.33333.
[V]: Identify CE/SR net...
Info: 元件实例 led_core 已固定于 B6.
Info: 元件实例 beep_pin 已固定于 E13.
Info: 元件实例 uart_DAP_rx 已固定于 K2.
Info: 元件实例 uart_DAP_tx 已固定于 L2.
Info: 元件实例 key_pin[1] 已固定于 E5.
Info: 元件实例 key_pin[2] 已固定于 F5.
Info: 元件实例 LCD_BL 已固定于 G5.
Info: 元件实例 sd_sclk 已固定于 E11.
Info: 元件实例 sd_cs 已固定于 D11.
Info: 元件实例 sd_mosi 已固定于 D12.
Info: 元件实例 sd_miso 已固定于 F11.
Info: 元件实例 flash_sclk 已固定于 A1.
Info: 元件实例 flash_cs 已固定于 A8.
Info: 元件实例 flash_mosi 已固定于 G2.
Info: 元件实例 flash_miso 已固定于 G1.
Info: 元件实例 LCDT_SCL 已固定于 J1.
Info: 元件实例 LCDT_SDA 已固定于 N1.
Info: 元件实例 LCD_RST 已固定于 K10.
Info: 元件实例 LCDT_RST 已固定于 J2.
Info: 元件实例 LCDT_PEN 已固定于 J3.
Info: 元件实例 SRAM_DQ[15] 已固定于 P9.
Info: 元件实例 SRAM_DQ[14] 已固定于 R9.
Info: 元件实例 SRAM_DQ[13] 已固定于 P8.
Info: 元件实例 SRAM_DQ[12] 已固定于 R8.
Info: 元件实例 SRAM_DQ[11] 已固定于 P7.
Info: 元件实例 SRAM_DQ[10] 已固定于 R7.
Info: 元件实例 SRAM_DQ[9] 已固定于 P6.
Info: 元件实例 SRAM_DQ[8] 已固定于 P5.
Info: 元件实例 SRAM_DQ[7] 已固定于 N6.
Info: 元件实例 SRAM_DQ[6] 已固定于 L7.
Info: 元件实例 SRAM_DQ[5] 已固定于 N7.
Info: 元件实例 SRAM_DQ[4] 已固定于 N8.
Info: 元件实例 SRAM_DQ[3] 已固定于 L9.
Info: 元件实例 SRAM_DQ[2] 已固定于 L10.
Info: 元件实例 SRAM_DQ[1] 已固定于 M10.
Info: 元件实例 SRAM_DQ[0] 已固定于 M11.
Info: 元件实例 SWDIO 已固定于 C1.
Info: 元件实例 DATA_8080[15] 已固定于 G3.
Info: 元件实例 DATA_8080[14] 已固定于 H3.
Info: 元件实例 DATA_8080[13] 已固定于 G10.
Info: 元件实例 DATA_8080[12] 已固定于 E6.
Info: 元件实例 DATA_8080[11] 已固定于 E7.
Info: 元件实例 DATA_8080[10] 已固定于 J4.
Info: 元件实例 DATA_8080[9] 已固定于 F6.
Info: 元件实例 DATA_8080[8] 已固定于 K3.
Info: 元件实例 DATA_8080[7] 已固定于 J5.
Info: 元件实例 DATA_8080[6] 已固定于 K5.
Info: 元件实例 DATA_8080[5] 已固定于 J6.
Info: 元件实例 DATA_8080[4] 已固定于 R11.
Info: 元件实例 DATA_8080[3] 已固定于 N10.
Info: 元件实例 DATA_8080[2] 已固定于 P11.
Info: 元件实例 DATA_8080[1] 已固定于 K6.
Info: 元件实例 DATA_8080[0] 已固定于 R12.
Info: 元件实例 clk_25M 已固定于 H13.
Info: 元件实例 SWCLK 已固定于 H1.
Info: 元件实例 key_pin[0] 已固定于 D5.
Info: 元件实例 SRAM_ADDR[18] 已固定于 R5.
Info: 元件实例 SRAM_ADDR[17] 已固定于 P15.
Info: 元件实例 SRAM_ADDR[16] 已固定于 R15.
Info: 元件实例 SRAM_ADDR[15] 已固定于 P14.
Info: 元件实例 SRAM_ADDR[14] 已固定于 P4.
Info: 元件实例 SRAM_ADDR[13] 已固定于 R4.
Info: 元件实例 SRAM_ADDR[12] 已固定于 P3.
Info: 元件实例 SRAM_ADDR[11] 已固定于 R3.
Info: 元件实例 SRAM_ADDR[10] 已固定于 R2.
Info: 元件实例 SRAM_ADDR[9] 已固定于 M3.
Info: 元件实例 SRAM_ADDR[8] 已固定于 N3.
Info: 元件实例 SRAM_ADDR[7] 已固定于 L5.
Info: 元件实例 SRAM_ADDR[6] 已固定于 M4.
Info: 元件实例 SRAM_ADDR[5] 已固定于 N5.
Info: 元件实例 SRAM_ADDR[4] 已固定于 M12.
Info: 元件实例 SRAM_ADDR[3] 已固定于 N14.
Info: 元件实例 SRAM_ADDR[2] 已固定于 N15.
Info: 元件实例 SRAM_ADDR[1] 已固定于 M13.
Info: 元件实例 SRAM_ADDR[0] 已固定于 L11.
Info: 元件实例 SRAM_nWE 已固定于 L6.
Info: 元件实例 SRAM_nOE 已固定于 R14.
Info: 元件实例 SRAM_nCE 已固定于 N12.
Info: 元件实例 SRAM_nLB 已固定于 R13.
Info: 元件实例 SRAM_nUB 已固定于 P13.
Info: 元件实例 led_pin[3] 已固定于 E14.
Info: 元件实例 led_pin[2] 已固定于 F14.
Info: 元件实例 led_pin[1] 已固定于 G15.
Info: 元件实例 led_pin[0] 已固定于 D15.
Info: 元件实例 uart_ch340_tx 已固定于 E12.
Info: 元件实例 w5500_sclk 已固定于 L15.
Info: 元件实例 w5500_cs 已固定于 K9.
Info: 元件实例 w5500_mosi 已固定于 M15.
Info: 元件实例 seg7_SH_CP 已固定于 E4.
Info: 元件实例 seg7_ST_CP 已固定于 G6.
Info: 元件实例 seg7_DS 已固定于 H2.
Info: 元件实例 CS_8080 已固定于 L12.
Info: 元件实例 RS_8080 已固定于 L13.
Info: 元件实例 WR_8080 已固定于 P12.
Info: 元件实例 RD_8080 已固定于 K11.
----
Info: 布局第1阶段(总共3阶段) (签名=461,60,1).
----
Info: 进度   3%, WNS = -17105.
Info: 进度   7%, WNS = -18818.
Info: 进度   8%, WNS = -13036.
Info: 进度  10%, WNS = -13570.
Info: 进度  12%, WNS = -10188.
Info: 进度  13%, WNS =  -5898.
Info: 进度  15%, WNS =  -4252.
Info: 进度  17%, WNS =  -5259.
Info: 进度  20%, WNS =  -5372.
Info: 进度  22%, WNS =  -3992.
Info: 进度  23%, WNS =  -5011.
Info: 进度  25%, WNS =  -3483.
Info: 进度  27%, WNS =  -4112.
Info: 进度  30%, WNS =  -3262.
Info: 进度  33%, WNS =  -2998.
Info: 进度  37%, WNS =  -2451.
Info: 进度  40%, WNS =  -4061.
Info: 进度  42%, WNS =  -1603.
Info: 进度  43%, WNS =  -1198.
Info: 进度  45%, WNS =   -905.
Info: 进度  47%, WNS =   -825.
Info: 进度  50%, WNS =  -1265.
Info: 进度  53%, WNS =  -1641.
Info: 进度  55%, WNS =   -532.
Info: 进度  57%, WNS =  -1423.
Info: 进度  58%, WNS =   -625.
Info: 进度  60%, WNS =   -338.
Info: 进度  63%, WNS =  -1041.
Info: 进度  67%, WNS =   -318.
Info: 进度  70%, WNS =  -2227.
Info: 进度  73%, WNS =   -105.
Info: 进度  77%, WNS =   -278.
Info: 进度  80%, WNS =    228.
Info: 进度  83%, WNS =    315.
Info: 进度  87%, WNS =   -412.
Info: 进度  90%, WNS =   -158.
Info: 进度  93%, WNS =   -492.
Info: 进度  97%, WNS =   -925.
Info: 进度  99%, WNS =   -236.
Info: 进度 100%, WNS =    228.
----
Info: 布局第2阶段(总共3阶段) (签名=1,10,1).
----
Info: 进度   0%, WNS =    128.
Info: 进度  10%, WNS =     55.
Info: 进度  30%, WNS =   -345.
Info: 进度  50%, WNS =    405.
Info: 进度  60%, WNS =    405.
Info: 进度  70%, WNS =    405.
Info: 进度  80%, WNS =    402.
Info: 进度  90%, WNS =    402.
Info: 进度 100%, WNS =    402.
----
Info: 布局第3阶段(总共3阶段) (签名=0,10,1).
----
Info: 进度   0%, WNS =    405.
Info: 进度  10%, WNS =    402.
Info: 进度  20%, WNS =    402.
Info: 进度  30%, WNS =    402.
Info: 进度  50%, WNS =    202.
Info: 进度  60%, WNS =    405.
Info: 进度  70%, WNS =    405.
Info: 进度  80%, WNS =    405.
Info: 进度  90%, WNS =    402.
Info: 进度 100%, WNS =    405.
----
Info: 布局结果最终WNS = 2634.
----
Info: 完成布局.

Info: 开始网表校正.
Info: 完成网表校正.
####
Info: 布局执行时间 : 1 秒.
####
Info: 输出网表报告到文件D:\fpga\AC208-SA5Z30-CM3\workspace\lcd\fpga\sa5z30fpga\hq_run\top_place.rpt中.
Info: 检查时序约束 ....
Info: 已完成.

#=============oOOOo================oOOOo=============
# 布线(Routing)
#====================================================
Info: 布线模式 : timing.
Info: 优化强度 : std.
Info: 读入布线资源并检查网表 ....
Info: 当前网表中有 427 个元件例示(instance).
Info: 总共需要对 1121 条连线 (3746 连接点) 进行布线.
Info: 连线 AHB_USR_CLK 指定为 PCLK (由 placer).
Info: 连线 CLK_FPGA_SYS1 指定为 PCLK (由 placer).
Info: 连线 seg_inst/clk_DRV 指定为 PCLK (由 placer).
Info: 开始布线(routing).

Info: set customeized options 

| X1/X2 | X2H | X12D | X4/X6 |  XL |  LH |  LV | LVB | BNC | GFAN | X120 | X0-X0 | X1-X2 | X4-X6 
|   5   |   5 |   5  |   2   |   3 |   6 |   6 |   6 |   6 |   6  |  50  |   3   |   4   |   7   

| MALL | MLONG | MX0  | X12RAM | X46RAM | X12VIQ | X46VIQ | X12CLKV | PLO | CLO | X-LOCAL | CLKV+ | GFANn | GNDfo | GNDlut 
|   1  |   1   |   1  |    2   |    2   |    3   |    2   |     5   |  10 |   5 |    0    |   1   |   2   |    0  |    0   

Info: 第  0 轮 : 还需要对 898   条连线 (2899  连接点)进行布线.
Info: 第  1 轮 : 还需要对 83    条连线 (50    连接点)进行布线.
Info: 第  2 轮 : 还需要对 6     条连线 (3     连接点)进行布线.
Info: 第  3 轮 : 还需要对 2     条连线 (1     连接点)进行布线.
Info: 第  4 轮 : 还需要对 2     条连线 (1     连接点)进行布线.
Info: 第  5 轮 : 还需要对 2     条连线 (1     连接点)进行布线.
Info: 第  6 轮 : 还需要对 0     条连线 (0     连接点)进行布线.

Info: 完成布线.

Info: 开始更新物理网表.
Info:   为 155  个 SLICEL     建立了物理网表 .
Info:   为 74   个 TIEOFF     建立了物理网表 .
Info: 完成更新物理网表.
####
Info: 布线执行时间 : 6 秒.
####
 
Info: 生成最差时序余量(WNS)报告 ...
============================================================
Clock Name                  Req Period  Setup WNS   Hold WNS
------------------------------------------------------------
clkbase                          40000         --         --
PLL_inst1/PLLInst_0/CLKOP        10000       1578        305
PLL_inst1/PLLInst_0/CLKOS        20000      15033        347
============================================================
【汇总】
Info(wns-ok): Setup WNS = 1578, 满足时序目标.
Info(wns-ok): Hold  WNS = 305, 满足时序目标.
====
Info: 完成WNS报告.
Info:   (可在文件 "D:/fpga/AC208-SA5Z30-CM3/workspace/lcd/fpga/sa5z30fpga/hq_run/top_slack.rpt" 中检查更详细信息).
====
Info: 自动添加约束: create_generated_clock {PLL_inst1/PLLInst_0/CLKOP} -source {PLL_inst1/PLLInst_0/CLKI} -multiply_by 32 -divide_by 8.
Info: 自动添加约束: create_generated_clock {PLL_inst1/PLLInst_0/CLKOS} -source {PLL_inst1/PLLInst_0/CLKI} -multiply_by 32 -divide_by 16.
Info: 输出网表报告到文件D:\fpga\AC208-SA5Z30-CM3\workspace\lcd\fpga\sa5z30fpga\hq_run\top_route.rpt中.

#########################################################################
#
# 最大时钟频率(FMAX)报告
#
#########################################################################
#
# 注意: FMAX 的计算仅针对在同一时钟域内的寄存器到寄存器路径，
# 多周期路径、跨时钟域路径(包括主时钟及其生成时钟之间的路径)都将
# 被忽略。对于一个时钟及其反向时钟之间的路径， FMAX的计算通过按
# 频宽比(duty cycle)等比例扩展路径延迟得到。例如，假设有一
# 条路径的起点由时钟上升沿驱动而终点由同一时钟的下降沿驱动，
# 如果该时钟的频宽比为50，则计算FMAX时，路径延迟将乘以2(即
# 除以50%)。
#


# ***********************************************************************
# 时钟         : PLL_inst1/PLLInst_0/CLKOP
# 最小时钟周期 : 8422.2 ps
# ***********************************************************************

********************
* 路径 1
********************
起点     : ahb_lcd8080_inst1/addr[15]/BMUX [激发时钟: PLL_inst1/PLLInst_0/CLKOP, 上升沿1]
终点     : inst/TARGEXP1HREADYOUT          [捕获时钟: PLL_inst1/PLLInst_0/CLKOP, 上升沿2] 

数据产生路径
==========================================================================================================================================================================
|                           节点                            |  单元   |  延迟  |     类型      |  位置   |                          连线                          | 扇出 |
==========================================================================================================================================================================
| CLOCK'clkbase                                             |   N/A   |      0 |               |         | N/A                                                    |      |
| clk_25M                                                   |   top   |      0 | clock_latency |         | clk_25M                                                | 1    |
| clk_25M/PAD#bidir_in                                      |   PIO   |      0 |      net      | PT79A   | clk_25M                                                | 1    |
| clk_25M/PADDI                                             |   PIO   |   1091 |   PADI_DEL    |         | clk_25M_c                                              | 1    |
| PLL_inst1/PLLInst_0/CLKI                                  | PLL_25K | 4620.3 |      net      | LPLL1   | clk_25M_c                                              |      |
| --                                                        |   --    |     -- |      --       | --      | --                                                     | --   |
| CLOCK'PLL_inst1/PLLInst_0/CLKOP                           |   N/A   |      0 |  CLKI2OP_DEL  |         | N/A                                                    |      |
| PLL_inst1/PLLInst_0/CLKOP                                 | PLL_25K | 5711.3 | clock_latency |         | AHB_USR_CLK                                            | 254  |
| ahb_lcd8080_inst1/addr[15]/CLK                            | SLICEL  | 1096.4 |      net      | R20C38M | AHB_USR_CLK                                            |      |
| --                                                        |   --    |     -- |      --       | --      | --                                                     | --   |
| ahb_lcd8080_inst1/addr[15]/BMUX                           | SLICEL  |   47.7 |    Tshcko     |         | ahb_lcd8080_inst1/addr[14]                             | 1    |
| net_extracted/A1                                          | SLICEL  |   1007 |      net      | R20C38L | ahb_lcd8080_inst1/addr[14]                             |      |
| net_extracted/BMUX                                        | SLICEL  |    117 |     Topab     |         | net_extracted                                          | 33   |
| ahb_lcd8080_inst1/_i_286/_i_286/muxf6_1_andor_decomp_0/C3 | SLICEL  | 1315.2 |      net      | R15C41L | net_extracted                                          |      |
| ahb_lcd8080_inst1/_i_286/_i_286/muxf6_1_andor_decomp_0/C  | SLICEL  |   75.1 |     Tilo      |         | ahb_lcd8080_inst1/_i_246_decomp                        | 3    |
| ahb_lcd8080_inst1/_i_286/_i_286/muxf6_1_andor_decomp_0/A6 | SLICEL  |  210.6 |      net      | R15C41L | ahb_lcd8080_inst1/_i_246_decomp                        |      |
| ahb_lcd8080_inst1/_i_286/_i_286/muxf6_1_andor_decomp_0/A  | SLICEL  |   75.1 |     Tilo      |         | ahb_lcd8080_inst1/_i_286/_i_286/muxf6_1_andor_decomp_0 | 1    |
| ahb_lcd8080_inst1/n_318/B4                                | SLICEL  |  629.5 |      net      | R15C42M | ahb_lcd8080_inst1/_i_286/_i_286/muxf6_1_andor_decomp_0 |      |
| ahb_lcd8080_inst1/n_318/AMUX                              | SLICEL  |  104.3 |     Topba     |         | ahb_lcd8080_inst1/n_318                                | 1    |
| ahb_lcd8080_inst1/n_196/D6                                | SLICEL  |  418.7 |      net      | R14C42M | ahb_lcd8080_inst1/n_318                                |      |
| ahb_lcd8080_inst1/n_196/D                                 | SLICEL  |   75.1 |     Tilo      |         | ahb_lcd8080_inst1/sta8080_now[0]                       | 23   |
| ahb_lcd8080_inst1/read_h_cnt[2]/B3                        | SLICEL  | 1248.2 |      net      | R18C41L | ahb_lcd8080_inst1/sta8080_now[0]                       |      |
| ahb_lcd8080_inst1/read_h_cnt[2]/BMUX                      | SLICEL  |   88.9 |     Topbb     |         | _n_8816                                                | 1    |
| inst/TARGEXP1HREADYOUT                                    |   CM3   | 2015.8 |      net      | CM3     | _n_8816                                                |      |
==========================================================================================================================================================================
时钟路径延迟         = 6807.7    
数据路径延迟         = 7428.2     (Tdatp)
     clock-to-q 延迟 = 47.7 
        总的单元延迟 = 535.5 
        总的连线延迟 = 6845 
        逻辑级数     = 6 

[数据捕获路径]
===================================================================================================
|              节点               |  单元   |  延迟  |     类型      | 位置  |    连线     | 扇出 |
===================================================================================================
| CLOCK'clkbase                   |   N/A   |      0 |               |       | N/A         |      |
| clk_25M                         |   top   |      0 | clock_latency |       | clk_25M     | 1    |
| clk_25M/PAD#bidir_in            |   PIO   |      0 |      net      | PT79A | clk_25M     | 1    |
| clk_25M/PADDI                   |   PIO   |   1091 |   PADI_DEL    |       | clk_25M_c   | 1    |
| PLL_inst1/PLLInst_0/CLKI        | PLL_25K | 4470.9 |      net      | LPLL1 | clk_25M_c   |      |
| --                              |   --    |     -- |      --       | --    | --          | --   |
| CLOCK'PLL_inst1/PLLInst_0/CLKOP |   N/A   |      0 |  CLKI2OP_DEL  |       | N/A         |      |
| PLL_inst1/PLLInst_0/CLKOP       | PLL_25K | 5561.9 | clock_latency |       | AHB_USR_CLK | 254  |
| inst/CIBCLK                     |   CM3   | 1057.4 |      net      | CM3   | AHB_USR_CLK |      |
===================================================================================================

时钟路径延迟         = 6619.3    
    时钟偏差         = -188.4 (Tcksw)

[延迟计算]
======================================================================
总延迟 = Tdatap     + Tsu        - Tckpm      - Tcksw
       = 7428.2     + 955        - 149.4      - -188.4     
       = 8422.2
======================================================================
Tdatp -- 数据路径延迟 
Tsu   -- 库单元建立时间 
Tckpm -- 时钟悲观补偿 


# ***********************************************************************
# 时钟         : PLL_inst1/PLLInst_0/CLKOS
# 最小时钟周期 : 4967.1 ps
# ***********************************************************************

********************
* 路径 1
********************
起点     : led_wf_inst1/cnt[13]/AQ [激发时钟: PLL_inst1/PLLInst_0/CLKOS, 上升沿1]
终点     : led_pin[3]_MGIOL/CE     [捕获时钟: PLL_inst1/PLLInst_0/CLKOS, 上升沿2] 

数据产生路径
=========================================================================================================================
|               节点               |  单元   |  延迟  |     类型      |   位置   |             连线              | 扇出 |
=========================================================================================================================
| CLOCK'clkbase                    |   N/A   |      0 |               |          | N/A                           |      |
| clk_25M                          |   top   |      0 | clock_latency |          | clk_25M                       | 1    |
| clk_25M/PAD#bidir_in             |   PIO   |      0 |      net      | PT79A    | clk_25M                       | 1    |
| clk_25M/PADDI                    |   PIO   |   1091 |   PADI_DEL    |          | clk_25M_c                     | 1    |
| PLL_inst1/PLLInst_0/CLKI         | PLL_25K | 4620.3 |      net      | LPLL1    | clk_25M_c                     |      |
| --                               |   --    |     -- |      --       | --       | --                            | --   |
| CLOCK'PLL_inst1/PLLInst_0/CLKOS  |   N/A   |      0 |  CLKI2OS_DEL  |          | N/A                           |      |
| PLL_inst1/PLLInst_0/CLKOS        | PLL_25K | 5711.3 | clock_latency |          | CLK_FPGA_SYS1                 | 10   |
| led_wf_inst1/cnt[13]/CLK         | SLICEL  | 1096.4 |      net      | R19C98L  | CLK_FPGA_SYS1                 |      |
| --                               |   --    |     -- |      --       | --       | --                            | --   |
| led_wf_inst1/cnt[13]/AQ          | SLICEL  |   30.5 |     Tcko      |          | led_wf_inst1/cnt[13]          | 2    |
| led_wf_inst1/cnt[12]/C1          | SLICEL  |  490.2 |      net      | R19C99L  | led_wf_inst1/cnt[13]          |      |
| led_wf_inst1/cnt[12]/C           | SLICEL  |   75.1 |     Tilo      |          | led_wf_inst1/_i_2/_i_0_rkd_16 | 1    |
| led_wf_inst1/cnt[12]/D4          | SLICEL  |  209.9 |      net      | R19C99L  | led_wf_inst1/_i_2/_i_0_rkd_16 |      |
| led_wf_inst1/cnt[12]/D           | SLICEL  |   75.1 |     Tilo      |          | led_wf_inst1/_i_2/_i_0_rkd_21 | 1    |
| led_wf_inst1/_i_2/_i_0_rkd_14/B2 | SLICEL  |  996.4 |      net      | R19C97L  | led_wf_inst1/_i_2/_i_0_rkd_21 |      |
| led_wf_inst1/_i_2/_i_0_rkd_14/B  | SLICEL  |   75.1 |     Tilo      |          | _n_8915                       | 1    |
| led_wf_inst1/_i_2/_i_0_rkd_14/D1 | SLICEL  |  985.7 |      net      | R19C97L  | _n_8915                       |      |
| led_wf_inst1/_i_2/_i_0_rkd_14/D  | SLICEL  |   75.1 |     Tilo      |          | led_wf_inst1/n_6              | 20   |
| led_pin[3]_MGIOL/CE              | IOLOGIC |   1894 |      net      | IOL_T92D | led_wf_inst1/n_6              |      |
=========================================================================================================================
时钟路径延迟         = 6807.7    
数据路径延迟         = 4907.1     (Tdatp)
     clock-to-q 延迟 = 30.5 
        总的单元延迟 = 300.4 
        总的连线延迟 = 4576.2 
        逻辑级数     = 4 

[数据捕获路径]
========================================================================================================
|              节点               |  单元   |  延迟  |     类型      |   位置   |     连线      | 扇出 |
========================================================================================================
| CLOCK'clkbase                   |   N/A   |      0 |               |          | N/A           |      |
| clk_25M                         |   top   |      0 | clock_latency |          | clk_25M       | 1    |
| clk_25M/PAD#bidir_in            |   PIO   |      0 |      net      | PT79A    | clk_25M       | 1    |
| clk_25M/PADDI                   |   PIO   |   1091 |   PADI_DEL    |          | clk_25M_c     | 1    |
| PLL_inst1/PLLInst_0/CLKI        | PLL_25K | 4470.9 |      net      | LPLL1    | clk_25M_c     |      |
| --                              |   --    |     -- |      --       | --       | --            | --   |
| CLOCK'PLL_inst1/PLLInst_0/CLKOS |   N/A   |      0 |  CLKI2OS_DEL  |          | N/A           |      |
| PLL_inst1/PLLInst_0/CLKOS       | PLL_25K | 5561.9 | clock_latency |          | CLK_FPGA_SYS1 | 10   |
| led_pin[3]_MGIOL/CLK            | IOLOGIC | 1057.4 |      net      | IOL_T92D | CLK_FPGA_SYS1 |      |
========================================================================================================

时钟路径延迟         = 6619.3    
    时钟偏差         = -188.4 (Tcksw)

[延迟计算]
======================================================================
总延迟 = Tdatap     + Tsu        - Tckpm      - Tcksw
       = 4907.1     + 21         - 149.4      - -188.4     
       = 4967.1
======================================================================
Tdatp -- 数据路径延迟 
Tsu   -- 库单元建立时间 
Tckpm -- 时钟悲观补偿 


#########################################################################
# 时钟频率总结
#########################################################################
最慢时钟     : PLL_inst1/PLLInst_0/CLKOP
最小时钟周期 : 8422.2 ps
最大时钟频率 : 118.7 MHz
#########################################################################
PLL_inst1/PLLInst_0/CLKOP : 118.7 Mhz
PLL_inst1/PLLInst_0/CLKOS : 201.3 Mhz



#=============oOOOo================oOOOo=============
# 位流生成
#====================================================
Info: 载入器件信息 ....
Info: 载入设计 ....
Info: 输出位流文件 top.bit ....
Info: 完成.
####
Info: 位流生成执行时间 : 2 秒.
####
Info: 启动比特流下载器 ....
D:/fpga/AC208-SA5Z30-CM3/hq_xist_2.14.4_021824_win64/build/hqdnload/hqdnload.exe -f top.bit -family seal30k -lang chs
----
