
######################oOOOo###########oOOOo##########################
#  HqFpga(TM) Release V2.14.4 (Winter 2023) Build 021824
#  [网表报告]
#####################################################################
日期 : Tue Jul 30 10:52:28 2024

Library U_ARCH
+-----------+------+
| Cell 名称 | 数量 |
+-----------+------+
| PIO       |   96 |
| IOLOGIC   |   66 |
| PLL_25K   |    1 |
| CM3       |    1 |
| SLICEL    |  352 |
| TIEOFF    |   89 |
+-----------+------+
| Sum       |  605 |
+-----------+------+

Library work
+-----------+------+
| Cell 名称 | 数量 |
+-----------+------+
| top       |    1 |
+-----------+------+
| Sum       |    1 |
+-----------+------+

** Routing resource usage summary **
===========================================
Wire Type      Number    Total       Ratio     
-------------------------------------------
X1V            1461      44212        3.3%
X2V            809       25264        3.2%
X6V            421       25264        1.7%
X1H            1359      50528        2.7%
X2H            1684      75792        2.2%
X6H            621       50528        1.2%
LH             83        6316         1.3%
LV             246       6316         3.9%
LB             450       6316         7.1%
===========================================
