Info: 检查时序约束 ....
Info: 已完成.
#################################################################
# 时序分析报告 Tue Mar 19 23:08:31 2024
#################################################################
#  分析类型                               : 建立(setup)
#  分析/报告未加约束IO与寄存器之间路径    : No
#  分析/报告跨时钟域路径                  : No
#  分析/报告最小脉冲宽度检查              : No
#  分析中动态截断组合回路                 : No
#  报告物理层次中的的时序节点             : No
#  报告用户层次模块上的时序节点           : No
#  报告的最大路径数目                     : 5
#  每个检查点上报告的最大路径数目         : 5
#  从每个路径起始点可报告的最大路径数目   : 5 
#################################################################
********************
* 路径 1
********************
时间余量 : -1466.3 ps
起点     : _n_2171/DQ                  [激发时钟: clkCM3, 上升沿1]
终点     : uart_ch340_tx_MGIOL/TXDATA0 [捕获时钟: clkCM3, 上升沿2]
类型     : 建立(setup) 
数据产生路径
==================================================================================================================================
|               节点               |  单元   |  延迟  | 到达时间 |     类型      |   位置   |            连线             | 扇出 |
==================================================================================================================================
| CLOCK'clkCM3                     |   N/A   |      0 |   Tlat:0 |               |          | N/A                         |      |
| PLL_25to200_1/PLLInst_0/CLKOS    | PLL_25K |      0 |        0 | clock_latency |          | CLK_CM3                     | 224  |
| _n_2171/CLK                      | SLICEL  | 1096.4 |   1096.4 |      net      | R22C39L  | CLK_CM3                     |      |
| --                               |   --    |     -- |       -- |      --       | --       | --                          | --   |
| _n_2171/DQ                       | SLICEL  |   30.5 |   1126.9 |     Tcko      |          | ahb_uart1/TX_fifo_rd_ptr[1] | 37   |
| _n_2171/A6                       | SLICEL  | 1177.6 |   2304.5 |      net      | R22C39L  | ahb_uart1/TX_fifo_rd_ptr[1] |      |
| _n_2171/A                        | SLICEL  |   75.1 |   2379.6 |     Tilo      |          | _n_2171                     | 1    |
| _n_2171/B4                       | SLICEL  |  957.9 |   3337.5 |      net      | R22C39L  | _n_2171                     |      |
| _n_2171/B                        | SLICEL  |   75.1 |   3412.6 |     Tilo      |          | net_extracted_nHQX39        | 6    |
| ahb_uart1/TX_fifo_rd_ptr[3]/C3   | SLICEL  |  294.3 |   3706.9 |      net      | R22C39M  | net_extracted_nHQX39        |      |
| ahb_uart1/TX_fifo_rd_ptr[3]/CMUX | SLICEL  |   85.2 |   3792.1 |     Topcc     |          | TARGEXP0HRDATA[2]           | 13   |
| ahb_uart1/n_737/A3               | SLICEL  |  882.9 |     4675 |      net      | R20C40L  | TARGEXP0HRDATA[2]           |      |
| ahb_uart1/n_737/A                | SLICEL  |   75.1 |   4750.1 |     Tilo      |          | ahb_uart1/n_737             | 1    |
| uart_ch340_tx_MGIOL/TXDATA0      | IOLOGIC | 2489.6 |   7239.7 |      net      | IOL_T70A | ahb_uart1/n_737             |      |
==================================================================================================================================
时钟路径延迟         = 1096.4     (Tclkp)
数据路径延迟         = 6143.3     (Tdatp)
     clock-to-q 延迟 = 30.5 
        总的单元延迟 = 310.5 
        总的连线延迟 = 5802.3 
        逻辑级数     = 4 
[数据捕获路径]
==============================================================================================================
|             节点              |  单元   |  延迟  |  到达时间   |     类型      |   位置   |  连线   | 扇出 |
==============================================================================================================
| CLOCK'clkCM3                  |   N/A   |      0 |        5000 |               |          | N/A     |      |
| PLL_25to200_1/PLLInst_0/CLKOS | PLL_25K |      0 |        5000 | clock_latency |          | CLK_CM3 | 224  |
| uart_ch340_tx_MGIOL/CLK       | IOLOGIC | 1057.4 | Tcat:6057.4 |      net      | IOL_T70A | CLK_CM3 |      |
==============================================================================================================
[时间余量计算]
================================================================================
时间余量 = Tcat       + Tckpm      - Tlat       - Tclkp      - Tdatp      - Tsu(DO_SET)
         = 6057.4     + 0          - 0          - 1096.4     - 6143.3     - 284        
         = -1466.3 (未满足要求!)
================================================================================
Tcat  -- 数据捕获时钟到达时间 
Tckpm -- 时钟悲观补偿 
Tlat  -- 数据产生时钟初始到达时间 
Tclkp -- 时钟路径延迟 
Tdatp -- 数据路径延迟 
Tsu   -- 库单元建立时间 
********************
* 路径 2
********************
时间余量 : -1455.9 ps
起点     : _n_2171/DQ                  [激发时钟: clkCM3, 上升沿1]
终点     : uart_ch340_tx_MGIOL/TXDATA0 [捕获时钟: clkCM3, 上升沿2]
类型     : 建立(setup) 
数据产生路径
==================================================================================================================================
|               节点               |  单元   |  延迟  | 到达时间 |     类型      |   位置   |            连线             | 扇出 |
==================================================================================================================================
| CLOCK'clkCM3                     |   N/A   |      0 |   Tlat:0 |               |          | N/A                         |      |
| PLL_25to200_1/PLLInst_0/CLKOS    | PLL_25K |      0 |        0 | clock_latency |          | CLK_CM3                     | 224  |
| _n_2171/CLK                      | SLICEL  | 1096.4 |   1096.4 |      net      | R22C39L  | CLK_CM3                     |      |
| --                               |   --    |     -- |       -- |      --       | --       | --                          | --   |
| _n_2171/DQ                       | SLICEL  |   30.5 |   1126.9 |     Tcko      |          | ahb_uart1/TX_fifo_rd_ptr[1] | 37   |
| _n_2171/A6                       | SLICEL  | 1177.6 |   2304.5 |      net      | R22C39L  | ahb_uart1/TX_fifo_rd_ptr[1] |      |
| _n_2171/A                        | SLICEL  |   75.1 |   2379.6 |     Tilo      |          | _n_2171                     | 1    |
| _n_2171/B4                       | SLICEL  |  957.9 |   3337.5 |      net      | R22C39L  | _n_2171                     |      |
| _n_2171/B                        | SLICEL  |   75.1 |   3412.6 |     Tilo      |          | net_extracted_nHQX39        | 6    |
| ahb_uart1/TX_fifo_rd_ptr[3]/C3   | SLICEL  |  283.8 |   3696.4 |      net      | R22C39M  | net_extracted_nHQX39        |      |
| ahb_uart1/TX_fifo_rd_ptr[3]/CMUX | SLICEL  |   85.2 |   3792.1 |     Topcc     |          | TARGEXP0HRDATA[2]           | 13   |
| ahb_uart1/n_737/A3               | SLICEL  |  882.9 |     4675 |      net      | R20C40L  | TARGEXP0HRDATA[2]           |      |
| ahb_uart1/n_737/A                | SLICEL  |   75.1 |   4750.1 |     Tilo      |          | ahb_uart1/n_737             | 1    |
| uart_ch340_tx_MGIOL/TXDATA0      | IOLOGIC | 2489.6 |   7239.7 |      net      | IOL_T70A | ahb_uart1/n_737             |      |
==================================================================================================================================
时钟路径延迟         = 1096.4     (Tclkp)
数据路径延迟         = 6132.8     (Tdatp)
     clock-to-q 延迟 = 30.5 
        总的单元延迟 = 310.5 
        总的连线延迟 = 5791.8 
        逻辑级数     = 4 
[数据捕获路径]
==============================================================================================================
|             节点              |  单元   |  延迟  |  到达时间   |     类型      |   位置   |  连线   | 扇出 |
==============================================================================================================
| CLOCK'clkCM3                  |   N/A   |      0 |        5000 |               |          | N/A     |      |
| PLL_25to200_1/PLLInst_0/CLKOS | PLL_25K |      0 |        5000 | clock_latency |          | CLK_CM3 | 224  |
| uart_ch340_tx_MGIOL/CLK       | IOLOGIC | 1057.4 | Tcat:6057.4 |      net      | IOL_T70A | CLK_CM3 |      |
==============================================================================================================
[时间余量计算]
================================================================================
时间余量 = Tcat       + Tckpm      - Tlat       - Tclkp      - Tdatp      - Tsu(DO_SET)
         = 6057.4     + 0          - 0          - 1096.4     - 6132.8     - 284        
         = -1455.9 (未满足要求!)
================================================================================
Tcat  -- 数据捕获时钟到达时间 
Tckpm -- 时钟悲观补偿 
Tlat  -- 数据产生时钟初始到达时间 
Tclkp -- 时钟路径延迟 
Tdatp -- 数据路径延迟 
Tsu   -- 库单元建立时间 
********************
* 路径 3
********************
时间余量 : -1273.4 ps
起点     : _n_2171/DQ             [激发时钟: clkCM3, 上升沿1]
终点     : uart_ch340_tx_MGIOL/CE [捕获时钟: clkCM3, 上升沿2]
类型     : 建立(setup) 
数据产生路径
==================================================================================================================================
|               节点               |  单元   |  延迟  | 到达时间 |     类型      |   位置   |            连线             | 扇出 |
==================================================================================================================================
| CLOCK'clkCM3                     |   N/A   |      0 |   Tlat:0 |               |          | N/A                         |      |
| PLL_25to200_1/PLLInst_0/CLKOS    | PLL_25K |      0 |        0 | clock_latency |          | CLK_CM3                     | 224  |
| _n_2171/CLK                      | SLICEL  | 1096.4 |   1096.4 |      net      | R22C39L  | CLK_CM3                     |      |
| --                               |   --    |     -- |       -- |      --       | --       | --                          | --   |
| _n_2171/DQ                       | SLICEL  |   30.5 |   1126.9 |     Tcko      |          | ahb_uart1/TX_fifo_rd_ptr[1] | 37   |
| _n_2171/A6                       | SLICEL  | 1177.6 |   2304.5 |      net      | R22C39L  | ahb_uart1/TX_fifo_rd_ptr[1] |      |
| _n_2171/A                        | SLICEL  |   75.1 |   2379.6 |     Tilo      |          | _n_2171                     | 1    |
| _n_2171/B4                       | SLICEL  |  957.9 |   3337.5 |      net      | R22C39L  | _n_2171                     |      |
| _n_2171/B                        | SLICEL  |   75.1 |   3412.6 |     Tilo      |          | net_extracted_nHQX39        | 6    |
| ahb_uart1/TX_fifo_rd_ptr[3]/C3   | SLICEL  |  294.3 |   3706.9 |      net      | R22C39M  | net_extracted_nHQX39        |      |
| ahb_uart1/TX_fifo_rd_ptr[3]/CMUX | SLICEL  |   85.2 |   3792.1 |     Topcc     |          | TARGEXP0HRDATA[2]           | 13   |
| ahb_uart1/n_736/A2               | SLICEL  |  907.9 |     4700 |      net      | R20C40M  | TARGEXP0HRDATA[2]           |      |
| ahb_uart1/n_736/A                | SLICEL  |   75.1 |   4775.1 |     Tilo      |          | ahb_uart1/n_736             | 3    |
| uart_ch340_tx_MGIOL/CE           | IOLOGIC | 2534.7 |   7309.8 |      net      | IOL_T70A | ahb_uart1/n_736             |      |
==================================================================================================================================
时钟路径延迟         = 1096.4     (Tclkp)
数据路径延迟         = 6213.4     (Tdatp)
     clock-to-q 延迟 = 30.5 
        总的单元延迟 = 310.5 
        总的连线延迟 = 5872.4 
        逻辑级数     = 4 
[数据捕获路径]
==============================================================================================================
|             节点              |  单元   |  延迟  |  到达时间   |     类型      |   位置   |  连线   | 扇出 |
==============================================================================================================
| CLOCK'clkCM3                  |   N/A   |      0 |        5000 |               |          | N/A     |      |
| PLL_25to200_1/PLLInst_0/CLKOS | PLL_25K |      0 |        5000 | clock_latency |          | CLK_CM3 | 224  |
| uart_ch340_tx_MGIOL/CLK       | IOLOGIC | 1057.4 | Tcat:6057.4 |      net      | IOL_T70A | CLK_CM3 |      |
==============================================================================================================
[时间余量计算]
================================================================================
时间余量 = Tcat       + Tckpm      - Tlat       - Tclkp      - Tdatp      - Tsu(CE_SET)
         = 6057.4     + 0          - 0          - 1096.4     - 6213.4     - 21         
         = -1273.4 (未满足要求!)
================================================================================
Tcat  -- 数据捕获时钟到达时间 
Tckpm -- 时钟悲观补偿 
Tlat  -- 数据产生时钟初始到达时间 
Tclkp -- 时钟路径延迟 
Tdatp -- 数据路径延迟 
Tsu   -- 库单元建立时间 
********************
* 路径 4
********************
时间余量 : -1262.9 ps
起点     : _n_2171/DQ             [激发时钟: clkCM3, 上升沿1]
终点     : uart_ch340_tx_MGIOL/CE [捕获时钟: clkCM3, 上升沿2]
类型     : 建立(setup) 
数据产生路径
==================================================================================================================================
|               节点               |  单元   |  延迟  | 到达时间 |     类型      |   位置   |            连线             | 扇出 |
==================================================================================================================================
| CLOCK'clkCM3                     |   N/A   |      0 |   Tlat:0 |               |          | N/A                         |      |
| PLL_25to200_1/PLLInst_0/CLKOS    | PLL_25K |      0 |        0 | clock_latency |          | CLK_CM3                     | 224  |
| _n_2171/CLK                      | SLICEL  | 1096.4 |   1096.4 |      net      | R22C39L  | CLK_CM3                     |      |
| --                               |   --    |     -- |       -- |      --       | --       | --                          | --   |
| _n_2171/DQ                       | SLICEL  |   30.5 |   1126.9 |     Tcko      |          | ahb_uart1/TX_fifo_rd_ptr[1] | 37   |
| _n_2171/A6                       | SLICEL  | 1177.6 |   2304.5 |      net      | R22C39L  | ahb_uart1/TX_fifo_rd_ptr[1] |      |
| _n_2171/A                        | SLICEL  |   75.1 |   2379.6 |     Tilo      |          | _n_2171                     | 1    |
| _n_2171/B4                       | SLICEL  |  957.9 |   3337.5 |      net      | R22C39L  | _n_2171                     |      |
| _n_2171/B                        | SLICEL  |   75.1 |   3412.6 |     Tilo      |          | net_extracted_nHQX39        | 6    |
| ahb_uart1/TX_fifo_rd_ptr[3]/C3   | SLICEL  |  283.8 |   3696.4 |      net      | R22C39M  | net_extracted_nHQX39        |      |
| ahb_uart1/TX_fifo_rd_ptr[3]/CMUX | SLICEL  |   85.2 |   3792.1 |     Topcc     |          | TARGEXP0HRDATA[2]           | 13   |
| ahb_uart1/n_736/A2               | SLICEL  |  907.9 |     4700 |      net      | R20C40M  | TARGEXP0HRDATA[2]           |      |
| ahb_uart1/n_736/A                | SLICEL  |   75.1 |   4775.1 |     Tilo      |          | ahb_uart1/n_736             | 3    |
| uart_ch340_tx_MGIOL/CE           | IOLOGIC | 2534.7 |   7309.8 |      net      | IOL_T70A | ahb_uart1/n_736             |      |
==================================================================================================================================
时钟路径延迟         = 1096.4     (Tclkp)
数据路径延迟         = 6202.9     (Tdatp)
     clock-to-q 延迟 = 30.5 
        总的单元延迟 = 310.5 
        总的连线延迟 = 5861.9 
        逻辑级数     = 4 
[数据捕获路径]
==============================================================================================================
|             节点              |  单元   |  延迟  |  到达时间   |     类型      |   位置   |  连线   | 扇出 |
==============================================================================================================
| CLOCK'clkCM3                  |   N/A   |      0 |        5000 |               |          | N/A     |      |
| PLL_25to200_1/PLLInst_0/CLKOS | PLL_25K |      0 |        5000 | clock_latency |          | CLK_CM3 | 224  |
| uart_ch340_tx_MGIOL/CLK       | IOLOGIC | 1057.4 | Tcat:6057.4 |      net      | IOL_T70A | CLK_CM3 |      |
==============================================================================================================
[时间余量计算]
================================================================================
时间余量 = Tcat       + Tckpm      - Tlat       - Tclkp      - Tdatp      - Tsu(CE_SET)
         = 6057.4     + 0          - 0          - 1096.4     - 6202.9     - 21         
         = -1262.9 (未满足要求!)
================================================================================
Tcat  -- 数据捕获时钟到达时间 
Tckpm -- 时钟悲观补偿 
Tlat  -- 数据产生时钟初始到达时间 
Tclkp -- 时钟路径延迟 
Tdatp -- 数据路径延迟 
Tsu   -- 库单元建立时间 
********************
* 路径 5
********************
时间余量 : -1248 ps
起点     : _n_2171/DQ                  [激发时钟: clkCM3, 上升沿1]
终点     : uart_ch340_tx_MGIOL/TXDATA0 [捕获时钟: clkCM3, 上升沿2]
类型     : 建立(setup) 
数据产生路径
==================================================================================================================================
|               节点               |  单元   |  延迟  | 到达时间 |     类型      |   位置   |            连线             | 扇出 |
==================================================================================================================================
| CLOCK'clkCM3                     |   N/A   |      0 |   Tlat:0 |               |          | N/A                         |      |
| PLL_25to200_1/PLLInst_0/CLKOS    | PLL_25K |      0 |        0 | clock_latency |          | CLK_CM3                     | 224  |
| _n_2171/CLK                      | SLICEL  | 1096.4 |   1096.4 |      net      | R22C39L  | CLK_CM3                     |      |
| --                               |   --    |     -- |       -- |      --       | --       | --                          | --   |
| _n_2171/DQ                       | SLICEL  |   30.5 |   1126.9 |     Tcko      |          | ahb_uart1/TX_fifo_rd_ptr[1] | 37   |
| _n_2171/A6                       | SLICEL  | 1177.6 |   2304.5 |      net      | R22C39L  | ahb_uart1/TX_fifo_rd_ptr[1] |      |
| _n_2171/A                        | SLICEL  |   75.1 |   2379.6 |     Tilo      |          | _n_2171                     | 1    |
| _n_2171/B4                       | SLICEL  |  957.9 |   3337.5 |      net      | R22C39L  | _n_2171                     |      |
| _n_2171/B                        | SLICEL  |   75.1 |   3412.6 |     Tilo      |          | net_extracted_nHQX39        | 6    |
| ahb_uart1/TX_fifo_rd_ptr[3]/C3   | SLICEL  |  294.3 |   3706.9 |      net      | R22C39M  | net_extracted_nHQX39        |      |
| ahb_uart1/TX_fifo_rd_ptr[3]/CMUX | SLICEL  |   85.2 |   3792.1 |     Topcc     |          | TARGEXP0HRDATA[2]           | 13   |
| ahb_uart1/n_737/A3               | SLICEL  |  664.6 |   4456.6 |      net      | R20C40L  | TARGEXP0HRDATA[2]           |      |
| ahb_uart1/n_737/A                | SLICEL  |   75.1 |   4750.1 |     Tilo      |          | ahb_uart1/n_737             | 1    |
| uart_ch340_tx_MGIOL/TXDATA0      | IOLOGIC | 2489.6 |   7239.7 |      net      | IOL_T70A | ahb_uart1/n_737             |      |
==================================================================================================================================
时钟路径延迟         = 1096.4     (Tclkp)
数据路径延迟         = 5925       (Tdatp)
     clock-to-q 延迟 = 30.5 
        总的单元延迟 = 310.5 
        总的连线延迟 = 5584 
        逻辑级数     = 4 
[数据捕获路径]
==============================================================================================================
|             节点              |  单元   |  延迟  |  到达时间   |     类型      |   位置   |  连线   | 扇出 |
==============================================================================================================
| CLOCK'clkCM3                  |   N/A   |      0 |        5000 |               |          | N/A     |      |
| PLL_25to200_1/PLLInst_0/CLKOS | PLL_25K |      0 |        5000 | clock_latency |          | CLK_CM3 | 224  |
| uart_ch340_tx_MGIOL/CLK       | IOLOGIC | 1057.4 | Tcat:6057.4 |      net      | IOL_T70A | CLK_CM3 |      |
==============================================================================================================
[时间余量计算]
================================================================================
时间余量 = Tcat       + Tckpm      - Tlat       - Tclkp      - Tdatp      - Tsu(DO_SET)
         = 6057.4     + 0          - 0          - 1096.4     - 5925       - 284        
         = -1248 (未满足要求!)
================================================================================
Tcat  -- 数据捕获时钟到达时间 
Tckpm -- 时钟悲观补偿 
Tlat  -- 数据产生时钟初始到达时间 
Tclkp -- 时钟路径延迟 
Tdatp -- 数据路径延迟 
Tsu   -- 库单元建立时间 
