
==========oOOOo===========================================oOOOo==========
=  HqFpga(TM) 版本2.14.4 (Winter 2023) Build 021824
=  SEALION系列FPGA开发软件
=  西安智多晶微电子有限公司 (isilicontech.com)             _@)
 _________________________________________________________/ (
<_________________________________________________________  {}@8@@8@(*)
                                                          \_(
=  版权所有 (c) 2020-2025 XiST 智多晶                      @)
=  保留一切权利.
=========================================================================
Info: 加载器件信息(SA5Z-30-D1-8U213C)....
Info:   加载功能信息....
Info:   加载时序信息....
Info:   加载物理信息....
Info: 器件加载成功.

#=============oOOOo================oOOOo=============
# 设计分析
#====================================================
Info: 分析verilog文件D:\fpga\ac208\workspace\fpga\led\cm3_sys.v.
Info: 分析verilog文件D:\fpga\ac208\workspace\fpga\led\top.v.
Info: 分析verilog文件D:\fpga\ac208\workspace\fpga\led\ipcore_dir\PLL_25to200\xsIP_PLL_25to200.v.
Info: 分析verilog文件D:\fpga\ac208\workspace\fpga\led\led_wf.v.
Info: 分析verilog文件D:\fpga\ac208\workspace\fpga\led\ahb_sram.v.
Info: 分析verilog文件D:\fpga\ac208\workspace\fpga\led\ahb_seg7x8.v.
####
Info: 设计分析执行时间 : 0 秒.
####

#=============oOOOo================oOOOo=============
# 寄存器传输级综合(RTL Synthesis)
#====================================================
Info: D:\fpga\ac208\workspace\fpga\led\ahb_seg7x8.v(295), 识别一个ROM mem, 深度=32, 宽度=8.
Info: D:\fpga\ac208\workspace\fpga\led\ahb_sram.v(373), 优化FSM.
Info:      状态寄存器 : reg_bstate_reg.
Info:        状态编码 : AUTO.
Info:    优化前状态数 : 6.
Info:    优化后状态数 : 6.
Info: D:\fpga\ac208\workspace\fpga\led\ahb_sram.v(719), 优化FSM.
Info:      状态寄存器 : reg_mstate_reg.
Info:        状态编码 : AUTO.
Info:    优化前状态数 : 5.
Info:    优化后状态数 : 5.
Info: 开始MUX优化.
Info: 完成MUX优化.
Info: 设计顶层模块设置为 "top".
Info: 开始逻辑优化.
Info:     Total number of literals before LO: 3388.
Info:   正在优化 view : top.
Info:     逻辑优化前literals数 : 2065.
Info:     LO 循环 1 : literal数 从 2065 到 1561.
Info:     逻辑优化后literals数 : 1561.
Info: 将 FF cm3inst/ahb_sram1/reg_bstate_reg_1 变换为 ONE ，原因：it having OR feedback.
Info: 将 FF cm3inst/seg_inst/refresh_segnum_reg_reg[3] 变换为 ZERO ，原因：it having AND feedback.
Info: 将 FF cm3inst/ahb_sram1/reg_bstate_reg_0 变换为 ZERO ，原因：it having AND feedback.
Info: 将 FF cm3inst/ahb_sram1/reg_lb_mux_reg[0] 变换为 ZERO ，原因：it having AND feedback.
Info: Degraded fragmented CE control logic for 5 DFFs.
Info: Degraded fragmented control logic for 5 DFFs, totally
Info: 完成逻辑优化.
####
Info: RTL综合执行时间 : 1 秒.
####

#=============oOOOo================oOOOo=============
# 时序驱动优化与映射
#====================================================
Info: 开始时序驱动优化.
Info:   未发现时序约束，跳过本优化.
Info: 完成时序驱动优化.
Info: 插入了 68 个输入/输出单元.
Info: 开始工艺映射.
Info:   网表预处理....
Info:   计算锥(Cone)....
Info:   计算覆盖(Cover)....
Info:   生成LUT网表..
Info:   网表后处理....
Info: Decomposed 1 wide-input OR gate(s)
Info: 完成工艺映射.
Info: 开始网表校正.
Info: 完成网表校正.
####
Info: 时序驱动优化及映射执行时间 : 0 秒.
####
Info: 自动添加约束: create_generated_clock {PLL_25to200_1/PLLInst_0/CLKOS} -source {PLL_25to200_1/PLLInst_0/CLKI} -multiply_by 32 -divide_by 8.
Info: 输出网表报告到文件D:\fpga\ac208\workspace\fpga\led\hq_run\top_import.rpt中.

#########################################################################
#
# 最大时钟频率(FMAX)报告
#
#########################################################################
#
# 注意: FMAX 的计算仅针对在同一时钟域内的寄存器到寄存器路径，
# 多周期路径、跨时钟域路径(包括主时钟及其生成时钟之间的路径)都将
# 被忽略。对于一个时钟及其反向时钟之间的路径， FMAX的计算通过按
# 频宽比(duty cycle)等比例扩展路径延迟得到。例如，假设有一
# 条路径的起点由时钟上升沿驱动而终点由同一时钟的下降沿驱动，
# 如果该时钟的频宽比为50，则计算FMAX时，路径延迟将乘以2(即
# 除以50%)。
#


# ***********************************************************************
# 时钟         : clk_25M
# 最小时钟周期 : 4457 ps
# ***********************************************************************

********************
* 路径 1
********************
起点     : led_wf1/cnt_reg[1]/Q  [激发时钟: clk_25M, 上升沿1]
终点     : led_wf1/cnt_reg[23]/D [捕获时钟: clk_25M, 上升沿2] 

数据产生路径
============================================================================================================
|              节点               |     单元     | 延迟 |     类型      | 位置 |        连线        | 扇出 |
============================================================================================================
| CLOCK'clk_25M                   |     N/A      |    0 |               |      | N/A                |      |
| clk_25M                         |     top      |    0 | clock_latency |      | clk_25M            | 1    |
| clk_25M_pad/I                   |    xsIOBI    |    0 |      net      |      | clk_25M            |      |
| clk_25M_pad/O                   |    xsIOBI    |  990 |     cell      |      | clk_25M_c          | 29   |
| led_wf1/cnt_reg[1]/C            | xsDFFSA_K1C1 |    0 |      net      |      | clk_25M_c          |      |
| --                              |      --      |   -- |      --       | --   | --                 | --   |
| led_wf1/cnt_reg[1]/Q            | xsDFFSA_K1C1 |  347 |  rising_edge  |      | led_wf1/cnt[1]     | 4    |
| led_wf1/_i_6/bitAdd_1/muxcy/S   |   xsMUXCY    |    0 |      net      |      | led_wf1/cnt[1]     |      |
| led_wf1/_i_6/bitAdd_1/muxcy/O   |   xsMUXCY    |  261 |     cell      |      | led_wf1/_i_6/_n_1  | 2    |
| led_wf1/_i_6/bitAdd_2/muxcy/CI  |   xsMUXCY    |    0 |      net      |      | led_wf1/_i_6/_n_1  |      |
| led_wf1/_i_6/bitAdd_2/muxcy/O   |   xsMUXCY    |  168 |     cell      |      | led_wf1/_i_6/_n_3  | 2    |
| led_wf1/_i_6/bitAdd_3/muxcy/CI  |   xsMUXCY    |    0 |      net      |      | led_wf1/_i_6/_n_3  |      |
| led_wf1/_i_6/bitAdd_3/muxcy/O   |   xsMUXCY    |  168 |     cell      |      | led_wf1/_i_6/_n_5  | 2    |
| led_wf1/_i_6/bitAdd_4/muxcy/CI  |   xsMUXCY    |    0 |      net      |      | led_wf1/_i_6/_n_5  |      |
| led_wf1/_i_6/bitAdd_4/muxcy/O   |   xsMUXCY    |  168 |     cell      |      | led_wf1/_i_6/_n_7  | 2    |
| led_wf1/_i_6/bitAdd_5/muxcy/CI  |   xsMUXCY    |    0 |      net      |      | led_wf1/_i_6/_n_7  |      |
| led_wf1/_i_6/bitAdd_5/muxcy/O   |   xsMUXCY    |  168 |     cell      |      | led_wf1/_i_6/_n_9  | 2    |
| led_wf1/_i_6/bitAdd_6/muxcy/CI  |   xsMUXCY    |    0 |      net      |      | led_wf1/_i_6/_n_9  |      |
| led_wf1/_i_6/bitAdd_6/muxcy/O   |   xsMUXCY    |  168 |     cell      |      | led_wf1/_i_6/_n_11 | 2    |
| led_wf1/_i_6/bitAdd_7/muxcy/CI  |   xsMUXCY    |    0 |      net      |      | led_wf1/_i_6/_n_11 |      |
| led_wf1/_i_6/bitAdd_7/muxcy/O   |   xsMUXCY    |  168 |     cell      |      | led_wf1/_i_6/_n_13 | 2    |
| led_wf1/_i_6/bitAdd_8/muxcy/CI  |   xsMUXCY    |    0 |      net      |      | led_wf1/_i_6/_n_13 |      |
| led_wf1/_i_6/bitAdd_8/muxcy/O   |   xsMUXCY    |  168 |     cell      |      | led_wf1/_i_6/_n_15 | 2    |
| led_wf1/_i_6/bitAdd_9/muxcy/CI  |   xsMUXCY    |    0 |      net      |      | led_wf1/_i_6/_n_15 |      |
| led_wf1/_i_6/bitAdd_9/muxcy/O   |   xsMUXCY    |  168 |     cell      |      | led_wf1/_i_6/_n_17 | 2    |
| led_wf1/_i_6/bitAdd_10/muxcy/CI |   xsMUXCY    |    0 |      net      |      | led_wf1/_i_6/_n_17 |      |
| led_wf1/_i_6/bitAdd_10/muxcy/O  |   xsMUXCY    |  168 |     cell      |      | led_wf1/_i_6/_n_19 | 2    |
| led_wf1/_i_6/bitAdd_11/muxcy/CI |   xsMUXCY    |    0 |      net      |      | led_wf1/_i_6/_n_19 |      |
| led_wf1/_i_6/bitAdd_11/muxcy/O  |   xsMUXCY    |  168 |     cell      |      | led_wf1/_i_6/_n_21 | 2    |
| led_wf1/_i_6/bitAdd_12/muxcy/CI |   xsMUXCY    |    0 |      net      |      | led_wf1/_i_6/_n_21 |      |
| led_wf1/_i_6/bitAdd_12/muxcy/O  |   xsMUXCY    |  168 |     cell      |      | led_wf1/_i_6/_n_23 | 2    |
| led_wf1/_i_6/bitAdd_13/muxcy/CI |   xsMUXCY    |    0 |      net      |      | led_wf1/_i_6/_n_23 |      |
| led_wf1/_i_6/bitAdd_13/muxcy/O  |   xsMUXCY    |  168 |     cell      |      | led_wf1/_i_6/_n_25 | 2    |
| led_wf1/_i_6/bitAdd_14/muxcy/CI |   xsMUXCY    |    0 |      net      |      | led_wf1/_i_6/_n_25 |      |
| led_wf1/_i_6/bitAdd_14/muxcy/O  |   xsMUXCY    |  168 |     cell      |      | led_wf1/_i_6/_n_27 | 2    |
| led_wf1/_i_6/bitAdd_15/muxcy/CI |   xsMUXCY    |    0 |      net      |      | led_wf1/_i_6/_n_27 |      |
| led_wf1/_i_6/bitAdd_15/muxcy/O  |   xsMUXCY    |  168 |     cell      |      | led_wf1/_i_6/_n_29 | 2    |
| led_wf1/_i_6/bitAdd_16/muxcy/CI |   xsMUXCY    |    0 |      net      |      | led_wf1/_i_6/_n_29 |      |
| led_wf1/_i_6/bitAdd_16/muxcy/O  |   xsMUXCY    |  168 |     cell      |      | led_wf1/_i_6/_n_31 | 2    |
| led_wf1/_i_6/bitAdd_17/muxcy/CI |   xsMUXCY    |    0 |      net      |      | led_wf1/_i_6/_n_31 |      |
| led_wf1/_i_6/bitAdd_17/muxcy/O  |   xsMUXCY    |  168 |     cell      |      | led_wf1/_i_6/_n_33 | 2    |
| led_wf1/_i_6/bitAdd_18/muxcy/CI |   xsMUXCY    |    0 |      net      |      | led_wf1/_i_6/_n_33 |      |
| led_wf1/_i_6/bitAdd_18/muxcy/O  |   xsMUXCY    |  168 |     cell      |      | led_wf1/_i_6/_n_35 | 2    |
| led_wf1/_i_6/bitAdd_19/muxcy/CI |   xsMUXCY    |    0 |      net      |      | led_wf1/_i_6/_n_35 |      |
| led_wf1/_i_6/bitAdd_19/muxcy/O  |   xsMUXCY    |  168 |     cell      |      | led_wf1/_i_6/_n_37 | 2    |
| led_wf1/_i_6/bitAdd_20/muxcy/CI |   xsMUXCY    |    0 |      net      |      | led_wf1/_i_6/_n_37 |      |
| led_wf1/_i_6/bitAdd_20/muxcy/O  |   xsMUXCY    |  168 |     cell      |      | led_wf1/_i_6/_n_39 | 2    |
| led_wf1/_i_6/bitAdd_21/muxcy/CI |   xsMUXCY    |    0 |      net      |      | led_wf1/_i_6/_n_39 |      |
| led_wf1/_i_6/bitAdd_21/muxcy/O  |   xsMUXCY    |  168 |     cell      |      | led_wf1/_i_6/_n_41 | 2    |
| led_wf1/_i_6/bitAdd_22/muxcy/CI |   xsMUXCY    |    0 |      net      |      | led_wf1/_i_6/_n_41 |      |
| led_wf1/_i_6/bitAdd_22/muxcy/O  |   xsMUXCY    |  168 |     cell      |      | led_wf1/_i_6/_n_43 | 1    |
| led_wf1/_i_6/bitAdd_23/xorcy/CI |   xsXORCY    |    0 |      net      |      | led_wf1/_i_6/_n_43 |      |
| led_wf1/_i_6/bitAdd_23/xorcy/O  |   xsXORCY    |  263 |     cell      |      | led_wf1/n_35[23]   | 1    |
| led_wf1/_i_31/I1                |   xsLUTSA2   |    0 |      net      |      | led_wf1/n_35[23]   |      |
| led_wf1/_i_31/O                 |   xsLUTSA2   |   81 |     cell      |      | led_wf1/n_34       | 1    |
| led_wf1/cnt_reg[23]/D           | xsDFFSA_K1C1 |    0 |      net      |      | led_wf1/n_34       |      |
============================================================================================================
时钟路径延迟         = 990       
数据路径延迟         = 4480       (Tdatp)
     clock-to-q 延迟 = 347 
        总的单元延迟 = 4133 
        总的连线延迟 = 0 
        逻辑级数     = 24 

[数据捕获路径]
=========================================================================================
|         节点          |     单元     | 延迟 |     类型      | 位置 |   连线    | 扇出 |
=========================================================================================
| CLOCK'clk_25M         |     N/A      |    0 |               |      | N/A       |      |
| clk_25M               |     top      |    0 | clock_latency |      | clk_25M   | 1    |
| clk_25M_pad/I         |    xsIOBI    |    0 |      net      |      | clk_25M   |      |
| clk_25M_pad/O         |    xsIOBI    |  990 |     cell      |      | clk_25M_c | 29   |
| led_wf1/cnt_reg[23]/C | xsDFFSA_K1C1 |    0 |      net      |      | clk_25M_c |      |
=========================================================================================

时钟路径延迟         = 990       
    时钟偏差         = 0 (Tcksw)

[延迟计算]
======================================================================
总延迟 = Tdatap     + Tsu        - Tckpm      - Tcksw
       = 4480       + -23        - 0          - 0          
       = 4457
======================================================================
Tdatp -- 数据路径延迟 
Tsu   -- 库单元建立时间 
Tckpm -- 时钟悲观补偿 


# ***********************************************************************
# 时钟         : cm3inst/seg_inst/clk_DRV_reg/Q
# 最小时钟周期 : 1769 ps
# ***********************************************************************

********************
* 路径 1
********************
起点     : cm3inst/seg_inst/HC595_CLK_CNT_reg[1]/Q [激发时钟: cm3inst/seg_inst/clk_DRV_reg/Q, 上升沿1]
终点     : cm3inst/seg_inst/HC595_CLK_CNT_reg[7]/D [捕获时钟: cm3inst/seg_inst/clk_DRV_reg/Q, 上升沿2] 

数据产生路径
====================================================================================================================================
|                   节点                   |     单元     | 延迟 |     类型      | 位置 |               连线                | 扇出 |
====================================================================================================================================
| CLOCK'cm3inst/seg_inst/clk_DRV_reg/Q     |     N/A      |    0 |               |      | N/A                               |      |
| cm3inst/seg_inst/clk_DRV_reg/Q           | xsDFFSA_K1C1 |    0 | clock_latency |      | cm3inst/seg_inst/clk_DRV          | 31   |
| cm3inst/seg_inst/HC595_CLK_CNT_reg[1]/C  | xsDFFSA_K1C1 |    0 |      net      |      | cm3inst/seg_inst/clk_DRV          |      |
| --                                       |      --      |   -- |      --       | --   | --                                | --   |
| cm3inst/seg_inst/HC595_CLK_CNT_reg[1]/Q  | xsDFFSA_K1C1 |  347 |  rising_edge  |      | cm3inst/seg_inst/HC595_CLK_CNT[1] | 3    |
| cm3inst/seg_inst/_i_56/bitAdd_1/muxcy/S  |   xsMUXCY    |    0 |      net      |      | cm3inst/seg_inst/HC595_CLK_CNT[1] |      |
| cm3inst/seg_inst/_i_56/bitAdd_1/muxcy/O  |   xsMUXCY    |  261 |     cell      |      | cm3inst/seg_inst/_i_56/_n_1       | 2    |
| cm3inst/seg_inst/_i_56/bitAdd_2/muxcy/CI |   xsMUXCY    |    0 |      net      |      | cm3inst/seg_inst/_i_56/_n_1       |      |
| cm3inst/seg_inst/_i_56/bitAdd_2/muxcy/O  |   xsMUXCY    |  168 |     cell      |      | cm3inst/seg_inst/_i_56/_n_3       | 2    |
| cm3inst/seg_inst/_i_56/bitAdd_3/muxcy/CI |   xsMUXCY    |    0 |      net      |      | cm3inst/seg_inst/_i_56/_n_3       |      |
| cm3inst/seg_inst/_i_56/bitAdd_3/muxcy/O  |   xsMUXCY    |  168 |     cell      |      | cm3inst/seg_inst/_i_56/_n_5       | 2    |
| cm3inst/seg_inst/_i_56/bitAdd_4/muxcy/CI |   xsMUXCY    |    0 |      net      |      | cm3inst/seg_inst/_i_56/_n_5       |      |
| cm3inst/seg_inst/_i_56/bitAdd_4/muxcy/O  |   xsMUXCY    |  168 |     cell      |      | cm3inst/seg_inst/_i_56/_n_7       | 2    |
| cm3inst/seg_inst/_i_56/bitAdd_5/muxcy/CI |   xsMUXCY    |    0 |      net      |      | cm3inst/seg_inst/_i_56/_n_7       |      |
| cm3inst/seg_inst/_i_56/bitAdd_5/muxcy/O  |   xsMUXCY    |  168 |     cell      |      | cm3inst/seg_inst/_i_56/_n_9       | 2    |
| cm3inst/seg_inst/_i_56/bitAdd_6/muxcy/CI |   xsMUXCY    |    0 |      net      |      | cm3inst/seg_inst/_i_56/_n_9       |      |
| cm3inst/seg_inst/_i_56/bitAdd_6/muxcy/O  |   xsMUXCY    |  168 |     cell      |      | cm3inst/seg_inst/_i_56/_n_11      | 1    |
| cm3inst/seg_inst/_i_56/bitAdd_7/xorcy/CI |   xsXORCY    |    0 |      net      |      | cm3inst/seg_inst/_i_56/_n_11      |      |
| cm3inst/seg_inst/_i_56/bitAdd_7/xorcy/O  |   xsXORCY    |  263 |     cell      |      | cm3inst/seg_inst/n_468[7]         | 1    |
| cm3inst/seg_inst/_i_214/I2               |   xsLUTSA3   |    0 |      net      |      | cm3inst/seg_inst/n_468[7]         |      |
| cm3inst/seg_inst/_i_214/O                |   xsLUTSA3   |   81 |     cell      |      | cm3inst/seg_inst/n_421            | 1    |
| cm3inst/seg_inst/HC595_CLK_CNT_reg[7]/D  | xsDFFSA_K1C1 |    0 |      net      |      | cm3inst/seg_inst/n_421            |      |
====================================================================================================================================
时钟路径延迟         = 0         
数据路径延迟         = 1792       (Tdatp)
     clock-to-q 延迟 = 347 
        总的单元延迟 = 1445 
        总的连线延迟 = 0 
        逻辑级数     = 8 

[数据捕获路径]
==========================================================================================================================
|                  节点                   |     单元     | 延迟 |     类型      | 位置 |           连线           | 扇出 |
==========================================================================================================================
| CLOCK'cm3inst/seg_inst/clk_DRV_reg/Q    |     N/A      |    0 |               |      | N/A                      |      |
| cm3inst/seg_inst/clk_DRV_reg/Q          | xsDFFSA_K1C1 |    0 | clock_latency |      | cm3inst/seg_inst/clk_DRV | 31   |
| cm3inst/seg_inst/HC595_CLK_CNT_reg[7]/C | xsDFFSA_K1C1 |    0 |      net      |      | cm3inst/seg_inst/clk_DRV |      |
==========================================================================================================================

时钟路径延迟         = 0         
    时钟偏差         = 0 (Tcksw)

[延迟计算]
======================================================================
总延迟 = Tdatap     + Tsu        - Tckpm      - Tcksw
       = 1792       + -23        - 0          - 0          
       = 1769
======================================================================
Tdatp -- 数据路径延迟 
Tsu   -- 库单元建立时间 
Tckpm -- 时钟悲观补偿 


# ***********************************************************************
# 时钟         : PLL_25to200_1/PLLInst_0/CLKOS
# 最小时钟周期 : 1769 ps
# ***********************************************************************

********************
* 路径 1
********************
起点     : cm3inst/seg_inst/clk_1M_cnt_reg[1]/Q [激发时钟: PLL_25to200_1/PLLInst_0/CLKOS, 上升沿1]
终点     : cm3inst/seg_inst/clk_1M_cnt_reg[7]/D [捕获时钟: PLL_25to200_1/PLLInst_0/CLKOS, 上升沿2] 

数据产生路径
==================================================================================================================================
|                   节点                   |     单元     | 延迟 |      类型      | 位置 |              连线              | 扇出 |
==================================================================================================================================
| CLOCK'clk_25M                            |     N/A      |    0 |                |      | N/A                            |      |
| clk_25M                                  |     top      |    0 | clock_latency  |      | clk_25M                        | 1    |
| clk_25M_pad/I                            |    xsIOBI    |    0 |      net       |      | clk_25M                        |      |
| clk_25M_pad/O                            |    xsIOBI    |  990 |      cell      |      | clk_25M_c                      | 29   |
| PLL_25to200_1/PLLInst_0/CLKI             |   xsPLLSA    |    0 |      net       |      | clk_25M_c                      |      |
| --                                       |      --      |   -- |       --       | --   | --                             | --   |
| CLOCK'PLL_25to200_1/PLLInst_0/CLKOS      |     N/A      |    0 | tcst_gen_clock |      | N/A                            |      |
| PLL_25to200_1/PLLInst_0/CLKOS            |   xsPLLSA    |  990 | clock_latency  |      | clk_100M                       | 178  |
| cm3inst/seg_inst/clk_1M_cnt_reg[1]/C     | xsDFFSA_K1C1 |    0 |      net       |      | clk_100M                       |      |
| --                                       |      --      |   -- |       --       | --   | --                             | --   |
| cm3inst/seg_inst/clk_1M_cnt_reg[1]/Q     | xsDFFSA_K1C1 |  347 |  rising_edge   |      | cm3inst/seg_inst/clk_1M_cnt[1] | 10   |
| cm3inst/seg_inst/_i_50/bitAdd_1/muxcy/S  |   xsMUXCY    |    0 |      net       |      | cm3inst/seg_inst/clk_1M_cnt[1] |      |
| cm3inst/seg_inst/_i_50/bitAdd_1/muxcy/O  |   xsMUXCY    |  261 |      cell      |      | cm3inst/seg_inst/_i_50/_n_1    | 2    |
| cm3inst/seg_inst/_i_50/bitAdd_2/muxcy/CI |   xsMUXCY    |    0 |      net       |      | cm3inst/seg_inst/_i_50/_n_1    |      |
| cm3inst/seg_inst/_i_50/bitAdd_2/muxcy/O  |   xsMUXCY    |  168 |      cell      |      | cm3inst/seg_inst/_i_50/_n_3    | 2    |
| cm3inst/seg_inst/_i_50/bitAdd_3/muxcy/CI |   xsMUXCY    |    0 |      net       |      | cm3inst/seg_inst/_i_50/_n_3    |      |
| cm3inst/seg_inst/_i_50/bitAdd_3/muxcy/O  |   xsMUXCY    |  168 |      cell      |      | cm3inst/seg_inst/_i_50/_n_5    | 2    |
| cm3inst/seg_inst/_i_50/bitAdd_4/muxcy/CI |   xsMUXCY    |    0 |      net       |      | cm3inst/seg_inst/_i_50/_n_5    |      |
| cm3inst/seg_inst/_i_50/bitAdd_4/muxcy/O  |   xsMUXCY    |  168 |      cell      |      | cm3inst/seg_inst/_i_50/_n_7    | 2    |
| cm3inst/seg_inst/_i_50/bitAdd_5/muxcy/CI |   xsMUXCY    |    0 |      net       |      | cm3inst/seg_inst/_i_50/_n_7    |      |
| cm3inst/seg_inst/_i_50/bitAdd_5/muxcy/O  |   xsMUXCY    |  168 |      cell      |      | cm3inst/seg_inst/_i_50/_n_9    | 2    |
| cm3inst/seg_inst/_i_50/bitAdd_6/muxcy/CI |   xsMUXCY    |    0 |      net       |      | cm3inst/seg_inst/_i_50/_n_9    |      |
| cm3inst/seg_inst/_i_50/bitAdd_6/muxcy/O  |   xsMUXCY    |  168 |      cell      |      | cm3inst/seg_inst/_i_50/_n_11   | 1    |
| cm3inst/seg_inst/_i_50/bitAdd_7/xorcy/CI |   xsXORCY    |    0 |      net       |      | cm3inst/seg_inst/_i_50/_n_11   |      |
| cm3inst/seg_inst/_i_50/bitAdd_7/xorcy/O  |   xsXORCY    |  263 |      cell      |      | cm3inst/seg_inst/n_462[7]      | 1    |
| cm3inst/seg_inst/_i_130/I0               |   xsLUTSA6   |    0 |      net       |      | cm3inst/seg_inst/n_462[7]      |      |
| cm3inst/seg_inst/_i_130/O                |   xsLUTSA6   |   81 |      cell      |      | cm3inst/seg_inst/n_450         | 1    |
| cm3inst/seg_inst/clk_1M_cnt_reg[7]/D     | xsDFFSA_K1C1 |    0 |      net       |      | cm3inst/seg_inst/n_450         |      |
==================================================================================================================================
时钟路径延迟         = 990       
数据路径延迟         = 1792       (Tdatp)
     clock-to-q 延迟 = 347 
        总的单元延迟 = 1445 
        总的连线延迟 = 0 
        逻辑级数     = 8 

[数据捕获路径]
=========================================================================================================
|                 节点                 |     单元     | 延迟 |      类型      | 位置 |   连线    | 扇出 |
=========================================================================================================
| CLOCK'clk_25M                        |     N/A      |    0 |                |      | N/A       |      |
| clk_25M                              |     top      |    0 | clock_latency  |      | clk_25M   | 1    |
| clk_25M_pad/I                        |    xsIOBI    |    0 |      net       |      | clk_25M   |      |
| clk_25M_pad/O                        |    xsIOBI    |  990 |      cell      |      | clk_25M_c | 29   |
| PLL_25to200_1/PLLInst_0/CLKI         |   xsPLLSA    |    0 |      net       |      | clk_25M_c |      |
| --                                   |      --      |   -- |       --       | --   | --        | --   |
| CLOCK'PLL_25to200_1/PLLInst_0/CLKOS  |     N/A      |    0 | tcst_gen_clock |      | N/A       |      |
| PLL_25to200_1/PLLInst_0/CLKOS        |   xsPLLSA    |  990 | clock_latency  |      | clk_100M  | 178  |
| cm3inst/seg_inst/clk_1M_cnt_reg[7]/C | xsDFFSA_K1C1 |    0 |      net       |      | clk_100M  |      |
=========================================================================================================

时钟路径延迟         = 990       
    时钟偏差         = 0 (Tcksw)

[延迟计算]
======================================================================
总延迟 = Tdatap     + Tsu        - Tckpm      - Tcksw
       = 1792       + -23        - 0          - 0          
       = 1769
======================================================================
Tdatp -- 数据路径延迟 
Tsu   -- 库单元建立时间 
Tckpm -- 时钟悲观补偿 


#########################################################################
# 时钟频率总结
#########################################################################
最慢时钟     : clk_25M
最小时钟周期 : 4457 ps
最大时钟频率 : 224.4 MHz
#########################################################################
clk_25M                        : 224.4 Mhz
cm3inst/seg_inst/clk_DRV_reg/Q : 565.3 Mhz
PLL_25to200_1/PLLInst_0/CLKOS  : 565.3 Mhz


Info: 检查时序约束 ....
Info: 已完成.
Info: 检查物理约束 ....
Info: 已完成.
Info: 网表整理(nl.sweep) 开始 ....
Info: 共有 0 个节点被 nl.sweep 删除.
Info: 网表整理(nl.sweep) 结束.

WARN(NCHK-CLK001): 连线 cm3inst/seg_inst/clk_DRV 混合了时钟和数据连接.
-- 非时钟引脚 --
   cm3inst/seg_inst/clk_DRV_reg_ctrlmux.I0
[说明]上述情况通常源自生成时钟，例如通过计数进行分频的逻辑。
如果确实是这种情况而且是必须的(例如不能用PLL/DCM分频替代)，
请别忘为相关连线显式地指定时钟约束。否则，这种时钟和数据混
合的描述方式是不推荐使用的，请复查并修改。

#=============oOOOo================oOOOo=============
# 组装(Packing)
#====================================================
Info: 开始组装(packing).
Info: 将 cm3inst/ahb_sram1/read_buffer_1_reg[7] 吸收到 IREG.
Info: 将 cm3inst/ahb_sram1/read_buffer_1_reg[6] 吸收到 IREG.
Info: 将 cm3inst/ahb_sram1/read_buffer_1_reg[5] 吸收到 IREG.
Info: 将 cm3inst/ahb_sram1/read_buffer_1_reg[4] 吸收到 IREG.
Info: 将 cm3inst/ahb_sram1/read_buffer_1_reg[3] 吸收到 IREG.
Info: 将 cm3inst/ahb_sram1/read_buffer_1_reg[2] 吸收到 IREG.
Info: 将 cm3inst/ahb_sram1/read_buffer_1_reg[1] 吸收到 IREG.
Info: 将 cm3inst/ahb_sram1/read_buffer_1_reg[0] 吸收到 IREG.
Info: 将 cm3inst/ahb_sram1/read_buffer_0_reg[7] 吸收到 IREG.
Info: 将 cm3inst/ahb_sram1/read_buffer_0_reg[6] 吸收到 IREG.
Info: 将 cm3inst/ahb_sram1/read_buffer_0_reg[5] 吸收到 IREG.
Info: 将 cm3inst/ahb_sram1/read_buffer_0_reg[4] 吸收到 IREG.
Info: 将 cm3inst/ahb_sram1/read_buffer_0_reg[3] 吸收到 IREG.
Info: 将 cm3inst/ahb_sram1/read_buffer_0_reg[2] 吸收到 IREG.
Info: 将 cm3inst/ahb_sram1/read_buffer_0_reg[1] 吸收到 IREG.
Info: 将 cm3inst/ahb_sram1/read_buffer_0_reg[0] 吸收到 IREG.
Info: 将 cm3inst/ahb_sram1/reg_addr_high_reg[17] 吸收到 OREG.
Info: 将 cm3inst/ahb_sram1/reg_addr_high_reg[16] 吸收到 OREG.
Info: 将 cm3inst/ahb_sram1/reg_addr_high_reg[15] 吸收到 OREG.
Info: 将 cm3inst/ahb_sram1/reg_addr_high_reg[14] 吸收到 OREG.
Info: 将 cm3inst/ahb_sram1/reg_addr_high_reg[13] 吸收到 OREG.
Info: 将 cm3inst/ahb_sram1/reg_addr_high_reg[12] 吸收到 OREG.
Info: 将 cm3inst/ahb_sram1/reg_addr_high_reg[11] 吸收到 OREG.
Info: 将 cm3inst/ahb_sram1/reg_addr_high_reg[10] 吸收到 OREG.
Info: 将 cm3inst/ahb_sram1/reg_addr_high_reg[9] 吸收到 OREG.
Info: 将 cm3inst/ahb_sram1/reg_addr_high_reg[8] 吸收到 OREG.
Info: 将 cm3inst/ahb_sram1/reg_addr_high_reg[7] 吸收到 OREG.
Info: 将 cm3inst/ahb_sram1/reg_addr_high_reg[6] 吸收到 OREG.
Info: 将 cm3inst/ahb_sram1/reg_addr_high_reg[5] 吸收到 OREG.
Info: 将 cm3inst/ahb_sram1/reg_addr_high_reg[4] 吸收到 OREG.
Info: 将 cm3inst/ahb_sram1/reg_addr_high_reg[3] 吸收到 OREG.
Info: 将 cm3inst/ahb_sram1/reg_addr_high_reg[2] 吸收到 OREG.
Info: 将 cm3inst/ahb_sram1/reg_addr_high_reg[1] 吸收到 OREG.
Info: 将 cm3inst/ahb_sram1/reg_addr_high_reg[0] 吸收到 OREG.
Info: 将 cm3inst/ahb_sram1/reg_addr_low_reg[1]_dup1 吸收到 OREG.
Info: 将 cm3inst/ahb_sram1/reg_we_n_reg 吸收到 OREG.
Info: 将 cm3inst/ahb_sram1/reg_oe_n_reg 吸收到 OREG.
Info: 将 cm3inst/ahb_sram1/reg_ce_n_reg 吸收到 OREG.
Info: 将 cm3inst/ahb_sram1/reg_bs_n_reg[0] 吸收到 OREG.
Info: 将 cm3inst/ahb_sram1/reg_bs_n_reg[1] 吸收到 OREG.
Info: 将 led_wf1/led_sig_reg[3]_dup1 吸收到 OREG.
Info: 将 led_wf1/led_sig_reg[2]_dup1 吸收到 OREG.
Info: 将 led_wf1/led_sig_reg[1]_dup1 吸收到 OREG.
Info: 将 led_wf1/led_sig_reg[0]_dup1 吸收到 OREG.
Info: 将 cm3inst/seg_inst/SH_CLK_reg 吸收到 OREG.
Info: 将 cm3inst/seg_inst/LD_CLK_reg 吸收到 OREG.
Info: 将 cm3inst/seg_inst/HC_DAT_reg_dup1 吸收到 OREG.
Info: 将 led_wf1/led_sig_reg[0]_dup2 吸收到 OREG.
Info: 开始组装预处理.
Info: 完成组装预处理.
Info: CM3                         1.
Info: IOLOGIC                    48.
Info:     IREG_OREG              48.
Info: PIO                        68.
Info: PLL_25K                     1.
Info: SLICEL                     48.
Info:     CARRY                  11.
Info:     MUXF7                  37.
Info: SLICEL(LE)                263.
Info:     LUT                    79.
Info:     LUT REG               100.
Info:     REG                    84.
Info: 完成组装.

Info: Start gpack.
Info: Done gpack.
Info: 开始建立物理网表.
Info:   为 68   个 PIO        建立了物理网表 .
Info:   为 48   个 IOLOGIC    建立了物理网表 .
Info:   为 1    个 PLL_25K    建立了物理网表 .
Info:   为 1    个 CM3        建立了物理网表 .
Info:   为 111  个 SLICEL     建立了物理网表 .
Info: 完成建立物理网表.
Info: CM3                         1.
Info: IOLOGIC                    48.
Info:     IREG_OREG              48.
Info: PIO                        68.
Info: PLL_25K                     1.
Info: SLICEL                    111.
Info:     CARRY                  11.
Info:     LOGIC                  63.
Info:     MUXF7                  37.
####
Info: 组装执行时间 : 5 秒.
Info: 输出网表报告到文件D:\fpga\ac208\workspace\fpga\led\hq_run\top_map.rpt中.
Info: 检查时序约束 ....
Info: 已完成.

#=============oOOOo================oOOOo=============
# 布局(Placement)
#====================================================
Info: 开始布局(placement).
Info: 布局模式: 时序优化.
Info: 时序优化强度: 标准.
Info: CE/SR NET max fanout = 2000.
Info: Best achievable WNS = 8001.5
[V]PL-STAT-SLICE:  2.17476 = 111 / 5104
Info: 设置延迟系数: 1.33333.
[V]: Identify CE/SR net...
Info: 元件实例 SRAM_DQ[15] 已固定于 P9.
Info: 元件实例 SRAM_DQ[14] 已固定于 R9.
Info: 元件实例 SRAM_DQ[13] 已固定于 P8.
Info: 元件实例 SRAM_DQ[12] 已固定于 R8.
Info: 元件实例 SRAM_DQ[11] 已固定于 P7.
Info: 元件实例 SRAM_DQ[10] 已固定于 R7.
Info: 元件实例 SRAM_DQ[9] 已固定于 P6.
Info: 元件实例 SRAM_DQ[8] 已固定于 P5.
Info: 元件实例 SRAM_DQ[7] 已固定于 N6.
Info: 元件实例 SRAM_DQ[6] 已固定于 L7.
Info: 元件实例 SRAM_DQ[5] 已固定于 N7.
Info: 元件实例 SRAM_DQ[4] 已固定于 N8.
Info: 元件实例 SRAM_DQ[3] 已固定于 L9.
Info: 元件实例 SRAM_DQ[2] 已固定于 L10.
Info: 元件实例 SRAM_DQ[1] 已固定于 M10.
Info: 元件实例 SRAM_DQ[0] 已固定于 M11.
Info: 元件实例 swddio 已固定于 C1.
Info: 元件实例 clk_25M 已固定于 H13.
Info: 元件实例 swdclk 已固定于 H1.
Info: 元件实例 key_pin[2] 已固定于 F5.
Info: 元件实例 key_pin[1] 已固定于 E5.
Info: 元件实例 key_pin[0] 已固定于 D5.
Info: 元件实例 uart_DAP_rx 已固定于 C5.
Info: 元件实例 led_core 已固定于 B6.
Info: 元件实例 SRAM_ADDR[18] 已固定于 R5.
Info: 元件实例 SRAM_ADDR[17] 已固定于 P15.
Info: 元件实例 SRAM_ADDR[16] 已固定于 R15.
Info: 元件实例 SRAM_ADDR[15] 已固定于 P14.
Info: 元件实例 SRAM_ADDR[14] 已固定于 P4.
Info: 元件实例 SRAM_ADDR[13] 已固定于 R4.
Info: 元件实例 SRAM_ADDR[12] 已固定于 P3.
Info: 元件实例 SRAM_ADDR[11] 已固定于 R3.
Info: 元件实例 SRAM_ADDR[10] 已固定于 R2.
Info: 元件实例 SRAM_ADDR[9] 已固定于 M3.
Info: 元件实例 SRAM_ADDR[8] 已固定于 N3.
Info: 元件实例 SRAM_ADDR[7] 已固定于 L5.
Info: 元件实例 SRAM_ADDR[6] 已固定于 M4.
Info: 元件实例 SRAM_ADDR[5] 已固定于 N5.
Info: 元件实例 SRAM_ADDR[4] 已固定于 M12.
Info: 元件实例 SRAM_ADDR[3] 已固定于 N14.
Info: 元件实例 SRAM_ADDR[2] 已固定于 N15.
Info: 元件实例 SRAM_ADDR[1] 已固定于 M13.
Info: 元件实例 SRAM_ADDR[0] 已固定于 L11.
Info: 元件实例 SRAM_nWE 已固定于 L6.
Info: 元件实例 SRAM_nOE 已固定于 R14.
Info: 元件实例 SRAM_nCE 已固定于 N12.
Info: 元件实例 SRAM_nLB 已固定于 R13.
Info: 元件实例 SRAM_nUB 已固定于 P13.
Info: 元件实例 flash_sclk 已固定于 A1.
Info: 元件实例 flash_cs 已固定于 A8.
Info: 元件实例 flash_mosi 已固定于 G2.
Info: 元件实例 led_pin[3] 已固定于 E14.
Info: 元件实例 led_pin[2] 已固定于 F14.
Info: 元件实例 led_pin[1] 已固定于 G15.
Info: 元件实例 led_pin[0] 已固定于 D15.
Info: 元件实例 beep_pin 已固定于 E13.
Info: 元件实例 uart_DAP_tx 已固定于 C12.
Info: 元件实例 uart_ch340_tx 已固定于 E12.
Info: 元件实例 sd_sclk 已固定于 E11.
Info: 元件实例 sd_cs 已固定于 D11.
Info: 元件实例 sd_mosi 已固定于 D12.
Info: 元件实例 w5500_sclk 已固定于 L15.
Info: 元件实例 w5500_cs 已固定于 K9.
Info: 元件实例 w5500_mosi 已固定于 M15.
Info: 元件实例 seg7_SH_CP 已固定于 E4.
Info: 元件实例 seg7_ST_CP 已固定于 G6.
Info: 元件实例 seg7_DS 已固定于 H2.
Info: 元件实例 osc_c6_pin 已固定于 C6.
----
Info: 布局第1阶段(总共3阶段) (签名=255,60,1).
----
Info: 进度   3%, WNS = -11718.
Info: 进度   7%, WNS =  -7517.
Info: 进度  10%, WNS =  -7025.
Info: 进度  13%, WNS =  -1958.
Info: 进度  17%, WNS =   -477.
Info: 进度  20%, WNS =    668.
Info: 进度  23%, WNS =   -652.
Info: 进度  27%, WNS =   -852.
Info: 进度  30%, WNS =   -478.
Info: 进度  33%, WNS =   -332.
Info: 进度  37%, WNS =    335.
Info: 进度  40%, WNS =   -612.
Info: 进度  43%, WNS =   -412.
Info: 进度  47%, WNS =    -92.
Info: 进度  50%, WNS =   -398.
Info: 进度  53%, WNS =   -638.
Info: 进度  57%, WNS =   -305.
Info: 进度  60%, WNS =   -425.
Info: 进度  63%, WNS =   -505.
Info: 进度  67%, WNS =  -1451.
Info: 进度  70%, WNS =   -132.
Info: 进度  73%, WNS =    615.
Info: 进度  77%, WNS =    308.
Info: 进度  80%, WNS =    175.
Info: 进度  83%, WNS =   -225.
Info: 进度  87%, WNS =    642.
Info: 进度  90%, WNS =    562.
Info: 进度  93%, WNS =    188.
Info: 进度  97%, WNS =      2.
Info: 进度  99%, WNS =   -425.
Info: 进度 100%, WNS =    562.
----
Info: 布局第2阶段(总共3阶段) (签名=0,10,1).
----
Info: 进度  10%, WNS =    255.
Info: 进度  30%, WNS =    415.
Info: 进度  50%, WNS =    562.
Info: 进度  60%, WNS =    988.
Info: 进度  70%, WNS =    988.
Info: 进度  90%, WNS =    988.
Info: 进度 100%, WNS =    988.
----
Info: 布局第3阶段(总共3阶段) (签名=0,10,1).
----
Info: 进度   0%, WNS =    988.
Info: 进度  10%, WNS =    988.
Info: 进度  30%, WNS =    815.
Info: 进度  40%, WNS =   1348.
Info: 进度  50%, WNS =   1348.
Info: 进度  70%, WNS =   1348.
Info: 进度  90%, WNS =   1348.
Info: 进度 100%, WNS =   1348.
----
Info: 布局结果最终WNS = 3011.
----
Info: 完成布局.

Info: 开始网表校正.
Info: 完成网表校正.
####
Info: 布局执行时间 : 1 秒.
####
Info: 输出网表报告到文件D:\fpga\ac208\workspace\fpga\led\hq_run\top_place.rpt中.
Info: 检查时序约束 ....
Info: 已完成.

#=============oOOOo================oOOOo=============
# 布线(Routing)
#====================================================
Info: 布线模式 : timing.
Info: 优化强度 : std.
Info: 读入布线资源并检查网表 ....
Info: 当前网表中有 231 个元件例示(instance).
Info: 总共需要对 543 条连线 (1812 连接点) 进行布线.
Info: 连线 clk_100M 指定为 PCLK (由 placer).
Info: 连线 cm3inst/seg_inst/clk_DRV 指定为 PCLK (由 placer).
Info: 连线 clk_25M_c 指定为 PCLK (由 placer).
Info: 开始布线(routing).

Info: set customeized options 

| X1/X2 | X2H | X12D | X4/X6 |  XL |  LH |  LV | LVB | BNC | GFAN | X120 | X0-X0 | X1-X2 | X4-X6 
|   5   |   5 |   5  |   2   |   3 |   6 |   6 |   6 |   6 |   6  |  50  |   3   |   4   |   7   

| MALL | MLONG | MX0  | X12RAM | X46RAM | X12VIQ | X46VIQ | X12CLKV | PLO | CLO | X-LOCAL | CLKV+ | GFANn | GNDfo | GNDlut 
|   1  |   1   |   1  |    2   |    2   |    3   |    2   |     5   |  10 |   5 |    0    |   1   |   2   |    0  |    0   

Info: 第  0 轮 : 还需要对 403   条连线 (1139  连接点)进行布线.
Info: 第  1 轮 : 还需要对 18    条连线 (14    连接点)进行布线.
Info: 第  2 轮 : 还需要对 7     条连线 (5     连接点)进行布线.
Info: 第  3 轮 : 还需要对 0     条连线 (0     连接点)进行布线.

Info: 完成布线.

Info: 开始更新物理网表.
Info:   为 84   个 SLICEL     建立了物理网表 .
Info:   为 53   个 TIEOFF     建立了物理网表 .
Info: 完成更新物理网表.
####
Info: 布线执行时间 : 2 秒.
####
 
Info: 生成最差时序余量(WNS)报告 ...
=============================================
Clock Name   Req Period  Setup WNS   Hold WNS
---------------------------------------------
clk1              40000      34815        375
clk3              10000       2220        320
=============================================
【汇总】
Info(wns-ok): Setup WNS = 2220, 满足时序目标.
Info(wns-ok): Hold  WNS = 320, 满足时序目标.
====
Info: 完成WNS报告.
Info:   (可在文件 "D:/fpga/ac208/workspace/fpga/led/hq_run/top_slack.rpt" 中检查更详细信息).
====
Info: 输出网表报告到文件D:\fpga\ac208\workspace\fpga\led\hq_run\top_route.rpt中.

#########################################################################
#
# 最大时钟频率(FMAX)报告
#
#########################################################################
#
# 注意: FMAX 的计算仅针对在同一时钟域内的寄存器到寄存器路径，
# 多周期路径、跨时钟域路径(包括主时钟及其生成时钟之间的路径)都将
# 被忽略。对于一个时钟及其反向时钟之间的路径， FMAX的计算通过按
# 频宽比(duty cycle)等比例扩展路径延迟得到。例如，假设有一
# 条路径的起点由时钟上升沿驱动而终点由同一时钟的下降沿驱动，
# 如果该时钟的频宽比为50，则计算FMAX时，路径延迟将乘以2(即
# 除以50%)。
#


# ***********************************************************************
# 时钟         : clk1
# 最小时钟周期 : 5185.5 ps
# ***********************************************************************

********************
* 路径 1
********************
起点     : led_wf1/cnt[15]/DQ  [激发时钟: clk1, 上升沿1]
终点     : osc_c6_pin_MGIOL/CE [捕获时钟: clk1, 上升沿2] 

数据产生路径
===============================================================================================================
|            节点             |  单元   |  延迟  |     类型      |   位置   |           连线           | 扇出 |
===============================================================================================================
| CLOCK'clk1                  |   N/A   |      0 |               |          | N/A                      |      |
| clk_25M                     |   top   |      0 | clock_latency |          | clk_25M                  | 1    |
| clk_25M/PAD#bidir_in        |   PIO   |      0 |      net      | PT79A    | clk_25M                  | 1    |
| clk_25M/PADDI               |   PIO   |   1091 |   PADI_DEL    |          | clk_25M_c                | 12   |
| led_wf1/cnt[15]/CLK         | SLICEL  | 1735.4 |      net      | R25C79L  | clk_25M_c                |      |
| --                          |   --    |     -- |      --       | --       | --                       | --   |
| led_wf1/cnt[15]/DQ          | SLICEL  |   30.5 |     Tcko      |          | led_wf1/cnt[10]          | 2    |
| led_wf1/cnt[8]/C1           | SLICEL  |    689 |      net      | R24C79L  | led_wf1/cnt[10]          |      |
| led_wf1/cnt[8]/C            | SLICEL  |   75.1 |     Tilo      |          | led_wf1/_i_2/_i_0_rkd_14 | 1    |
| led_wf1/cnt[8]/D3           | SLICEL  |  423.1 |      net      | R24C79L  | led_wf1/_i_2/_i_0_rkd_14 |      |
| led_wf1/cnt[8]/D            | SLICEL  |   75.1 |     Tilo      |          | led_wf1/_i_2/_i_0_rkd_19 | 1    |
| led_wf1/_i_2/_i_0_rkd_12/B1 | SLICEL  |  486.7 |      net      | R25C80L  | led_wf1/_i_2/_i_0_rkd_19 |      |
| led_wf1/_i_2/_i_0_rkd_12/B  | SLICEL  |   75.1 |     Tilo      |          | _n_1424                  | 1    |
| led_wf1/_i_2/_i_0_rkd_12/D6 | SLICEL  |  176.4 |      net      | R25C80L  | _n_1424                  |      |
| led_wf1/_i_2/_i_0_rkd_12/D  | SLICEL  |   75.1 |     Tilo      |          | _n_1423                  | 21   |
| osc_c6_pin_MGIOL/CE         | IOLOGIC | 2995.4 |      net      | IOL_T43C | _n_1423                  |      |
===============================================================================================================
时钟路径延迟         = 2826.4    
数据路径延迟         = 5101.5     (Tdatp)
     clock-to-q 延迟 = 30.5 
        总的单元延迟 = 300.4 
        总的连线延迟 = 4770.6 
        逻辑级数     = 4 

[数据捕获路径]
=========================================================================================
|         节点         |  单元   |  延迟  |     类型      |   位置   |   连线    | 扇出 |
=========================================================================================
| CLOCK'clk1           |   N/A   |      0 |               |          | N/A       |      |
| clk_25M              |   top   |      0 | clock_latency |          | clk_25M   | 1    |
| clk_25M/PAD#bidir_in |   PIO   |      0 |      net      | PT79A    | clk_25M   | 1    |
| clk_25M/PADDI        |   PIO   |   1091 |   PADI_DEL    |          | clk_25M_c | 12   |
| osc_c6_pin_MGIOL/CLK | IOLOGIC | 1672.4 |      net      | IOL_T43C | clk_25M_c |      |
=========================================================================================

时钟路径延迟         = 2763.4    
    时钟偏差         = -63 (Tcksw)

[延迟计算]
======================================================================
总延迟 = Tdatap     + Tsu        - Tckpm      - Tcksw
       = 5101.5     + 21         - 0          - -63        
       = 5185.5
======================================================================
Tdatp -- 数据路径延迟 
Tsu   -- 库单元建立时间 
Tckpm -- 时钟悲观补偿 


# ***********************************************************************
# 时钟         : clk3
# 最小时钟周期 : 7780.3 ps
# ***********************************************************************

********************
* 路径 1
********************
起点     : cm3inst/inst/TARGEXP0HTRANS1 [激发时钟: clk3, 上升沿1]
终点     : SRAM_nLB_MGIOL/TXDATA0       [捕获时钟: clk3, 上升沿2] 

数据产生路径
==================================================================================================================================================
|                 节点                  |  单元   |  延迟  |         类型          |   位置   |                   连线                    | 扇出 |
==================================================================================================================================================
| CLOCK'clk3                            |   N/A   |      0 |                       |          | N/A                                       |      |
| PLL_25to200_1/PLLInst_0/CLKOS         | PLL_25K |      0 |     clock_latency     |          | clk_100M                                  | 95   |
| cm3inst/inst/CIBCLK                   |   CM3   | 1096.4 |          net          | CM3      | clk_100M                                  |      |
| --                                    |   --    |     -- |          --           | --       | --                                        | --   |
| cm3inst/inst/TARGEXP0HTRANS1          |   CM3   |   1321 | Tcq_TARGEXP0HTRANS[1] |          | cm3inst/TARGEXP0HTRANS[1]                 | 2    |
| cm3inst/TARGEXP0HREADYOUT/C5          | SLICEL  | 2838.8 |          net          | R30C62M  | cm3inst/TARGEXP0HTRANS[1]                 |      |
| cm3inst/TARGEXP0HREADYOUT/C           | SLICEL  |   75.1 |         Tilo          |          | cm3inst/ahb_sram1/n_250_CE_AND_O_CE_AND_O | 26   |
| cm3inst/ahb_sram1/reg_rd_req/B3       | SLICEL  |  465.4 |          net          | R30C62L  | cm3inst/ahb_sram1/n_250_CE_AND_O_CE_AND_O |      |
| cm3inst/ahb_sram1/reg_rd_req/B        | SLICEL  |   75.1 |         Tilo          |          | cm3inst/ahb_sram1/WRREQ                   | 6    |
| cm3inst/ahb_sram1/n_123/C6            | SLICEL  |  452.8 |          net          | R30C63L  | cm3inst/ahb_sram1/WRREQ                   |      |
| cm3inst/ahb_sram1/n_123/C             | SLICEL  |   75.1 |         Tilo          |          | cm3inst/ahb_sram1/_i_182_decomp           | 1    |
| cm3inst/ahb_sram1/n_123/D4            | SLICEL  |  209.9 |          net          | R30C63L  | cm3inst/ahb_sram1/_i_182_decomp           |      |
| cm3inst/ahb_sram1/n_123/D             | SLICEL  |   75.1 |         Tilo          |          | cm3inst/ahb_sram1/nxt_ce_n                | 3    |
| cm3inst/ahb_sram1/reg_byte_mask[1]/D3 | SLICEL  |  260.1 |          net          | R30C63M  | cm3inst/ahb_sram1/nxt_ce_n                |      |
| cm3inst/ahb_sram1/reg_byte_mask[1]/D  | SLICEL  |   75.1 |         Tilo          |          | cm3inst/ahb_sram1/nxt_bs_n[0]             | 1    |
| SRAM_nLB_MGIOL/TXDATA0                | IOLOGIC | 1533.8 |          net          | IOL_B82C | cm3inst/ahb_sram1/nxt_bs_n[0]             |      |
==================================================================================================================================================
时钟路径延迟         = 1096.4    
数据路径延迟         = 7457.3     (Tdatp)
     clock-to-q 延迟 = 1321 
        总的单元延迟 = 375.5 
        总的连线延迟 = 5760.8 
        逻辑级数     = 5 

[数据捕获路径]
=================================================================================================
|             节点              |  单元   |  延迟  |     类型      |   位置   |   连线   | 扇出 |
=================================================================================================
| CLOCK'clk3                    |   N/A   |      0 |               |          | N/A      |      |
| PLL_25to200_1/PLLInst_0/CLKOS | PLL_25K |      0 | clock_latency |          | clk_100M | 95   |
| SRAM_nLB_MGIOL/CLK            | IOLOGIC | 1057.4 |      net      | IOL_B82C | clk_100M |      |
=================================================================================================

时钟路径延迟         = 1057.4    
    时钟偏差         = -39 (Tcksw)

[延迟计算]
======================================================================
总延迟 = Tdatap     + Tsu        - Tckpm      - Tcksw
       = 7457.3     + 284        - 0          - -39        
       = 7780.3
======================================================================
Tdatp -- 数据路径延迟 
Tsu   -- 库单元建立时间 
Tckpm -- 时钟悲观补偿 


#########################################################################
# 时钟频率总结
#########################################################################
最慢时钟     : clk3
最小时钟周期 : 7780.3 ps
最大时钟频率 : 128.5 MHz
#########################################################################
clk1 : 192.8 Mhz
clk3 : 128.5 Mhz



#=============oOOOo================oOOOo=============
# 位流生成
#====================================================
Info: 载入器件信息 ....
Info: 载入设计 ....
Info: 输出位流文件 top.bit ....
Info: 完成.
####
Info: 位流生成执行时间 : 1 秒.
####
Info: 启动比特流下载器 ....
D:/fpga/ac208/hq_xist_2.14.4_021824_win64/build/hqdnload/hqdnload.exe -f top.bit -family seal30k -lang chs
----
