Info: 检查物理约束 ....
Info: 已完成.
Info: 网表整理(nl.sweep) 开始 ....
Info: 共有 0 个节点被 nl.sweep 删除.
Info: 网表整理(nl.sweep) 结束.
#=============oOOOo================oOOOo=============
# 组装(Packing)
#====================================================
Info: 开始组装(packing).
Info: 开始组装预处理.
Info: 完成组装预处理.
Info: CM3                         1.
Info: PIO                        50.
Info: 完成组装.
Info: Start gpack.
Info: Done gpack.
Info: 开始建立物理网表.
Info:   为 50   个 PIO        建立了物理网表 .
Info:   为 1    个 CM3        建立了物理网表 .
Info: 完成建立物理网表.
Info: CM3                         1.
Info: PIO                        50.
####
Info: 组装执行时间 : 4 秒.
Info: 输出网表报告到文件D:\fpga\ac208\workspace\fpga\led\hq_run\_map.rpt中.
#=============oOOOo================oOOOo=============
# 布局(Placement)
#====================================================
Info: 开始布局(placement).
Info: 布局模式: 无时序约束.
Info: CE/SR NET max fanout = 2000.
Info: Best achievable WNS = 10000
[V]PL-STAT-SLICE:  0 = 0 / 5104
Info: 设置延迟系数: 1.33333.
[V]: Identify CE/SR net...
Info: 元件实例 swddio 已固定于 C1.
Info: 元件实例 clk_25M 已固定于 H13.
Info: 元件实例 swdclk 已固定于 H1.
Info: 元件实例 key_pin[0] 已固定于 D5.
Info: 元件实例 uart_DAP_rx 已固定于 C5.
Info: 元件实例 led_core 已固定于 B6.
Info: 元件实例 SRAM_ADDR[18] 已固定于 R5.
Info: 元件实例 SRAM_ADDR[17] 已固定于 P15.
Info: 元件实例 SRAM_ADDR[16] 已固定于 R15.
Info: 元件实例 SRAM_ADDR[15] 已固定于 P14.
Info: 元件实例 SRAM_ADDR[14] 已固定于 P4.
Info: 元件实例 SRAM_ADDR[13] 已固定于 R4.
Info: 元件实例 SRAM_ADDR[12] 已固定于 P3.
Info: 元件实例 SRAM_ADDR[11] 已固定于 R3.
Info: 元件实例 SRAM_ADDR[10] 已固定于 R2.
Info: 元件实例 SRAM_ADDR[9] 已固定于 M3.
Info: 元件实例 SRAM_ADDR[8] 已固定于 N3.
Info: 元件实例 SRAM_ADDR[7] 已固定于 L5.
Info: 元件实例 SRAM_ADDR[6] 已固定于 M4.
Info: 元件实例 SRAM_ADDR[5] 已固定于 N5.
Info: 元件实例 SRAM_ADDR[4] 已固定于 M12.
Info: 元件实例 SRAM_ADDR[3] 已固定于 N14.
Info: 元件实例 SRAM_ADDR[2] 已固定于 N15.
Info: 元件实例 SRAM_ADDR[1] 已固定于 M13.
Info: 元件实例 SRAM_ADDR[0] 已固定于 L11.
Info: 元件实例 SRAM_nWE 已固定于 L6.
Info: 元件实例 SRAM_nOE 已固定于 R14.
Info: 元件实例 SRAM_nCE 已固定于 N12.
Info: 元件实例 SRAM_nLB 已固定于 R13.
Info: 元件实例 SRAM_nUB 已固定于 P13.
Info: 元件实例 flash_sclk 已固定于 A1.
Info: 元件实例 flash_cs 已固定于 A8.
Info: 元件实例 flash_mosi 已固定于 G2.
Info: 元件实例 led_pin[3] 已固定于 E14.
Info: 元件实例 led_pin[2] 已固定于 F14.
Info: 元件实例 led_pin[1] 已固定于 G15.
Info: 元件实例 led_pin[0] 已固定于 D15.
Info: 元件实例 beep_pin 已固定于 E13.
Info: 元件实例 uart_DAP_tx 已固定于 C12.
Info: 元件实例 uart_ch340_tx 已固定于 E12.
Info: 元件实例 sd_sclk 已固定于 E11.
Info: 元件实例 sd_cs 已固定于 D11.
Info: 元件实例 sd_mosi 已固定于 D12.
Info: 元件实例 w5500_sclk 已固定于 L15.
Info: 元件实例 w5500_cs 已固定于 K9.
Info: 元件实例 w5500_mosi 已固定于 M15.
Info: 元件实例 seg7_SH_CP 已固定于 E4.
Info: 元件实例 seg7_ST_CP 已固定于 G6.
Info: 元件实例 seg7_DS 已固定于 H2.
Info: 元件实例 osc_c6_pin 已固定于 C6.
Info: 完成布局.
Info: 开始网表校正.
Info: 完成网表校正.
####
Info: 布局执行时间 : 0 秒.
####
Info: 输出网表报告到文件D:\fpga\ac208\workspace\fpga\led\hq_run\ratio.rpt_chs中.
Info: 输出网表报告到文件D:\fpga\ac208\workspace\fpga\led\hq_run\_place.rpt_chs中.
