
######################oOOOo###########oOOOo##########################
#  HqFpga(TM) Release V2.14.4 (Winter 2023) Build 021824
#  [网表报告]
#####################################################################
日期 : Sun Feb 25 16:20:39 2024

Library U_ARCH
+-----------+------+
| Cell 名称 | 数量 |
+-----------+------+
| PIO       |   67 |
| IOLOGIC   |   45 |
| PLL_25K   |    1 |
| CM3       |    1 |
| SLICEL    |   25 |
+-----------+------+
| Sum       |  139 |
+-----------+------+

Library work
+-----------+------+
| Cell 名称 | 数量 |
+-----------+------+
| top       |    1 |
+-----------+------+
| Sum       |    1 |
+-----------+------+

######################oOOOo###########oOOOo##########################
#  HqFpga(TM) Release V2.14.4 (Winter 2023) Build 021824
#  [资源位置分配报告]
#####################################################################
日期 : Sun Feb 25 16:20:39 2024
器件 : SA5Z-30-D1-8U213C

** Bank Voltage Available **
+------+-------+
| Bank | VCCIO |
+------+-------+
| 0    |  2.5  |
| 1    |  3.3  |
| 2    |  3.3  |
| 3    |  3.3  |
| 5    |  2.5  |
+------+-------+
** IO端口位置 **
+---------------+--------+------------+------------+------+-------+-------+----------+----------+
| 端口名        |  方向  |    位置    |   IO标准   | Bank | VCCIO | DRIVE | SLEWRATE | PULLMODE |
+---------------+--------+------------+------------+------+-------+-------+----------+----------+
| clk_27M       | INPUT  | -NOT USED- | -NOT USED- |      |       |       |          |          |
| clk_25M       | INPUT  |    H13     |  LVCMOS33  |  2   |  3.3  |       |          |   DOWN   |
| clk_p3        | INPUT  | -NOT USED- | -NOT USED- |      |       |       |          |          |
| clk_p4        | INPUT  | -NOT USED- | -NOT USED- |      |       |       |          |          |
| clk_p5        | INPUT  | -NOT USED- | -NOT USED- |      |       |       |          |          |
| flash_miso    | INPUT  | -NOT USED- | -NOT USED- |      |       |       |          |          |
| swdclk        | INPUT  |     H1     |  LVCMOS33  |  1   |  3.3  |       |          |   DOWN   |
| key_pin[2]    | INPUT  | -NOT USED- | -NOT USED- |      |       |       |          |          |
| key_pin[1]    | INPUT  |     E5     |  LVCMOS33  |  1   |  3.3  |       |          |   DOWN   |
| key_pin[0]    | INPUT  |     D5     |  LVCMOS33  |  1   |  3.3  |       |          |   DOWN   |
| uart_DAP_rx   | INPUT  |     C5     |  LVCMOS33  |  1   |  3.3  |       |          |    UP    |
| uart_ch340_rx | INPUT  | -NOT USED- | -NOT USED- |      |       |       |          |          |
| sd_miso       | INPUT  | -NOT USED- | -NOT USED- |      |       |       |          |          |
| w5500_rstn    | INPUT  | -NOT USED- | -NOT USED- |      |       |       |          |          |
| w5500_intn    | INPUT  | -NOT USED- | -NOT USED- |      |       |       |          |          |
| w5500_miso    | INPUT  | -NOT USED- | -NOT USED- |      |       |       |          |          |
| led_core      | OUTPUT |     B6     |  LVCMOS33  |  1   |  3.3  |   8   |   SLOW   |          |
| pll_i2c_scl   | OUTPUT | -NOT USED- | -NOT USED- |      |       |       |          |          |
| SRAM_ADDR[18] | OUTPUT |     R5     |  LVCMOS33  |  3   |  3.3  |   8   |   SLOW   |          |
| SRAM_ADDR[17] | OUTPUT |    P15     |  LVCMOS33  |  3   |  3.3  |   8   |   SLOW   |          |
| SRAM_ADDR[16] | OUTPUT |    R15     |  LVCMOS33  |  3   |  3.3  |   8   |   SLOW   |          |
| SRAM_ADDR[15] | OUTPUT |    P14     |  LVCMOS33  |  3   |  3.3  |   8   |   SLOW   |          |
| SRAM_ADDR[14] | OUTPUT |     P4     |  LVCMOS33  |  3   |  3.3  |   8   |   SLOW   |          |
| SRAM_ADDR[13] | OUTPUT |     R4     |  LVCMOS33  |  3   |  3.3  |   8   |   SLOW   |          |
| SRAM_ADDR[12] | OUTPUT |     P3     |  LVCMOS33  |  3   |  3.3  |   8   |   SLOW   |          |
| SRAM_ADDR[11] | OUTPUT |     R3     |  LVCMOS33  |  3   |  3.3  |   8   |   SLOW   |          |
| SRAM_ADDR[10] | OUTPUT |     R2     |  LVCMOS33  |  3   |  3.3  |   8   |   SLOW   |          |
| SRAM_ADDR[9]  | OUTPUT |     M3     |  LVCMOS33  |  3   |  3.3  |   8   |   SLOW   |          |
| SRAM_ADDR[8]  | OUTPUT |     N3     |  LVCMOS33  |  3   |  3.3  |   8   |   SLOW   |          |
| SRAM_ADDR[7]  | OUTPUT |     L5     |  LVCMOS33  |  3   |  3.3  |   8   |   SLOW   |          |
| SRAM_ADDR[6]  | OUTPUT |     M4     |  LVCMOS33  |  3   |  3.3  |   8   |   SLOW   |          |
| SRAM_ADDR[5]  | OUTPUT |     N5     |  LVCMOS33  |  3   |  3.3  |   8   |   SLOW   |          |
| SRAM_ADDR[4]  | OUTPUT |    M12     |  LVCMOS33  |  3   |  3.3  |   8   |   SLOW   |          |
| SRAM_ADDR[3]  | OUTPUT |    N14     |  LVCMOS33  |  3   |  3.3  |   8   |   SLOW   |          |
| SRAM_ADDR[2]  | OUTPUT |    N15     |  LVCMOS33  |  3   |  3.3  |   8   |   SLOW   |          |
| SRAM_ADDR[1]  | OUTPUT |    M13     |  LVCMOS33  |  3   |  3.3  |   8   |   SLOW   |          |
| SRAM_ADDR[0]  | OUTPUT |    L11     |  LVCMOS33  |  3   |  3.3  |   8   |   SLOW   |          |
| SRAM_nWE      | OUTPUT |     L6     |  LVCMOS33  |  3   |  3.3  |   8   |   SLOW   |          |
| SRAM_nOE      | OUTPUT |    R14     |  LVCMOS33  |  3   |  3.3  |   8   |   SLOW   |          |
| SRAM_nCE      | OUTPUT |    N12     |  LVCMOS33  |  3   |  3.3  |   8   |   SLOW   |          |
| SRAM_nLB      | OUTPUT |    R13     |  LVCMOS33  |  3   |  3.3  |   8   |   SLOW   |          |
| SRAM_nUB      | OUTPUT |    P13     |  LVCMOS33  |  3   |  3.3  |   8   |   SLOW   |          |
| flash_sclk    | OUTPUT |     A1     |  LVCMOS33  |  1   |  3.3  |   8   |   SLOW   |          |
| flash_cs      | OUTPUT |     A8     |  LVCMOS33  |  1   |  3.3  |   8   |   SLOW   |          |
| flash_mosi    | OUTPUT |     G2     |  LVCMOS33  |  1   |  3.3  |   8   |   SLOW   |          |
| led_pin[3]    | OUTPUT |    E14     |  LVCMOS33  |  2   |  3.3  |   8   |   SLOW   |          |
| led_pin[2]    | OUTPUT |    F14     |  LVCMOS33  |  2   |  3.3  |   8   |   SLOW   |          |
| led_pin[1]    | OUTPUT |    G15     |  LVCMOS33  |  2   |  3.3  |   8   |   SLOW   |          |
| led_pin[0]    | OUTPUT |    D15     |  LVCMOS33  |  2   |  3.3  |   8   |   SLOW   |          |
| beep_pin      | OUTPUT |    E13     |  LVCMOS33  |  2   |  3.3  |   8   |   SLOW   |          |
| uart_DAP_tx   | OUTPUT |    C12     |  LVCMOS33  |  2   |  3.3  |   8   |   SLOW   |    UP    |
| uart_ch340_tx | OUTPUT |    E12     |  LVCMOS33  |  2   |  3.3  |   8   |   SLOW   |    UP    |
| sd_sclk       | OUTPUT |    E11     |  LVCMOS33  |  2   |  3.3  |   8   |   SLOW   |          |
| sd_cs         | OUTPUT |    D11     |  LVCMOS33  |  2   |  3.3  |   8   |   SLOW   |          |
| sd_mosi       | OUTPUT |    D12     |  LVCMOS33  |  2   |  3.3  |   8   |   SLOW   |          |
| w5500_sclk    | OUTPUT |    L15     |  LVCMOS33  |  3   |  3.3  |   8   |   SLOW   |          |
| w5500_cs      | OUTPUT |     K9     |  LVCMOS33  |  3   |  3.3  |   8   |   SLOW   |          |
| w5500_mosi    | OUTPUT |    M15     |  LVCMOS33  |  3   |  3.3  |   8   |   SLOW   |          |
| seg7_SH_CP    | OUTPUT |     E4     |  LVCMOS33  |  1   |  3.3  |   8   |   SLOW   |          |
| seg7_ST_CP    | OUTPUT |     G6     |  LVCMOS33  |  1   |  3.3  |   8   |   SLOW   |          |
| seg7_DS       | OUTPUT |     H2     |  LVCMOS33  |  1   |  3.3  |   8   |   SLOW   |          |
| i2c_scl       | OUTPUT | -NOT USED- | -NOT USED- |      |       |       |          |          |
| osc_c6_pin    | OUTPUT |     C6     |  LVCMOS33  |  1   |  3.3  |   8   |   SLOW   |          |
| pll_i2c_sda   | INOUT  | -NOT USED- | -NOT USED- |      |       |       |          |          |
| SRAM_DQ[15]   | INOUT  |     P9     |  LVCMOS33  |  3   |  3.3  |   8   |   SLOW   |   DOWN   |
| SRAM_DQ[14]   | INOUT  |     R9     |  LVCMOS33  |  3   |  3.3  |   8   |   SLOW   |   DOWN   |
| SRAM_DQ[13]   | INOUT  |     P8     |  LVCMOS33  |  3   |  3.3  |   8   |   SLOW   |   DOWN   |
| SRAM_DQ[12]   | INOUT  |     R8     |  LVCMOS33  |  3   |  3.3  |   8   |   SLOW   |   DOWN   |
| SRAM_DQ[11]   | INOUT  |     P7     |  LVCMOS33  |  3   |  3.3  |   8   |   SLOW   |   DOWN   |
| SRAM_DQ[10]   | INOUT  |     R7     |  LVCMOS33  |  3   |  3.3  |   8   |   SLOW   |   DOWN   |
| SRAM_DQ[9]    | INOUT  |     P6     |  LVCMOS33  |  3   |  3.3  |   8   |   SLOW   |   DOWN   |
| SRAM_DQ[8]    | INOUT  |     P5     |  LVCMOS33  |  3   |  3.3  |   8   |   SLOW   |   DOWN   |
| SRAM_DQ[7]    | INOUT  |     N6     |  LVCMOS33  |  3   |  3.3  |   8   |   SLOW   |   DOWN   |
| SRAM_DQ[6]    | INOUT  |     L7     |  LVCMOS33  |  3   |  3.3  |   8   |   SLOW   |   DOWN   |
| SRAM_DQ[5]    | INOUT  |     N7     |  LVCMOS33  |  3   |  3.3  |   8   |   SLOW   |   DOWN   |
| SRAM_DQ[4]    | INOUT  |     N8     |  LVCMOS33  |  3   |  3.3  |   8   |   SLOW   |   DOWN   |
| SRAM_DQ[3]    | INOUT  |     L9     |  LVCMOS33  |  3   |  3.3  |   8   |   SLOW   |   DOWN   |
| SRAM_DQ[2]    | INOUT  |    L10     |  LVCMOS33  |  3   |  3.3  |   8   |   SLOW   |   DOWN   |
| SRAM_DQ[1]    | INOUT  |    M10     |  LVCMOS33  |  3   |  3.3  |   8   |   SLOW   |   DOWN   |
| SRAM_DQ[0]    | INOUT  |    M11     |  LVCMOS33  |  3   |  3.3  |   8   |   SLOW   |   DOWN   |
| swddio        | INOUT  |     C1     |  LVCMOS33  |  1   |  3.3  |   8   |   SLOW   |   DOWN   |
| i2c_sda       | INOUT  | -NOT USED- | -NOT USED- |      |       |       |          |          |
+---------------+--------+------------+------------+------+-------+-------+----------+----------+
** 单元位置 **
+------------------------------------+----------+----------+
| 元件                               | 元件类型 |   位置   |
+------------------------------------+----------+----------+
| SRAM_DQ[15]_MGIOL                  | IOLOGIC  | IOL_B70C |
| SRAM_DQ[14]_MGIOL                  | IOLOGIC  | IOL_B70D |
| SRAM_DQ[13]_MGIOL                  | IOLOGIC  | IOL_B67C |
| SRAM_DQ[12]_MGIOL                  | IOLOGIC  | IOL_B67D |
| SRAM_DQ[11]_MGIOL                  | IOLOGIC  | IOL_B64C |
| SRAM_DQ[10]_MGIOL                  | IOLOGIC  | IOL_B64D |
| SRAM_DQ[9]_MGIOL                   | IOLOGIC  | IOL_B61C |
| SRAM_DQ[8]_MGIOL                   | IOLOGIC  | IOL_B58C |
| SRAM_DQ[7]_MGIOL                   | IOLOGIC  | IOL_B64A |
| SRAM_DQ[6]_MGIOL                   | IOLOGIC  | IOL_B54A |
| SRAM_DQ[5]_MGIOL                   | IOLOGIC  | IOL_B67A |
| SRAM_DQ[4]_MGIOL                   | IOLOGIC  | IOL_B67B |
| SRAM_DQ[3]_MGIOL                   | IOLOGIC  | IOL_B70A |
| SRAM_DQ[2]_MGIOL                   | IOLOGIC  | IOL_B70B |
| SRAM_DQ[1]_MGIOL                   | IOLOGIC  | IOL_B79A |
| SRAM_DQ[0]_MGIOL                   | IOLOGIC  | IOL_B79B |
| SRAM_ADDR[18]_MGIOL                | IOLOGIC  | IOL_B61D |
| SRAM_ADDR[17]_MGIOL                | IOLOGIC  | IOL_B92D |
| SRAM_ADDR[16]_MGIOL                | IOLOGIC  | IOL_B89D |
| SRAM_ADDR[15]_MGIOL                | IOLOGIC  | IOL_B82D |
| SRAM_ADDR[14]_MGIOL                | IOLOGIC  | IOL_B54C |
| SRAM_ADDR[13]_MGIOL                | IOLOGIC  | IOL_B58D |
| SRAM_ADDR[12]_MGIOL                | IOLOGIC  | IOL_B51C |
| SRAM_ADDR[11]_MGIOL                | IOLOGIC  | IOL_B54D |
| SRAM_ADDR[10]_MGIOL                | IOLOGIC  | IOL_B51D |
| SRAM_ADDR[9]_MGIOL                 | IOLOGIC  | IOL_B58A |
| SRAM_ADDR[8]_MGIOL                 | IOLOGIC  | IOL_B61B |
| SRAM_ADDR[7]_MGIOL                 | IOLOGIC  | IOL_B61A |
| SRAM_ADDR[6]_MGIOL                 | IOLOGIC  | IOL_B58B |
| SRAM_ADDR[5]_MGIOL                 | IOLOGIC  | IOL_B64B |
| SRAM_ADDR[4]_MGIOL                 | IOLOGIC  | IOL_B92A |
| SRAM_ADDR[3]_MGIOL                 | IOLOGIC  | IOL_B92C |
| SRAM_ADDR[2]_MGIOL                 | IOLOGIC  | IOL_B95D |
| SRAM_ADDR[1]_MGIOL                 | IOLOGIC  | IOL_B92B |
| SRAM_ADDR[0]_MGIOL                 | IOLOGIC  | IOL_B85C |
| SRAM_nWE_MGIOL                     | IOLOGIC  | IOL_B54B |
| SRAM_nOE_MGIOL                     | IOLOGIC  | IOL_B89C |
| SRAM_nCE_MGIOL                     | IOLOGIC  | IOL_B79C |
| SRAM_nLB_MGIOL                     | IOLOGIC  | IOL_B82C |
| SRAM_nUB_MGIOL                     | IOLOGIC  | IOL_B79D |
| led_pin[3]_MGIOL                   | IOLOGIC  | IOL_T92D |
| led_pin[2]_MGIOL                   | IOLOGIC  | IOL_T92A |
| led_pin[1]_MGIOL                   | IOLOGIC  | IOL_T92B |
| led_pin[0]_MGIOL                   | IOLOGIC  | IOL_T95D |
| osc_c6_pin_MGIOL                   | IOLOGIC  | IOL_T43C |
| PLL_25to200_1/PLLInst_0            | PLL_25K  |  LPLL1   |
| cm3inst/inst                       |   CM3    |   CM3    |
| led_wf1/n_35[1]                    |  SLICEL  |  R6C98M  |
| led_wf1/n_35[5]                    |  SLICEL  |  R6C99M  |
| led_wf1/n_35[9]                    |  SLICEL  | R6C100M  |
| led_wf1/n_35[13]                   |  SLICEL  | R6C101M  |
| led_wf1/n_35[17]                   |  SLICEL  | R6C102M  |
| led_wf1/n_35[21]                   |  SLICEL  | R6C103M  |
| cm3inst/ahb_sram1/n_162            |  SLICEL  | R30C51M  |
| cm3inst/ahb_sram1/n_198            |  SLICEL  | R30C54M  |
| cm3inst/ahb_sram1/nxt_oe_n         |  SLICEL  | R30C55M  |
| cm3inst/ahb_sram1/DATAOEn          |  SLICEL  | R30C54L  |
| cm3inst/ahb_sram1/reg_byte_mask[0] |  SLICEL  | R30C51L  |
| cm3inst/ahb_sram1/reg_rd_req       |  SLICEL  | R30C53L  |
| cm3inst/ahb_sram1/DATAOUT[10]      |  SLICEL  | R24C15L  |
| cm3inst/ahb_sram1/DATAOUT[0]       |  SLICEL  | R24C15M  |
| led_wf1/cnt[7]                     |  SLICEL  |  R6C98L  |
| led_wf1/cnt[8]                     |  SLICEL  | R6C100L  |
| led_wf1/cnt[18]                    |  SLICEL  | R6C101L  |
| led_wf1/_i_2/_i_0_rkd_12           |  SLICEL  |  R6C99L  |
| cm3inst/ahb_sram1/n_97             |  SLICEL  | R29C54L  |
| cm3inst/ahb_sram1/n_119            |  SLICEL  | R30C53M  |
| cm3inst/TARGEXP0HRDATA[1]          |  SLICEL  | R30C49L  |
| cm3inst/TARGEXP0HRDATA[9]          |  SLICEL  | R30C49M  |
| cm3inst/ahb_sram1/n_53             |  SLICEL  | R30C55L  |
| led_wf1/n_3                        |  SLICEL  | R6C102L  |
| led_pin[3]_c                       |  SLICEL  |  R6C97M  |
+------------------------------------+----------+----------+
